[ 2016-04-15T11:42:27+08:00 ] ::1 /sc/
INFO: [ app_init ] --START--
INFO: Run Behavior\BuildLiteBehavior [ RunTime:0.000414s ]
INFO: [ app_init ] --END-- [ RunTime:0.024284s ]
INFO: [ app_begin ] --START--
INFO: Run Behavior\ReadHtmlCacheBehavior [ RunTime:0.015453s ]
INFO: [ app_begin ] --END-- [ RunTime:0.015620s ]
INFO: [ view_parse ] --START--
INFO: Run Behavior\ParseTemplateBehavior [ RunTime:0.038945s ]
INFO: [ view_parse ] --END-- [ RunTime:0.039105s ]
INFO: [ view_filter ] --START--
INFO: Run Behavior\WriteHtmlCacheBehavior [ RunTime:0.070354s ]
INFO: [ view_filter ] --END-- [ RunTime:0.070513s ]
INFO: [ app_end ] --START--
INFO: Run Behavior\ShowPageTraceBehavior [ RunTime:0.002977s ]
INFO: [ app_end ] --END-- [ RunTime:0.003190s ]

[ 2016-04-15T11:44:07+08:00 ] ::1 /sc/
INFO: [ app_init ] --START--
INFO: Run Behavior\BuildLiteBehavior [ RunTime:0.000052s ]
INFO: [ app_init ] --END-- [ RunTime:0.001069s ]
INFO: [ app_begin ] --START--
INFO: Run Behavior\ReadHtmlCacheBehavior [ RunTime:0.025454s ]
INFO: [ app_begin ] --END-- [ RunTime:0.025678s ]
INFO: [ view_parse ] --START--
INFO: Run Behavior\ParseTemplateBehavior [ RunTime:0.040024s ]
INFO: [ view_parse ] --END-- [ RunTime:0.040218s ]
INFO: [ view_filter ] --START--
INFO: Run Behavior\WriteHtmlCacheBehavior [ RunTime:0.057682s ]
INFO: [ view_filter ] --END-- [ RunTime:0.057851s ]
INFO: [ app_end ] --START--
INFO: Run Behavior\ShowPageTraceBehavior [ RunTime:0.047845s ]
INFO: [ app_end ] --END-- [ RunTime:0.047981s ]

