[ 2016-05-27T08:17:59+08:00 ] ::1 /smart_community/wap.php/UPLOAD/index
INFO: [ app_init ] --START--
INFO: Run Behavior\BuildLiteBehavior [ RunTime:0.000048s ]
INFO: [ app_init ] --END-- [ RunTime:0.061425s ]
INFO: [ app_begin ] --START--
INFO: Run Behavior\ReadHtmlCacheBehavior [ RunTime:0.024448s ]
INFO: [ app_begin ] --END-- [ RunTime:0.024703s ]
INFO: [ view_parse ] --START--
INFO: [ template_filter ] --START--
INFO: Run Behavior\ContentReplaceBehavior [ RunTime:0.000114s ]
INFO: [ template_filter ] --END-- [ RunTime:0.000238s ]
INFO: Run Behavior\ParseTemplateBehavior [ RunTime:0.164452s ]
INFO: [ view_parse ] --END-- [ RunTime:0.164610s ]
INFO: [ view_filter ] --START--
INFO: Run Behavior\WriteHtmlCacheBehavior [ RunTime:0.023189s ]
INFO: Run Behavior\TokenBuildBehavior [ RunTime:0.011026s ]
INFO: [ view_filter ] --END-- [ RunTime:0.034540s ]
INFO: [ app_end ] --START--
INFO: Run Behavior\ShowPageTraceBehavior [ RunTime:0.001176s ]
INFO: [ app_end ] --END-- [ RunTime:0.001333s ]

[ 2016-05-27T08:18:27+08:00 ] ::1 /smart_community/wap.php/Upload/aa.html
INFO: [ app_init ] --START--
INFO: Run Behavior\BuildLiteBehavior [ RunTime:0.000031s ]
INFO: [ app_init ] --END-- [ RunTime:0.000514s ]
INFO: [ app_begin ] --START--
INFO: Run Behavior\ReadHtmlCacheBehavior [ RunTime:0.000628s ]
INFO: [ app_begin ] --END-- [ RunTime:0.000821s ]
NOTIC: [2] call_user_func() expects parameter 1 to be a valid callback, no array or string given /wwwroot/Smart_Community/ThinkPHP/Library/Think/Upload.class.php 第 170 行.

[ 2016-05-27T08:19:13+08:00 ] ::1 /smart_community/wap.php/Upload/aa.html
INFO: [ app_init ] --START--
INFO: Run Behavior\BuildLiteBehavior [ RunTime:0.000041s ]
INFO: [ app_init ] --END-- [ RunTime:0.000617s ]
INFO: [ app_begin ] --START--
INFO: Run Behavior\ReadHtmlCacheBehavior [ RunTime:0.000445s ]
INFO: [ app_begin ] --END-- [ RunTime:0.000539s ]
NOTIC: [2] call_user_func() expects parameter 1 to be a valid callback, no array or string given /wwwroot/Smart_Community/ThinkPHP/Library/Think/Upload.class.php 第 170 行.

[ 2016-05-27T08:20:40+08:00 ] ::1 /smart_community/wap.php/UPLOAD/index
INFO: [ app_init ] --START--
INFO: Run Behavior\BuildLiteBehavior [ RunTime:0.000026s ]
INFO: [ app_init ] --END-- [ RunTime:0.000366s ]
INFO: [ app_begin ] --START--
INFO: Run Behavior\ReadHtmlCacheBehavior [ RunTime:0.000323s ]
INFO: [ app_begin ] --END-- [ RunTime:0.000412s ]
INFO: [ view_parse ] --START--
INFO: [ template_filter ] --START--
INFO: Run Behavior\ContentReplaceBehavior [ RunTime:0.000086s ]
INFO: [ template_filter ] --END-- [ RunTime:0.000179s ]
INFO: Run Behavior\ParseTemplateBehavior [ RunTime:0.020791s ]
INFO: [ view_parse ] --END-- [ RunTime:0.020895s ]
INFO: [ view_filter ] --START--
INFO: Run Behavior\WriteHtmlCacheBehavior [ RunTime:0.000152s ]
INFO: Run Behavior\TokenBuildBehavior [ RunTime:0.000215s ]
INFO: [ view_filter ] --END-- [ RunTime:0.000499s ]
INFO: [ app_end ] --START--
INFO: Run Behavior\ShowPageTraceBehavior [ RunTime:0.000344s ]
INFO: [ app_end ] --END-- [ RunTime:0.000425s ]

[ 2016-05-27T08:20:44+08:00 ] ::1 /smart_community/wap.php/Upload/aa.html
INFO: [ app_init ] --START--
INFO: Run Behavior\BuildLiteBehavior [ RunTime:0.000019s ]
INFO: [ app_init ] --END-- [ RunTime:0.000277s ]
INFO: [ app_begin ] --START--
INFO: Run Behavior\ReadHtmlCacheBehavior [ RunTime:0.000306s ]
INFO: [ app_begin ] --END-- [ RunTime:0.000395s ]
NOTIC: [2] call_user_func() expects parameter 1 to be a valid callback, no array or string given /wwwroot/Smart_Community/ThinkPHP/Library/Think/Upload.class.php 第 170 行.

[ 2016-05-27T08:21:05+08:00 ] ::1 /smart_community/wap.php/UPLOAD/%7B:U('Upload/del')%7D?src=%2Fsmart_community%2FUploads%2FRepair%2F2016-05-27%2F574792dc1a2e6.jpg
INFO: [ app_init ] --START--
INFO: Run Behavior\BuildLiteBehavior [ RunTime:0.000023s ]
INFO: [ app_init ] --END-- [ RunTime:0.000358s ]
INFO: [ app_begin ] --START--
INFO: Run Behavior\ReadHtmlCacheBehavior [ RunTime:0.000343s ]
INFO: [ app_begin ] --END-- [ RunTime:0.000421s ]
ERR: 非法操作:{:U('Upload

[ 2016-05-27T08:22:00+08:00 ] ::1 /smart_community/wap.php/Upload/aa.html
INFO: [ app_init ] --START--
INFO: Run Behavior\BuildLiteBehavior [ RunTime:0.000018s ]
INFO: [ app_init ] --END-- [ RunTime:0.000272s ]
INFO: [ app_begin ] --START--
INFO: Run Behavior\ReadHtmlCacheBehavior [ RunTime:0.000282s ]
INFO: [ app_begin ] --END-- [ RunTime:0.000361s ]
NOTIC: [2] call_user_func() expects parameter 1 to be a valid callback, no array or string given /wwwroot/Smart_Community/ThinkPHP/Library/Think/Upload.class.php 第 170 行.

[ 2016-05-27T08:22:08+08:00 ] ::1 /smart_community/wap.php/UPLOAD/%7B:U('Upload/del')%7D?src=%2Fsmart_community%2FUploads%2FRepair%2F2016-05-27%2F57479328ea02d.jpg
INFO: [ app_init ] --START--
INFO: Run Behavior\BuildLiteBehavior [ RunTime:0.000026s ]
INFO: [ app_init ] --END-- [ RunTime:0.000389s ]
INFO: [ app_begin ] --START--
INFO: Run Behavior\ReadHtmlCacheBehavior [ RunTime:0.000428s ]
INFO: [ app_begin ] --END-- [ RunTime:0.000514s ]
ERR: 非法操作:{:U('Upload

[ 2016-05-27T08:23:28+08:00 ] ::1 /smart_community/wap.php/Upload/aa.html
INFO: [ app_init ] --START--
INFO: Run Behavior\BuildLiteBehavior [ RunTime:0.000019s ]
INFO: [ app_init ] --END-- [ RunTime:0.000323s ]
INFO: [ app_begin ] --START--
INFO: Run Behavior\ReadHtmlCacheBehavior [ RunTime:0.000321s ]
INFO: [ app_begin ] --END-- [ RunTime:0.000401s ]
NOTIC: [2] call_user_func() expects parameter 1 to be a valid callback, no array or string given /wwwroot/Smart_Community/ThinkPHP/Library/Think/Upload.class.php 第 170 行.

[ 2016-05-27T08:23:37+08:00 ] ::1 /smart_community/wap.php/UPLOAD/%7B:U('Upload/del')%7D?src=%2Fsmart_community%2FUploads%2FRepair%2F2016-05-27%2F57479380d9a67.jpg
INFO: [ app_init ] --START--
INFO: Run Behavior\BuildLiteBehavior [ RunTime:0.000028s ]
INFO: [ app_init ] --END-- [ RunTime:0.000388s ]
INFO: [ app_begin ] --START--
INFO: Run Behavior\ReadHtmlCacheBehavior [ RunTime:0.000387s ]
INFO: [ app_begin ] --END-- [ RunTime:0.000476s ]
ERR: 非法操作:{:U('Upload

[ 2016-05-27T08:23:44+08:00 ] ::1 /smart_community/wap.php/UPLOAD/index
INFO: [ app_init ] --START--
INFO: Run Behavior\BuildLiteBehavior [ RunTime:0.000026s ]
INFO: [ app_init ] --END-- [ RunTime:0.000362s ]
INFO: [ app_begin ] --START--
INFO: Run Behavior\ReadHtmlCacheBehavior [ RunTime:0.000350s ]
INFO: [ app_begin ] --END-- [ RunTime:0.000439s ]
INFO: [ view_parse ] --START--
INFO: [ template_filter ] --START--
INFO: Run Behavior\ContentReplaceBehavior [ RunTime:0.000083s ]
INFO: [ template_filter ] --END-- [ RunTime:0.000167s ]
INFO: Run Behavior\ParseTemplateBehavior [ RunTime:0.005157s ]
INFO: [ view_parse ] --END-- [ RunTime:0.005236s ]
INFO: [ view_filter ] --START--
INFO: Run Behavior\WriteHtmlCacheBehavior [ RunTime:0.000135s ]
INFO: Run Behavior\TokenBuildBehavior [ RunTime:0.000201s ]
INFO: [ view_filter ] --END-- [ RunTime:0.000455s ]
INFO: [ app_end ] --START--
INFO: Run Behavior\ShowPageTraceBehavior [ RunTime:0.000394s ]
INFO: [ app_end ] --END-- [ RunTime:0.000468s ]

[ 2016-05-27T08:23:48+08:00 ] ::1 /smart_community/wap.php/Upload/aa.html
INFO: [ app_init ] --START--
INFO: Run Behavior\BuildLiteBehavior [ RunTime:0.000021s ]
INFO: [ app_init ] --END-- [ RunTime:0.000308s ]
INFO: [ app_begin ] --START--
INFO: Run Behavior\ReadHtmlCacheBehavior [ RunTime:0.000543s ]
INFO: [ app_begin ] --END-- [ RunTime:0.000699s ]
NOTIC: [2] call_user_func() expects parameter 1 to be a valid callback, no array or string given /wwwroot/Smart_Community/ThinkPHP/Library/Think/Upload.class.php 第 170 行.

[ 2016-05-27T08:23:52+08:00 ] ::1 /smart_community/wap.php/upload/del?src=%2Fsmart_community%2FUploads%2FRepair%2F2016-05-27%2F574793945513b.jpg
INFO: [ app_init ] --START--
INFO: Run Behavior\BuildLiteBehavior [ RunTime:0.000021s ]
INFO: [ app_init ] --END-- [ RunTime:0.000306s ]
INFO: [ app_begin ] --START--
INFO: Run Behavior\ReadHtmlCacheBehavior [ RunTime:0.000318s ]
INFO: [ app_begin ] --END-- [ RunTime:0.000390s ]
NOTIC: [2] unlink(/smart_community/Uploads/Repair/2016-05-27/574792818e3d8.jpg): No such file or directory /wwwroot/Smart_Community/Application/Wap/Controller/UploadController.class.php 第 97 行.
INFO: [ app_end ] --START--
INFO: Run Behavior\ShowPageTraceBehavior [ RunTime:0.000299s ]
INFO: [ app_end ] --END-- [ RunTime:0.000369s ]

[ 2016-05-27T08:24:03+08:00 ] ::1 /smart_community/wap.php/Upload/aa.html
INFO: [ app_init ] --START--
INFO: Run Behavior\BuildLiteBehavior [ RunTime:0.000019s ]
INFO: [ app_init ] --END-- [ RunTime:0.000269s ]
INFO: [ app_begin ] --START--
INFO: Run Behavior\ReadHtmlCacheBehavior [ RunTime:0.000274s ]
INFO: [ app_begin ] --END-- [ RunTime:0.000354s ]
NOTIC: [2] call_user_func() expects parameter 1 to be a valid callback, no array or string given /wwwroot/Smart_Community/ThinkPHP/Library/Think/Upload.class.php 第 170 行.

[ 2016-05-27T08:24:08+08:00 ] ::1 /smart_community/wap.php/upload/del?src=%2Fsmart_community%2FUploads%2FRepair%2F2016-05-27%2F574793a3b3dbf.jpg
INFO: [ app_init ] --START--
INFO: Run Behavior\BuildLiteBehavior [ RunTime:0.000025s ]
INFO: [ app_init ] --END-- [ RunTime:0.000450s ]
INFO: [ app_begin ] --START--
INFO: Run Behavior\ReadHtmlCacheBehavior [ RunTime:0.000360s ]
INFO: [ app_begin ] --END-- [ RunTime:0.000440s ]
NOTIC: [2] unlink(/smart_community/Uploads/Repair/2016-05-27/574792818e3d8.jpg): No such file or directory /wwwroot/Smart_Community/Application/Wap/Controller/UploadController.class.php 第 97 行.
INFO: [ app_end ] --START--
INFO: Run Behavior\ShowPageTraceBehavior [ RunTime:0.000390s ]
INFO: [ app_end ] --END-- [ RunTime:0.000475s ]

[ 2016-05-27T08:24:27+08:00 ] ::1 /smart_community/wap.php/Upload/aa.html
INFO: [ app_init ] --START--
INFO: Run Behavior\BuildLiteBehavior [ RunTime:0.000022s ]
INFO: [ app_init ] --END-- [ RunTime:0.000340s ]
INFO: [ app_begin ] --START--
INFO: Run Behavior\ReadHtmlCacheBehavior [ RunTime:0.000326s ]
INFO: [ app_begin ] --END-- [ RunTime:0.000410s ]
NOTIC: [2] call_user_func() expects parameter 1 to be a valid callback, no array or string given /wwwroot/Smart_Community/ThinkPHP/Library/Think/Upload.class.php 第 170 行.

[ 2016-05-27T08:24:39+08:00 ] ::1 /smart_community/wap.php/upload/del?src=%2Fsmart_community%2FUploads%2FRepair%2F2016-05-27%2F574793bbe5302.jpg
INFO: [ app_init ] --START--
INFO: Run Behavior\BuildLiteBehavior [ RunTime:0.000021s ]
INFO: [ app_init ] --END-- [ RunTime:0.000303s ]
INFO: [ app_begin ] --START--
INFO: Run Behavior\ReadHtmlCacheBehavior [ RunTime:0.000318s ]
INFO: [ app_begin ] --END-- [ RunTime:0.000392s ]
NOTIC: [2] unlink(/smart_community/Uploads/Repair/2016-05-27/574792818e3d8.jpg): No such file or directory /wwwroot/Smart_Community/Application/Wap/Controller/UploadController.class.php 第 97 行.
INFO: [ app_end ] --START--
INFO: Run Behavior\ShowPageTraceBehavior [ RunTime:0.000482s ]
INFO: [ app_end ] --END-- [ RunTime:0.000570s ]

[ 2016-05-27T08:25:19+08:00 ] ::1 /smart_community/wap.php/Upload/aa.html
INFO: [ app_init ] --START--
INFO: Run Behavior\BuildLiteBehavior [ RunTime:0.000022s ]
INFO: [ app_init ] --END-- [ RunTime:0.000314s ]
INFO: [ app_begin ] --START--
INFO: Run Behavior\ReadHtmlCacheBehavior [ RunTime:0.000315s ]
INFO: [ app_begin ] --END-- [ RunTime:0.000406s ]
NOTIC: [2] call_user_func() expects parameter 1 to be a valid callback, no array or string given /wwwroot/Smart_Community/ThinkPHP/Library/Think/Upload.class.php 第 170 行.

[ 2016-05-27T08:25:22+08:00 ] ::1 /smart_community/wap.php/upload/del?src=%2Fsmart_community%2FUploads%2FRepair%2F2016-05-27%2F574793ef31d52.jpg
INFO: [ app_init ] --START--
INFO: Run Behavior\BuildLiteBehavior [ RunTime:0.000022s ]
INFO: [ app_init ] --END-- [ RunTime:0.000310s ]
INFO: [ app_begin ] --START--
INFO: Run Behavior\ReadHtmlCacheBehavior [ RunTime:0.000352s ]
INFO: [ app_begin ] --END-- [ RunTime:0.000433s ]
NOTIC: [2] unlink(): http does not allow unlinking /wwwroot/Smart_Community/Application/Wap/Controller/UploadController.class.php 第 97 行.
INFO: [ app_end ] --START--
INFO: Run Behavior\ShowPageTraceBehavior [ RunTime:0.000478s ]
INFO: [ app_end ] --END-- [ RunTime:0.000590s ]

[ 2016-05-27T08:25:29+08:00 ] ::1 /smart_community/wap.php/Upload/aa.html
INFO: [ app_init ] --START--
INFO: Run Behavior\BuildLiteBehavior [ RunTime:0.000030s ]
INFO: [ app_init ] --END-- [ RunTime:0.000334s ]
INFO: [ app_begin ] --START--
INFO: Run Behavior\ReadHtmlCacheBehavior [ RunTime:0.000295s ]
INFO: [ app_begin ] --END-- [ RunTime:0.000375s ]
NOTIC: [2] call_user_func() expects parameter 1 to be a valid callback, no array or string given /wwwroot/Smart_Community/ThinkPHP/Library/Think/Upload.class.php 第 170 行.

[ 2016-05-27T08:25:31+08:00 ] ::1 /smart_community/wap.php/upload/del?src=%2Fsmart_community%2FUploads%2FRepair%2F2016-05-27%2F574793f9c2c42.jpg
INFO: [ app_init ] --START--
INFO: Run Behavior\BuildLiteBehavior [ RunTime:0.000021s ]
INFO: [ app_init ] --END-- [ RunTime:0.000326s ]
INFO: [ app_begin ] --START--
INFO: Run Behavior\ReadHtmlCacheBehavior [ RunTime:0.000349s ]
INFO: [ app_begin ] --END-- [ RunTime:0.000429s ]
NOTIC: [2] unlink(): http does not allow unlinking /wwwroot/Smart_Community/Application/Wap/Controller/UploadController.class.php 第 97 行.
INFO: [ app_end ] --START--
INFO: Run Behavior\ShowPageTraceBehavior [ RunTime:0.000350s ]
INFO: [ app_end ] --END-- [ RunTime:0.000433s ]

[ 2016-05-27T08:25:32+08:00 ] ::1 /smart_community/wap.php/UPLOAD/index
INFO: [ app_init ] --START--
INFO: Run Behavior\BuildLiteBehavior [ RunTime:0.000019s ]
INFO: [ app_init ] --END-- [ RunTime:0.000276s ]
INFO: [ app_begin ] --START--
INFO: Run Behavior\ReadHtmlCacheBehavior [ RunTime:0.000288s ]
INFO: [ app_begin ] --END-- [ RunTime:0.000366s ]
INFO: [ view_parse ] --START--
INFO: [ template_filter ] --START--
INFO: Run Behavior\ContentReplaceBehavior [ RunTime:0.000082s ]
INFO: [ template_filter ] --END-- [ RunTime:0.000184s ]
INFO: Run Behavior\ParseTemplateBehavior [ RunTime:0.075205s ]
INFO: [ view_parse ] --END-- [ RunTime:0.075331s ]
INFO: [ view_filter ] --START--
INFO: Run Behavior\WriteHtmlCacheBehavior [ RunTime:0.000222s ]
INFO: Run Behavior\TokenBuildBehavior [ RunTime:0.000286s ]
INFO: [ view_filter ] --END-- [ RunTime:0.000685s ]
INFO: [ app_end ] --START--
INFO: Run Behavior\ShowPageTraceBehavior [ RunTime:0.000455s ]
INFO: [ app_end ] --END-- [ RunTime:0.000566s ]

[ 2016-05-27T08:25:36+08:00 ] ::1 /smart_community/wap.php/Upload/aa.html
INFO: [ app_init ] --START--
INFO: Run Behavior\BuildLiteBehavior [ RunTime:0.000018s ]
INFO: [ app_init ] --END-- [ RunTime:0.000272s ]
INFO: [ app_begin ] --START--
INFO: Run Behavior\ReadHtmlCacheBehavior [ RunTime:0.000277s ]
INFO: [ app_begin ] --END-- [ RunTime:0.000355s ]
NOTIC: [2] call_user_func() expects parameter 1 to be a valid callback, no array or string given /wwwroot/Smart_Community/ThinkPHP/Library/Think/Upload.class.php 第 170 行.

[ 2016-05-27T08:25:39+08:00 ] ::1 /smart_community/wap.php/upload/del?src=%2Fsmart_community%2FUploads%2FRepair%2F2016-05-27%2F57479400788a0.jpg
INFO: [ app_init ] --START--
INFO: Run Behavior\BuildLiteBehavior [ RunTime:0.000023s ]
INFO: [ app_init ] --END-- [ RunTime:0.000309s ]
INFO: [ app_begin ] --START--
INFO: Run Behavior\ReadHtmlCacheBehavior [ RunTime:0.000351s ]
INFO: [ app_begin ] --END-- [ RunTime:0.000430s ]
NOTIC: [2] unlink(): http does not allow unlinking /wwwroot/Smart_Community/Application/Wap/Controller/UploadController.class.php 第 97 行.
INFO: [ app_end ] --START--
INFO: Run Behavior\ShowPageTraceBehavior [ RunTime:0.000355s ]
INFO: [ app_end ] --END-- [ RunTime:0.000436s ]

[ 2016-05-27T08:26:31+08:00 ] ::1 /smart_community/wap.php/UPLOAD/index
INFO: [ app_init ] --START--
INFO: Run Behavior\BuildLiteBehavior [ RunTime:0.000022s ]
INFO: [ app_init ] --END-- [ RunTime:0.000350s ]
INFO: [ app_begin ] --START--
INFO: Run Behavior\ReadHtmlCacheBehavior [ RunTime:0.000405s ]
INFO: [ app_begin ] --END-- [ RunTime:0.000516s ]
INFO: [ view_parse ] --START--
INFO: [ template_filter ] --START--
INFO: Run Behavior\ContentReplaceBehavior [ RunTime:0.000081s ]
INFO: [ template_filter ] --END-- [ RunTime:0.000181s ]
INFO: Run Behavior\ParseTemplateBehavior [ RunTime:0.020515s ]
INFO: [ view_parse ] --END-- [ RunTime:0.020659s ]
INFO: [ view_filter ] --START--
INFO: Run Behavior\WriteHtmlCacheBehavior [ RunTime:0.000305s ]
INFO: Run Behavior\TokenBuildBehavior [ RunTime:0.000337s ]
INFO: [ view_filter ] --END-- [ RunTime:0.000844s ]
INFO: [ app_end ] --START--
INFO: Run Behavior\ShowPageTraceBehavior [ RunTime:0.000456s ]
INFO: [ app_end ] --END-- [ RunTime:0.000565s ]

[ 2016-05-27T08:26:36+08:00 ] ::1 /smart_community/wap.php/Upload/aa.html
INFO: [ app_init ] --START--
INFO: Run Behavior\BuildLiteBehavior [ RunTime:0.000019s ]
INFO: [ app_init ] --END-- [ RunTime:0.000283s ]
INFO: [ app_begin ] --START--
INFO: Run Behavior\ReadHtmlCacheBehavior [ RunTime:0.000282s ]
INFO: [ app_begin ] --END-- [ RunTime:0.000386s ]
NOTIC: [2] call_user_func() expects parameter 1 to be a valid callback, no array or string given /wwwroot/Smart_Community/ThinkPHP/Library/Think/Upload.class.php 第 170 行.

[ 2016-05-27T08:26:40+08:00 ] ::1 /smart_community/wap.php/upload/del?src=%2Fsmart_community%2FUploads%2FRepair%2F2016-05-27%2F5747943c67494.jpg
INFO: [ app_init ] --START--
INFO: Run Behavior\BuildLiteBehavior [ RunTime:0.000023s ]
INFO: [ app_init ] --END-- [ RunTime:0.000322s ]
INFO: [ app_begin ] --START--
INFO: Run Behavior\ReadHtmlCacheBehavior [ RunTime:0.000342s ]
INFO: [ app_begin ] --END-- [ RunTime:0.000418s ]
NOTIC: [2] unlink(): http does not allow unlinking /wwwroot/Smart_Community/Application/Wap/Controller/UploadController.class.php 第 97 行.
INFO: [ app_end ] --START--
INFO: Run Behavior\ShowPageTraceBehavior [ RunTime:0.000384s ]
INFO: [ app_end ] --END-- [ RunTime:0.000468s ]

[ 2016-05-27T08:27:10+08:00 ] ::1 /smart_community/wap.php/Upload/aa.html
INFO: [ app_init ] --START--
INFO: Run Behavior\BuildLiteBehavior [ RunTime:0.000022s ]
INFO: [ app_init ] --END-- [ RunTime:0.000313s ]
INFO: [ app_begin ] --START--
INFO: Run Behavior\ReadHtmlCacheBehavior [ RunTime:0.000316s ]
INFO: [ app_begin ] --END-- [ RunTime:0.000402s ]

[ 2016-05-27T08:27:15+08:00 ] ::1 /smart_community/wap.php/Upload/aa.html
INFO: [ app_init ] --START--
INFO: Run Behavior\BuildLiteBehavior [ RunTime:0.000019s ]
INFO: [ app_init ] --END-- [ RunTime:0.000305s ]
INFO: [ app_begin ] --START--
INFO: Run Behavior\ReadHtmlCacheBehavior [ RunTime:0.000281s ]
INFO: [ app_begin ] --END-- [ RunTime:0.000359s ]
NOTIC: [2] call_user_func() expects parameter 1 to be a valid callback, no array or string given /wwwroot/Smart_Community/ThinkPHP/Library/Think/Upload.class.php 第 170 行.

[ 2016-05-27T08:27:17+08:00 ] ::1 /smart_community/wap.php/Upload/aa.html
INFO: [ app_init ] --START--
INFO: Run Behavior\BuildLiteBehavior [ RunTime:0.000021s ]
INFO: [ app_init ] --END-- [ RunTime:0.000307s ]
INFO: [ app_begin ] --START--
INFO: Run Behavior\ReadHtmlCacheBehavior [ RunTime:0.000325s ]
INFO: [ app_begin ] --END-- [ RunTime:0.000416s ]

[ 2016-05-27T08:27:23+08:00 ] ::1 /smart_community/wap.php/Upload/aa.html
INFO: [ app_init ] --START--
INFO: Run Behavior\BuildLiteBehavior [ RunTime:0.000019s ]
INFO: [ app_init ] --END-- [ RunTime:0.000271s ]
INFO: [ app_begin ] --START--
INFO: Run Behavior\ReadHtmlCacheBehavior [ RunTime:0.000276s ]
INFO: [ app_begin ] --END-- [ RunTime:0.000355s ]
NOTIC: [2] call_user_func() expects parameter 1 to be a valid callback, no array or string given /wwwroot/Smart_Community/ThinkPHP/Library/Think/Upload.class.php 第 170 行.

[ 2016-05-27T08:27:25+08:00 ] ::1 /smart_community/wap.php/Upload/aa.html
INFO: [ app_init ] --START--
INFO: Run Behavior\BuildLiteBehavior [ RunTime:0.000023s ]
INFO: [ app_init ] --END-- [ RunTime:0.000377s ]
INFO: [ app_begin ] --START--
INFO: Run Behavior\ReadHtmlCacheBehavior [ RunTime:0.000533s ]
INFO: [ app_begin ] --END-- [ RunTime:0.000651s ]

[ 2016-05-27T08:27:33+08:00 ] ::1 /smart_community/wap.php/Upload/aa.html
INFO: [ app_init ] --START--
INFO: Run Behavior\BuildLiteBehavior [ RunTime:0.000024s ]
INFO: [ app_init ] --END-- [ RunTime:0.000367s ]
INFO: [ app_begin ] --START--
INFO: Run Behavior\ReadHtmlCacheBehavior [ RunTime:0.000352s ]
INFO: [ app_begin ] --END-- [ RunTime:0.000452s ]
NOTIC: [2] call_user_func() expects parameter 1 to be a valid callback, no array or string given /wwwroot/Smart_Community/ThinkPHP/Library/Think/Upload.class.php 第 170 行.

[ 2016-05-27T08:27:36+08:00 ] ::1 /smart_community/wap.php/upload/del?src=%2Fsmart_community%2FUploads%2FRepair%2F2016-05-27%2F57479475936e1.jpg
INFO: [ app_init ] --START--
INFO: Run Behavior\BuildLiteBehavior [ RunTime:0.000023s ]
INFO: [ app_init ] --END-- [ RunTime:0.000335s ]
INFO: [ app_begin ] --START--
INFO: Run Behavior\ReadHtmlCacheBehavior [ RunTime:0.000389s ]
INFO: [ app_begin ] --END-- [ RunTime:0.000499s ]
NOTIC: [2] unlink(): http does not allow unlinking /wwwroot/Smart_Community/Application/Wap/Controller/UploadController.class.php 第 97 行.
INFO: [ app_end ] --START--
INFO: Run Behavior\ShowPageTraceBehavior [ RunTime:0.000357s ]
INFO: [ app_end ] --END-- [ RunTime:0.000443s ]

[ 2016-05-27T08:29:16+08:00 ] ::1 /smart_community/wap.php/UPLOAD/del
INFO: [ app_init ] --START--
INFO: Run Behavior\BuildLiteBehavior [ RunTime:0.000043s ]
INFO: [ app_init ] --END-- [ RunTime:0.025062s ]
INFO: [ app_begin ] --START--
INFO: Run Behavior\ReadHtmlCacheBehavior [ RunTime:0.000996s ]
INFO: [ app_begin ] --END-- [ RunTime:0.001201s ]
NOTIC: [2] unlink(): http does not allow unlinking /wwwroot/Smart_Community/Application/Wap/Controller/UPLOADController.class.php 第 97 行.
INFO: [ app_end ] --START--
INFO: Run Behavior\ShowPageTraceBehavior [ RunTime:0.000726s ]
INFO: [ app_end ] --END-- [ RunTime:0.000853s ]

[ 2016-05-27T08:29:23+08:00 ] ::1 /smart_community/wap.php/UPLOAD/del
INFO: [ app_init ] --START--
INFO: Run Behavior\BuildLiteBehavior [ RunTime:0.000023s ]
INFO: [ app_init ] --END-- [ RunTime:0.000376s ]
INFO: [ app_begin ] --START--
INFO: Run Behavior\ReadHtmlCacheBehavior [ RunTime:0.000545s ]
INFO: [ app_begin ] --END-- [ RunTime:0.000658s ]
NOTIC: [2] unlink(): http does not allow unlinking /wwwroot/Smart_Community/Application/Wap/Controller/UPLOADController.class.php 第 97 行.
INFO: [ app_end ] --START--
INFO: Run Behavior\ShowPageTraceBehavior [ RunTime:0.000312s ]
INFO: [ app_end ] --END-- [ RunTime:0.000396s ]

[ 2016-05-27T08:29:26+08:00 ] ::1 /smart_community/wap.php/UPLOAD/del
INFO: [ app_init ] --START--
INFO: Run Behavior\BuildLiteBehavior [ RunTime:0.000025s ]
INFO: [ app_init ] --END-- [ RunTime:0.000531s ]
INFO: [ app_begin ] --START--
INFO: Run Behavior\ReadHtmlCacheBehavior [ RunTime:0.000419s ]
INFO: [ app_begin ] --END-- [ RunTime:0.000599s ]
NOTIC: [2] unlink(): http does not allow unlinking /wwwroot/Smart_Community/Application/Wap/Controller/UPLOADController.class.php 第 97 行.
INFO: [ app_end ] --START--
INFO: Run Behavior\ShowPageTraceBehavior [ RunTime:0.000369s ]
INFO: [ app_end ] --END-- [ RunTime:0.000463s ]

[ 2016-05-27T08:30:18+08:00 ] ::1 /smart_community/wap.php/UPLOAD/del
INFO: [ app_init ] --START--
INFO: Run Behavior\BuildLiteBehavior [ RunTime:0.000022s ]
INFO: [ app_init ] --END-- [ RunTime:0.000311s ]
INFO: [ app_begin ] --START--
INFO: Run Behavior\ReadHtmlCacheBehavior [ RunTime:0.000356s ]
INFO: [ app_begin ] --END-- [ RunTime:0.000451s ]
NOTIC: [2] unlink(): http does not allow unlinking /wwwroot/Smart_Community/Application/Wap/Controller/UPLOADController.class.php 第 101 行.
INFO: [ app_end ] --START--
INFO: Run Behavior\ShowPageTraceBehavior [ RunTime:0.000341s ]
INFO: [ app_end ] --END-- [ RunTime:0.000434s ]

[ 2016-05-27T08:30:21+08:00 ] ::1 /smart_community/wap.php/UPLOAD/del
INFO: [ app_init ] --START--
INFO: Run Behavior\BuildLiteBehavior [ RunTime:0.000022s ]
INFO: [ app_init ] --END-- [ RunTime:0.000303s ]
INFO: [ app_begin ] --START--
INFO: Run Behavior\ReadHtmlCacheBehavior [ RunTime:0.000318s ]
INFO: [ app_begin ] --END-- [ RunTime:0.000408s ]
NOTIC: [2] unlink(): http does not allow unlinking /wwwroot/Smart_Community/Application/Wap/Controller/UPLOADController.class.php 第 101 行.
INFO: [ app_end ] --START--
INFO: Run Behavior\ShowPageTraceBehavior [ RunTime:0.000337s ]
INFO: [ app_end ] --END-- [ RunTime:0.000424s ]

[ 2016-05-27T08:30:43+08:00 ] ::1 /smart_community/wap.php/UPLOAD/del
INFO: [ app_init ] --START--
INFO: Run Behavior\BuildLiteBehavior [ RunTime:0.000018s ]
INFO: [ app_init ] --END-- [ RunTime:0.000279s ]
INFO: [ app_begin ] --START--
INFO: Run Behavior\ReadHtmlCacheBehavior [ RunTime:0.000288s ]
INFO: [ app_begin ] --END-- [ RunTime:0.000366s ]
NOTIC: [2] unlink(): http does not allow unlinking /wwwroot/Smart_Community/Application/Wap/Controller/UPLOADController.class.php 第 103 行.
INFO: [ app_end ] --START--
INFO: Run Behavior\ShowPageTraceBehavior [ RunTime:0.000354s ]
INFO: [ app_end ] --END-- [ RunTime:0.000442s ]

[ 2016-05-27T08:30:47+08:00 ] ::1 /smart_community/wap.php/UPLOAD/del
INFO: [ app_init ] --START--
INFO: Run Behavior\BuildLiteBehavior [ RunTime:0.000019s ]
INFO: [ app_init ] --END-- [ RunTime:0.000273s ]
INFO: [ app_begin ] --START--
INFO: Run Behavior\ReadHtmlCacheBehavior [ RunTime:0.000289s ]
INFO: [ app_begin ] --END-- [ RunTime:0.000367s ]
NOTIC: [2] unlink(): http does not allow unlinking /wwwroot/Smart_Community/Application/Wap/Controller/UPLOADController.class.php 第 103 行.
INFO: [ app_end ] --START--
INFO: Run Behavior\ShowPageTraceBehavior [ RunTime:0.000289s ]
INFO: [ app_end ] --END-- [ RunTime:0.000366s ]

[ 2016-05-27T08:30:59+08:00 ] ::1 /smart_community/wap.php/UPLOAD/del
INFO: [ app_init ] --START--
INFO: Run Behavior\BuildLiteBehavior [ RunTime:0.000022s ]
INFO: [ app_init ] --END-- [ RunTime:0.000413s ]
INFO: [ app_begin ] --START--
INFO: Run Behavior\ReadHtmlCacheBehavior [ RunTime:0.000443s ]
INFO: [ app_begin ] --END-- [ RunTime:0.000541s ]
NOTIC: [2] unlink(): http does not allow unlinking /wwwroot/Smart_Community/Application/Wap/Controller/UPLOADController.class.php 第 103 行.
INFO: [ app_end ] --START--
INFO: Run Behavior\ShowPageTraceBehavior [ RunTime:0.000345s ]
INFO: [ app_end ] --END-- [ RunTime:0.000428s ]

[ 2016-05-27T08:31:01+08:00 ] ::1 /smart_community/wap.php/UPLOAD/del
INFO: [ app_init ] --START--
INFO: Run Behavior\BuildLiteBehavior [ RunTime:0.000032s ]
INFO: [ app_init ] --END-- [ RunTime:0.000373s ]
INFO: [ app_begin ] --START--
INFO: Run Behavior\ReadHtmlCacheBehavior [ RunTime:0.000327s ]
INFO: [ app_begin ] --END-- [ RunTime:0.000411s ]
NOTIC: [2] unlink(): http does not allow unlinking /wwwroot/Smart_Community/Application/Wap/Controller/UPLOADController.class.php 第 103 行.
INFO: [ app_end ] --START--
INFO: Run Behavior\ShowPageTraceBehavior [ RunTime:0.000617s ]
INFO: [ app_end ] --END-- [ RunTime:0.000782s ]

[ 2016-05-27T08:31:12+08:00 ] ::1 /smart_community/wap.php/UPLOAD/del
INFO: [ app_init ] --START--
INFO: Run Behavior\BuildLiteBehavior [ RunTime:0.000021s ]
INFO: [ app_init ] --END-- [ RunTime:0.000305s ]
INFO: [ app_begin ] --START--
INFO: Run Behavior\ReadHtmlCacheBehavior [ RunTime:0.000552s ]
INFO: [ app_begin ] --END-- [ RunTime:0.000704s ]
NOTIC: [2] unlink(): http does not allow unlinking /wwwroot/Smart_Community/Application/Wap/Controller/UPLOADController.class.php 第 103 行.
INFO: [ app_end ] --START--
INFO: Run Behavior\ShowPageTraceBehavior [ RunTime:0.000481s ]
INFO: [ app_end ] --END-- [ RunTime:0.000633s ]

[ 2016-05-27T08:31:36+08:00 ] ::1 /smart_community/wap.php/UPLOAD/del
INFO: [ app_init ] --START--
INFO: Run Behavior\BuildLiteBehavior [ RunTime:0.000024s ]
INFO: [ app_init ] --END-- [ RunTime:0.000379s ]
INFO: [ app_begin ] --START--
INFO: Run Behavior\ReadHtmlCacheBehavior [ RunTime:0.000423s ]
INFO: [ app_begin ] --END-- [ RunTime:0.000525s ]
INFO: [ app_end ] --START--
INFO: Run Behavior\ShowPageTraceBehavior [ RunTime:0.000299s ]
INFO: [ app_end ] --END-- [ RunTime:0.000380s ]

[ 2016-05-27T08:32:09+08:00 ] ::1 /smart_community/wap.php/UPLOAD/del
INFO: [ app_init ] --START--
INFO: Run Behavior\BuildLiteBehavior [ RunTime:0.000018s ]
INFO: [ app_init ] --END-- [ RunTime:0.000272s ]
INFO: [ app_begin ] --START--
INFO: Run Behavior\ReadHtmlCacheBehavior [ RunTime:0.000287s ]
INFO: [ app_begin ] --END-- [ RunTime:0.000365s ]
INFO: [ app_end ] --START--
INFO: Run Behavior\ShowPageTraceBehavior [ RunTime:0.000822s ]
INFO: [ app_end ] --END-- [ RunTime:0.001046s ]

[ 2016-05-27T08:32:22+08:00 ] ::1 /smart_community/wap.php/Upload/aa.html
INFO: [ app_init ] --START--
INFO: Run Behavior\BuildLiteBehavior [ RunTime:0.000020s ]
INFO: [ app_init ] --END-- [ RunTime:0.000304s ]
INFO: [ app_begin ] --START--
INFO: Run Behavior\ReadHtmlCacheBehavior [ RunTime:0.000321s ]
INFO: [ app_begin ] --END-- [ RunTime:0.000412s ]
NOTIC: [2] call_user_func() expects parameter 1 to be a valid callback, no array or string given /wwwroot/Smart_Community/ThinkPHP/Library/Think/Upload.class.php 第 170 行.

[ 2016-05-27T08:32:39+08:00 ] ::1 /smart_community/wap.php/upload/del?src=%2Fsmart_community%2FUploads%2FRepair%2F2016-05-27%2F574795962f084.jpg
INFO: [ app_init ] --START--
INFO: Run Behavior\BuildLiteBehavior [ RunTime:0.000022s ]
INFO: [ app_init ] --END-- [ RunTime:0.000369s ]
INFO: [ app_begin ] --START--
INFO: Run Behavior\ReadHtmlCacheBehavior [ RunTime:0.000390s ]
INFO: [ app_begin ] --END-- [ RunTime:0.000478s ]
NOTIC: [2] unlink(./Uploads/Repair/2016-05-27/574792818e3d8.jpg): No such file or directory /wwwroot/Smart_Community/Application/Wap/Controller/UploadController.class.php 第 103 行.
INFO: [ app_end ] --START--
INFO: Run Behavior\ShowPageTraceBehavior [ RunTime:0.000448s ]
INFO: [ app_end ] --END-- [ RunTime:0.000545s ]

[ 2016-05-27T08:34:22+08:00 ] ::1 /smart_community/wap.php/Upload/aa.html
INFO: [ app_init ] --START--
INFO: Run Behavior\BuildLiteBehavior [ RunTime:0.000038s ]
INFO: [ app_init ] --END-- [ RunTime:0.000803s ]
INFO: [ app_begin ] --START--
INFO: Run Behavior\ReadHtmlCacheBehavior [ RunTime:0.000923s ]
INFO: [ app_begin ] --END-- [ RunTime:0.001100s ]
NOTIC: [2] call_user_func() expects parameter 1 to be a valid callback, no array or string given /wwwroot/Smart_Community/ThinkPHP/Library/Think/Upload.class.php 第 170 行.

[ 2016-05-27T08:35:05+08:00 ] ::1 /smart_community/wap.php/upload/del?src=%2Fsmart_community%2FUploads%2FRepair%2F2016-05-27%2F5747960e9700e.jpg
INFO: [ app_init ] --START--
INFO: Run Behavior\BuildLiteBehavior [ RunTime:0.000024s ]
INFO: [ app_init ] --END-- [ RunTime:0.000328s ]
INFO: [ app_begin ] --START--
INFO: Run Behavior\ReadHtmlCacheBehavior [ RunTime:0.000376s ]
INFO: [ app_begin ] --END-- [ RunTime:0.000462s ]
INFO: [ app_end ] --START--
INFO: Run Behavior\ShowPageTraceBehavior [ RunTime:0.041773s ]
INFO: [ app_end ] --END-- [ RunTime:0.041889s ]

[ 2016-05-27T08:35:07+08:00 ] ::1 /smart_community/wap.php/UPLOAD/index
INFO: [ app_init ] --START--
INFO: Run Behavior\BuildLiteBehavior [ RunTime:0.000022s ]
INFO: [ app_init ] --END-- [ RunTime:0.000316s ]
INFO: [ app_begin ] --START--
INFO: Run Behavior\ReadHtmlCacheBehavior [ RunTime:0.000348s ]
INFO: [ app_begin ] --END-- [ RunTime:0.000435s ]
INFO: [ view_parse ] --START--
INFO: [ template_filter ] --START--
INFO: Run Behavior\ContentReplaceBehavior [ RunTime:0.000107s ]
INFO: [ template_filter ] --END-- [ RunTime:0.000267s ]
INFO: Run Behavior\ParseTemplateBehavior [ RunTime:0.145092s ]
INFO: [ view_parse ] --END-- [ RunTime:0.145212s ]
INFO: [ view_filter ] --START--
INFO: Run Behavior\WriteHtmlCacheBehavior [ RunTime:0.000511s ]
INFO: Run Behavior\TokenBuildBehavior [ RunTime:0.000553s ]
INFO: [ view_filter ] --END-- [ RunTime:0.001278s ]
INFO: [ app_end ] --START--
INFO: Run Behavior\ShowPageTraceBehavior [ RunTime:0.000425s ]
INFO: [ app_end ] --END-- [ RunTime:0.000527s ]

[ 2016-05-27T08:35:17+08:00 ] ::1 /smart_community/wap.php/Upload/aa.html
INFO: [ app_init ] --START--
INFO: Run Behavior\BuildLiteBehavior [ RunTime:0.000019s ]
INFO: [ app_init ] --END-- [ RunTime:0.000275s ]
INFO: [ app_begin ] --START--
INFO: Run Behavior\ReadHtmlCacheBehavior [ RunTime:0.000281s ]
INFO: [ app_begin ] --END-- [ RunTime:0.000361s ]
NOTIC: [2] call_user_func() expects parameter 1 to be a valid callback, no array or string given /wwwroot/Smart_Community/ThinkPHP/Library/Think/Upload.class.php 第 170 行.

[ 2016-05-27T08:35:19+08:00 ] ::1 /smart_community/wap.php/upload/del?src=%2Fsmart_community%2FUploads%2FRepair%2F2016-05-27%2F574796450db14.jpg
INFO: [ app_init ] --START--
INFO: Run Behavior\BuildLiteBehavior [ RunTime:0.000023s ]
INFO: [ app_init ] --END-- [ RunTime:0.000318s ]
INFO: [ app_begin ] --START--
INFO: Run Behavior\ReadHtmlCacheBehavior [ RunTime:0.000337s ]
INFO: [ app_begin ] --END-- [ RunTime:0.000412s ]
INFO: [ app_end ] --START--
INFO: Run Behavior\ShowPageTraceBehavior [ RunTime:0.000401s ]
INFO: [ app_end ] --END-- [ RunTime:0.000500s ]

[ 2016-05-27T08:35:23+08:00 ] ::1 /smart_community/wap.php/Upload/aa.html
INFO: [ app_init ] --START--
INFO: Run Behavior\BuildLiteBehavior [ RunTime:0.000019s ]
INFO: [ app_init ] --END-- [ RunTime:0.000274s ]
INFO: [ app_begin ] --START--
INFO: Run Behavior\ReadHtmlCacheBehavior [ RunTime:0.000602s ]
INFO: [ app_begin ] --END-- [ RunTime:0.000795s ]
NOTIC: [2] call_user_func() expects parameter 1 to be a valid callback, no array or string given /wwwroot/Smart_Community/ThinkPHP/Library/Think/Upload.class.php 第 170 行.

[ 2016-05-27T08:35:27+08:00 ] ::1 /smart_community/wap.php/upload/del?src=%2Fsmart_community%2FUploads%2FRepair%2F2016-05-27%2F5747964bae662.jpg
INFO: [ app_init ] --START--
INFO: Run Behavior\BuildLiteBehavior [ RunTime:0.000022s ]
INFO: [ app_init ] --END-- [ RunTime:0.000309s ]
INFO: [ app_begin ] --START--
INFO: Run Behavior\ReadHtmlCacheBehavior [ RunTime:0.000348s ]
INFO: [ app_begin ] --END-- [ RunTime:0.000427s ]
INFO: [ app_end ] --START--
INFO: Run Behavior\ShowPageTraceBehavior [ RunTime:0.000379s ]
INFO: [ app_end ] --END-- [ RunTime:0.000477s ]

[ 2016-05-27T08:36:16+08:00 ] ::1 /smart_community/wap.php/UPLOAD/del
INFO: [ app_init ] --START--
INFO: Run Behavior\BuildLiteBehavior [ RunTime:0.000022s ]
INFO: [ app_init ] --END-- [ RunTime:0.000316s ]
INFO: [ app_begin ] --START--
INFO: Run Behavior\ReadHtmlCacheBehavior [ RunTime:0.000322s ]
INFO: [ app_begin ] --END-- [ RunTime:0.000411s ]
NOTIC: [8] Undefined index: src /wwwroot/Smart_Community/Application/Wap/Controller/UPLOADController.class.php 第 98 行.
INFO: [ app_end ] --START--
INFO: Run Behavior\ShowPageTraceBehavior [ RunTime:0.000315s ]
INFO: [ app_end ] --END-- [ RunTime:0.000397s ]

[ 2016-05-27T08:36:31+08:00 ] ::1 /smart_community/wap.php/UPLOAD/del
INFO: [ app_init ] --START--
INFO: Run Behavior\BuildLiteBehavior [ RunTime:0.000019s ]
INFO: [ app_init ] --END-- [ RunTime:0.000277s ]
INFO: [ app_begin ] --START--
INFO: Run Behavior\ReadHtmlCacheBehavior [ RunTime:0.000288s ]
INFO: [ app_begin ] --END-- [ RunTime:0.000366s ]
NOTIC: [8] Undefined index: src /wwwroot/Smart_Community/Application/Wap/Controller/UPLOADController.class.php 第 98 行.
INFO: [ app_end ] --START--
INFO: Run Behavior\ShowPageTraceBehavior [ RunTime:0.000384s ]
INFO: [ app_end ] --END-- [ RunTime:0.000476s ]

[ 2016-05-27T08:38:09+08:00 ] ::1 /smart_community/wap.php/UPLOAD/del
INFO: [ app_init ] --START--
INFO: Run Behavior\BuildLiteBehavior [ RunTime:0.000050s ]
INFO: [ app_init ] --END-- [ RunTime:0.000800s ]
INFO: [ app_begin ] --START--
INFO: Run Behavior\ReadHtmlCacheBehavior [ RunTime:0.001014s ]
INFO: [ app_begin ] --END-- [ RunTime:0.001259s ]
NOTIC: [8] Undefined index: src /wwwroot/Smart_Community/Application/Wap/Controller/UPLOADController.class.php 第 98 行.
INFO: [ app_end ] --START--
INFO: Run Behavior\ShowPageTraceBehavior [ RunTime:0.000604s ]
INFO: [ app_end ] --END-- [ RunTime:0.000703s ]

[ 2016-05-27T08:39:04+08:00 ] ::1 /smart_community/wap.php/UPLOAD/index
INFO: [ app_init ] --START--
INFO: Run Behavior\BuildLiteBehavior [ RunTime:0.000020s ]
INFO: [ app_init ] --END-- [ RunTime:0.000285s ]
INFO: [ app_begin ] --START--
INFO: Run Behavior\ReadHtmlCacheBehavior [ RunTime:0.000291s ]
INFO: [ app_begin ] --END-- [ RunTime:0.000371s ]
INFO: [ view_parse ] --START--
INFO: [ template_filter ] --START--
INFO: Run Behavior\ContentReplaceBehavior [ RunTime:0.000123s ]
INFO: [ template_filter ] --END-- [ RunTime:0.000314s ]
INFO: Run Behavior\ParseTemplateBehavior [ RunTime:0.166585s ]
INFO: [ view_parse ] --END-- [ RunTime:0.166763s ]
INFO: [ view_filter ] --START--
INFO: Run Behavior\WriteHtmlCacheBehavior [ RunTime:0.019298s ]
INFO: Run Behavior\TokenBuildBehavior [ RunTime:0.000568s ]
INFO: [ view_filter ] --END-- [ RunTime:0.020055s ]
INFO: [ app_end ] --START--
INFO: Run Behavior\ShowPageTraceBehavior [ RunTime:0.000358s ]
INFO: [ app_end ] --END-- [ RunTime:0.000452s ]

[ 2016-05-27T08:39:07+08:00 ] ::1 /smart_community/wap.php/Upload/aa.html
INFO: [ app_init ] --START--
INFO: Run Behavior\BuildLiteBehavior [ RunTime:0.000020s ]
INFO: [ app_init ] --END-- [ RunTime:0.000307s ]
INFO: [ app_begin ] --START--
INFO: Run Behavior\ReadHtmlCacheBehavior [ RunTime:0.000308s ]
INFO: [ app_begin ] --END-- [ RunTime:0.000397s ]
NOTIC: [2] call_user_func() expects parameter 1 to be a valid callback, no array or string given /wwwroot/Smart_Community/ThinkPHP/Library/Think/Upload.class.php 第 170 行.

[ 2016-05-27T08:39:46+08:00 ] ::1 /smart_community/wap.php/UPLOAD/index
INFO: [ app_init ] --START--
INFO: Run Behavior\BuildLiteBehavior [ RunTime:0.000020s ]
INFO: [ app_init ] --END-- [ RunTime:0.000286s ]
INFO: [ app_begin ] --START--
INFO: Run Behavior\ReadHtmlCacheBehavior [ RunTime:0.000297s ]
INFO: [ app_begin ] --END-- [ RunTime:0.000375s ]
INFO: [ view_parse ] --START--
INFO: [ template_filter ] --START--
INFO: Run Behavior\ContentReplaceBehavior [ RunTime:0.000139s ]
INFO: [ template_filter ] --END-- [ RunTime:0.000282s ]
INFO: Run Behavior\ParseTemplateBehavior [ RunTime:0.007045s ]
INFO: [ view_parse ] --END-- [ RunTime:0.007140s ]
INFO: [ view_filter ] --START--
INFO: Run Behavior\WriteHtmlCacheBehavior [ RunTime:0.000184s ]
INFO: Run Behavior\TokenBuildBehavior [ RunTime:0.000221s ]
INFO: [ view_filter ] --END-- [ RunTime:0.000610s ]
INFO: [ app_end ] --START--
INFO: Run Behavior\ShowPageTraceBehavior [ RunTime:0.000375s ]
INFO: [ app_end ] --END-- [ RunTime:0.000463s ]

[ 2016-05-27T08:39:49+08:00 ] ::1 /smart_community/wap.php/Upload/aa.html
INFO: [ app_init ] --START--
INFO: Run Behavior\BuildLiteBehavior [ RunTime:0.000019s ]
INFO: [ app_init ] --END-- [ RunTime:0.000280s ]
INFO: [ app_begin ] --START--
INFO: Run Behavior\ReadHtmlCacheBehavior [ RunTime:0.000301s ]
INFO: [ app_begin ] --END-- [ RunTime:0.000398s ]
NOTIC: [2] call_user_func() expects parameter 1 to be a valid callback, no array or string given /wwwroot/Smart_Community/ThinkPHP/Library/Think/Upload.class.php 第 170 行.

[ 2016-05-27T08:41:04+08:00 ] ::1 /smart_community/wap.php/UPLOAD/index
INFO: [ app_init ] --START--
INFO: Run Behavior\BuildLiteBehavior [ RunTime:0.000025s ]
INFO: [ app_init ] --END-- [ RunTime:0.000575s ]
INFO: [ app_begin ] --START--
INFO: Run Behavior\ReadHtmlCacheBehavior [ RunTime:0.000903s ]
INFO: [ app_begin ] --END-- [ RunTime:0.001124s ]
INFO: [ view_parse ] --START--
INFO: [ template_filter ] --START--
INFO: Run Behavior\ContentReplaceBehavior [ RunTime:0.000111s ]
INFO: [ template_filter ] --END-- [ RunTime:0.000241s ]
INFO: Run Behavior\ParseTemplateBehavior [ RunTime:0.022007s ]
INFO: [ view_parse ] --END-- [ RunTime:0.022116s ]
INFO: [ view_filter ] --START--
INFO: Run Behavior\WriteHtmlCacheBehavior [ RunTime:0.000500s ]
INFO: Run Behavior\TokenBuildBehavior [ RunTime:0.000489s ]
INFO: [ view_filter ] --END-- [ RunTime:0.001252s ]
INFO: [ app_end ] --START--
INFO: Run Behavior\ShowPageTraceBehavior [ RunTime:0.000692s ]
INFO: [ app_end ] --END-- [ RunTime:0.000824s ]

[ 2016-05-27T08:41:07+08:00 ] ::1 /smart_community/wap.php/Upload/aa.html
INFO: [ app_init ] --START--
INFO: Run Behavior\BuildLiteBehavior [ RunTime:0.000021s ]
INFO: [ app_init ] --END-- [ RunTime:0.000314s ]
INFO: [ app_begin ] --START--
INFO: Run Behavior\ReadHtmlCacheBehavior [ RunTime:0.000614s ]
INFO: [ app_begin ] --END-- [ RunTime:0.000751s ]
NOTIC: [2] call_user_func() expects parameter 1 to be a valid callback, no array or string given /wwwroot/Smart_Community/ThinkPHP/Library/Think/Upload.class.php 第 170 行.

[ 2016-05-27T08:41:56+08:00 ] ::1 /smart_community/wap.php/upload/del?src=%2Fsmart_community%2FUploads%2FRepair%2F2016-05-27%2F574797a38e536.jpg
INFO: [ app_init ] --START--
INFO: Run Behavior\BuildLiteBehavior [ RunTime:0.000023s ]
INFO: [ app_init ] --END-- [ RunTime:0.000329s ]
INFO: [ app_begin ] --START--
INFO: Run Behavior\ReadHtmlCacheBehavior [ RunTime:0.000352s ]
INFO: [ app_begin ] --END-- [ RunTime:0.000435s ]
INFO: [ app_end ] --START--
INFO: Run Behavior\ShowPageTraceBehavior [ RunTime:0.000378s ]
INFO: [ app_end ] --END-- [ RunTime:0.000478s ]

[ 2016-05-27T08:43:07+08:00 ] ::1 /smart_community/wap.php/UPLOAD/index
INFO: [ app_init ] --START--
INFO: Run Behavior\BuildLiteBehavior [ RunTime:0.000030s ]
INFO: [ app_init ] --END-- [ RunTime:0.000709s ]
INFO: [ app_begin ] --START--
INFO: Run Behavior\ReadHtmlCacheBehavior [ RunTime:0.000793s ]
INFO: [ app_begin ] --END-- [ RunTime:0.000931s ]
INFO: [ view_parse ] --START--
INFO: [ template_filter ] --START--
INFO: Run Behavior\ContentReplaceBehavior [ RunTime:0.000088s ]
INFO: [ template_filter ] --END-- [ RunTime:0.000193s ]
INFO: Run Behavior\ParseTemplateBehavior [ RunTime:0.033992s ]
INFO: [ view_parse ] --END-- [ RunTime:0.034091s ]
INFO: [ view_filter ] --START--
INFO: Run Behavior\WriteHtmlCacheBehavior [ RunTime:0.000407s ]
INFO: Run Behavior\TokenBuildBehavior [ RunTime:0.000386s ]
INFO: [ view_filter ] --END-- [ RunTime:0.000932s ]
INFO: [ app_end ] --START--
INFO: Run Behavior\ShowPageTraceBehavior [ RunTime:0.000586s ]
INFO: [ app_end ] --END-- [ RunTime:0.000672s ]

[ 2016-05-27T08:43:11+08:00 ] ::1 /smart_community/wap.php/Upload/aa.html
INFO: [ app_init ] --START--
INFO: Run Behavior\BuildLiteBehavior [ RunTime:0.000044s ]
INFO: [ app_init ] --END-- [ RunTime:0.001673s ]
INFO: [ app_begin ] --START--
INFO: Run Behavior\ReadHtmlCacheBehavior [ RunTime:0.000578s ]
INFO: [ app_begin ] --END-- [ RunTime:0.000772s ]
NOTIC: [2] call_user_func() expects parameter 1 to be a valid callback, no array or string given /wwwroot/Smart_Community/ThinkPHP/Library/Think/Upload.class.php 第 170 行.

[ 2016-05-27T08:43:18+08:00 ] ::1 /smart_community/wap.php/upload/del?src=%2Fsmart_community%2FUploads%2FRepair%2F2016-05-27%2F5747981f561eb.jpg
INFO: [ app_init ] --START--
INFO: Run Behavior\BuildLiteBehavior [ RunTime:0.000023s ]
INFO: [ app_init ] --END-- [ RunTime:0.000352s ]
INFO: [ app_begin ] --START--
INFO: Run Behavior\ReadHtmlCacheBehavior [ RunTime:0.000395s ]
INFO: [ app_begin ] --END-- [ RunTime:0.000489s ]
INFO: [ app_end ] --START--
INFO: Run Behavior\ShowPageTraceBehavior [ RunTime:0.000618s ]
INFO: [ app_end ] --END-- [ RunTime:0.000741s ]

[ 2016-05-27T08:43:52+08:00 ] ::1 /smart_community/wap.php/UPLOAD/index
INFO: [ app_init ] --START--
INFO: Run Behavior\BuildLiteBehavior [ RunTime:0.000021s ]
INFO: [ app_init ] --END-- [ RunTime:0.000310s ]
INFO: [ app_begin ] --START--
INFO: Run Behavior\ReadHtmlCacheBehavior [ RunTime:0.000381s ]
INFO: [ app_begin ] --END-- [ RunTime:0.000470s ]
INFO: [ view_parse ] --START--
INFO: [ template_filter ] --START--
INFO: Run Behavior\ContentReplaceBehavior [ RunTime:0.000082s ]
INFO: [ template_filter ] --END-- [ RunTime:0.000168s ]
INFO: Run Behavior\ParseTemplateBehavior [ RunTime:0.005226s ]
INFO: [ view_parse ] --END-- [ RunTime:0.005311s ]
INFO: [ view_filter ] --START--
INFO: Run Behavior\WriteHtmlCacheBehavior [ RunTime:0.000125s ]
INFO: Run Behavior\TokenBuildBehavior [ RunTime:0.000195s ]
INFO: [ view_filter ] --END-- [ RunTime:0.000439s ]
INFO: [ app_end ] --START--
INFO: Run Behavior\ShowPageTraceBehavior [ RunTime:0.000307s ]
INFO: [ app_end ] --END-- [ RunTime:0.000384s ]

[ 2016-05-27T08:44:02+08:00 ] ::1 /smart_community/wap.php/Upload/aa.html
INFO: [ app_init ] --START--
INFO: Run Behavior\BuildLiteBehavior [ RunTime:0.000023s ]
INFO: [ app_init ] --END-- [ RunTime:0.000333s ]
INFO: [ app_begin ] --START--
INFO: Run Behavior\ReadHtmlCacheBehavior [ RunTime:0.000363s ]
INFO: [ app_begin ] --END-- [ RunTime:0.000458s ]
NOTIC: [2] call_user_func() expects parameter 1 to be a valid callback, no array or string given /wwwroot/Smart_Community/ThinkPHP/Library/Think/Upload.class.php 第 170 行.

[ 2016-05-27T08:44:03+08:00 ] ::1 /smart_community/wap.php/UPLOAD/del?src=%2Fsmart_community%2FUploads%2FRepair%2F2016-05-27%2F5747985202562.jpg
INFO: [ app_init ] --START--
INFO: Run Behavior\BuildLiteBehavior [ RunTime:0.000021s ]
INFO: [ app_init ] --END-- [ RunTime:0.000317s ]
INFO: [ app_begin ] --START--
INFO: Run Behavior\ReadHtmlCacheBehavior [ RunTime:0.000326s ]
INFO: [ app_begin ] --END-- [ RunTime:0.000400s ]
INFO: [ app_end ] --START--
INFO: Run Behavior\ShowPageTraceBehavior [ RunTime:0.000458s ]
INFO: [ app_end ] --END-- [ RunTime:0.000566s ]

[ 2016-05-27T08:44:07+08:00 ] ::1 /smart_community/wap.php/Upload/aa.html
INFO: [ app_init ] --START--
INFO: Run Behavior\BuildLiteBehavior [ RunTime:0.000020s ]
INFO: [ app_init ] --END-- [ RunTime:0.000302s ]
INFO: [ app_begin ] --START--
INFO: Run Behavior\ReadHtmlCacheBehavior [ RunTime:0.000326s ]
INFO: [ app_begin ] --END-- [ RunTime:0.000409s ]
NOTIC: [2] call_user_func() expects parameter 1 to be a valid callback, no array or string given /wwwroot/Smart_Community/ThinkPHP/Library/Think/Upload.class.php 第 170 行.

[ 2016-05-27T08:44:08+08:00 ] ::1 /smart_community/wap.php/UPLOAD/del?src=%2Fsmart_community%2FUploads%2FRepair%2F2016-05-27%2F57479857653b9.jpg
INFO: [ app_init ] --START--
INFO: Run Behavior\BuildLiteBehavior [ RunTime:0.000021s ]
INFO: [ app_init ] --END-- [ RunTime:0.000297s ]
INFO: [ app_begin ] --START--
INFO: Run Behavior\ReadHtmlCacheBehavior [ RunTime:0.000330s ]
INFO: [ app_begin ] --END-- [ RunTime:0.000400s ]
INFO: [ app_end ] --START--
INFO: Run Behavior\ShowPageTraceBehavior [ RunTime:0.000467s ]
INFO: [ app_end ] --END-- [ RunTime:0.000587s ]

[ 2016-05-27T08:44:11+08:00 ] ::1 /smart_community/wap.php/UPLOAD/index
INFO: [ app_init ] --START--
INFO: Run Behavior\BuildLiteBehavior [ RunTime:0.000024s ]
INFO: [ app_init ] --END-- [ RunTime:0.000410s ]
INFO: [ app_begin ] --START--
INFO: Run Behavior\ReadHtmlCacheBehavior [ RunTime:0.000367s ]
INFO: [ app_begin ] --END-- [ RunTime:0.000477s ]
INFO: [ view_parse ] --START--
INFO: [ template_filter ] --START--
INFO: Run Behavior\ContentReplaceBehavior [ RunTime:0.000093s ]
INFO: [ template_filter ] --END-- [ RunTime:0.000191s ]
INFO: Run Behavior\ParseTemplateBehavior [ RunTime:0.021526s ]
INFO: [ view_parse ] --END-- [ RunTime:0.021654s ]
INFO: [ view_filter ] --START--
INFO: Run Behavior\WriteHtmlCacheBehavior [ RunTime:0.000213s ]
INFO: Run Behavior\TokenBuildBehavior [ RunTime:0.000232s ]
INFO: [ view_filter ] --END-- [ RunTime:0.000576s ]
INFO: [ app_end ] --START--
INFO: Run Behavior\ShowPageTraceBehavior [ RunTime:0.000370s ]
INFO: [ app_end ] --END-- [ RunTime:0.000507s ]

[ 2016-05-27T08:44:14+08:00 ] ::1 /smart_community/wap.php/Upload/aa.html
INFO: [ app_init ] --START--
INFO: Run Behavior\BuildLiteBehavior [ RunTime:0.000019s ]
INFO: [ app_init ] --END-- [ RunTime:0.000270s ]
INFO: [ app_begin ] --START--
INFO: Run Behavior\ReadHtmlCacheBehavior [ RunTime:0.000576s ]
INFO: [ app_begin ] --END-- [ RunTime:0.000700s ]
NOTIC: [2] call_user_func() expects parameter 1 to be a valid callback, no array or string given /wwwroot/Smart_Community/ThinkPHP/Library/Think/Upload.class.php 第 170 行.

[ 2016-05-27T08:44:15+08:00 ] ::1 /smart_community/wap.php/UPLOAD/del?src=%2Fsmart_community%2FUploads%2FRepair%2F2016-05-27%2F5747985e7aa3a.jpg
INFO: [ app_init ] --START--
INFO: Run Behavior\BuildLiteBehavior [ RunTime:0.000020s ]
INFO: [ app_init ] --END-- [ RunTime:0.000370s ]
INFO: [ app_begin ] --START--
INFO: Run Behavior\ReadHtmlCacheBehavior [ RunTime:0.000299s ]
INFO: [ app_begin ] --END-- [ RunTime:0.000367s ]
INFO: [ app_end ] --START--
INFO: Run Behavior\ShowPageTraceBehavior [ RunTime:0.000366s ]
INFO: [ app_end ] --END-- [ RunTime:0.000472s ]

[ 2016-05-27T08:47:20+08:00 ] ::1 /smart_community/wap.php/UPLOAD/index
INFO: [ app_init ] --START--
INFO: Run Behavior\BuildLiteBehavior [ RunTime:0.000022s ]
INFO: [ app_init ] --END-- [ RunTime:0.000361s ]
INFO: [ app_begin ] --START--
INFO: Run Behavior\ReadHtmlCacheBehavior [ RunTime:0.000379s ]
INFO: [ app_begin ] --END-- [ RunTime:0.000508s ]
INFO: [ view_parse ] --START--
INFO: [ template_filter ] --START--
INFO: Run Behavior\ContentReplaceBehavior [ RunTime:0.000084s ]
INFO: [ template_filter ] --END-- [ RunTime:0.000173s ]
INFO: Run Behavior\ParseTemplateBehavior [ RunTime:0.005171s ]
INFO: [ view_parse ] --END-- [ RunTime:0.005400s ]
INFO: [ view_filter ] --START--
INFO: Run Behavior\WriteHtmlCacheBehavior [ RunTime:0.000264s ]
INFO: Run Behavior\TokenBuildBehavior [ RunTime:0.000369s ]
INFO: [ view_filter ] --END-- [ RunTime:0.000852s ]
INFO: [ app_end ] --START--
INFO: Run Behavior\ShowPageTraceBehavior [ RunTime:0.000573s ]
INFO: [ app_end ] --END-- [ RunTime:0.000717s ]

[ 2016-05-27T08:47:24+08:00 ] ::1 /smart_community/wap.php/Upload/aa.html
INFO: [ app_init ] --START--
INFO: Run Behavior\BuildLiteBehavior [ RunTime:0.000022s ]
INFO: [ app_init ] --END-- [ RunTime:0.000334s ]
INFO: [ app_begin ] --START--
INFO: Run Behavior\ReadHtmlCacheBehavior [ RunTime:0.000460s ]
INFO: [ app_begin ] --END-- [ RunTime:0.000602s ]
NOTIC: [2] call_user_func() expects parameter 1 to be a valid callback, no array or string given /wwwroot/Smart_Community/ThinkPHP/Library/Think/Upload.class.php 第 170 行.

[ 2016-05-27T08:47:28+08:00 ] ::1 /smart_community/wap.php/UPLOAD/del?src=%2Fsmart_community%2FUploads%2FRepair%2F2016-05-27%2F5747991c0e961.jpg
INFO: [ app_init ] --START--
INFO: Run Behavior\BuildLiteBehavior [ RunTime:0.000019s ]
INFO: [ app_init ] --END-- [ RunTime:0.000279s ]
INFO: [ app_begin ] --START--
INFO: Run Behavior\ReadHtmlCacheBehavior [ RunTime:0.000291s ]
INFO: [ app_begin ] --END-- [ RunTime:0.000358s ]
INFO: [ app_end ] --START--
INFO: Run Behavior\ShowPageTraceBehavior [ RunTime:0.000467s ]
INFO: [ app_end ] --END-- [ RunTime:0.000561s ]

[ 2016-05-27T08:48:32+08:00 ] ::1 /smart_community/wap.php/Upload/aa.html
INFO: [ app_init ] --START--
INFO: Run Behavior\BuildLiteBehavior [ RunTime:0.000043s ]
INFO: [ app_init ] --END-- [ RunTime:0.000881s ]
INFO: [ app_begin ] --START--
INFO: Run Behavior\ReadHtmlCacheBehavior [ RunTime:0.000955s ]
INFO: [ app_begin ] --END-- [ RunTime:0.001178s ]
NOTIC: [2] call_user_func() expects parameter 1 to be a valid callback, no array or string given /wwwroot/Smart_Community/ThinkPHP/Library/Think/Upload.class.php 第 170 行.

[ 2016-05-27T08:48:33+08:00 ] ::1 /smart_community/wap.php/Upload/aa.html
INFO: [ app_init ] --START--
INFO: Run Behavior\BuildLiteBehavior [ RunTime:0.000025s ]
INFO: [ app_init ] --END-- [ RunTime:0.000448s ]
INFO: [ app_begin ] --START--
INFO: Run Behavior\ReadHtmlCacheBehavior [ RunTime:0.000407s ]
INFO: [ app_begin ] --END-- [ RunTime:0.000538s ]
NOTIC: [2] call_user_func() expects parameter 1 to be a valid callback, no array or string given /wwwroot/Smart_Community/ThinkPHP/Library/Think/Upload.class.php 第 170 行.

[ 2016-05-27T08:48:33+08:00 ] ::1 /smart_community/wap.php/Upload/aa.html
INFO: [ app_init ] --START--
INFO: Run Behavior\BuildLiteBehavior [ RunTime:0.000022s ]
INFO: [ app_init ] --END-- [ RunTime:0.000306s ]
INFO: [ app_begin ] --START--
INFO: Run Behavior\ReadHtmlCacheBehavior [ RunTime:0.000382s ]
INFO: [ app_begin ] --END-- [ RunTime:0.000465s ]
NOTIC: [2] call_user_func() expects parameter 1 to be a valid callback, no array or string given /wwwroot/Smart_Community/ThinkPHP/Library/Think/Upload.class.php 第 170 行.

[ 2016-05-27T08:48:33+08:00 ] ::1 /smart_community/wap.php/Upload/aa.html
INFO: [ app_init ] --START--
INFO: Run Behavior\BuildLiteBehavior [ RunTime:0.000021s ]
INFO: [ app_init ] --END-- [ RunTime:0.000321s ]
INFO: [ app_begin ] --START--
INFO: Run Behavior\ReadHtmlCacheBehavior [ RunTime:0.000637s ]
INFO: [ app_begin ] --END-- [ RunTime:0.000759s ]
NOTIC: [2] call_user_func() expects parameter 1 to be a valid callback, no array or string given /wwwroot/Smart_Community/ThinkPHP/Library/Think/Upload.class.php 第 170 行.

[ 2016-05-27T08:48:33+08:00 ] ::1 /smart_community/wap.php/Upload/aa.html
INFO: [ app_init ] --START--
INFO: Run Behavior\BuildLiteBehavior [ RunTime:0.000022s ]
INFO: [ app_init ] --END-- [ RunTime:0.000337s ]
INFO: [ app_begin ] --START--
INFO: Run Behavior\ReadHtmlCacheBehavior [ RunTime:0.000395s ]
INFO: [ app_begin ] --END-- [ RunTime:0.000497s ]
NOTIC: [2] call_user_func() expects parameter 1 to be a valid callback, no array or string given /wwwroot/Smart_Community/ThinkPHP/Library/Think/Upload.class.php 第 170 行.

[ 2016-05-27T08:48:33+08:00 ] ::1 /smart_community/wap.php/Upload/aa.html
INFO: [ app_init ] --START--
INFO: Run Behavior\BuildLiteBehavior [ RunTime:0.000019s ]
INFO: [ app_init ] --END-- [ RunTime:0.000344s ]
INFO: [ app_begin ] --START--
INFO: Run Behavior\ReadHtmlCacheBehavior [ RunTime:0.000294s ]
INFO: [ app_begin ] --END-- [ RunTime:0.000375s ]
NOTIC: [2] call_user_func() expects parameter 1 to be a valid callback, no array or string given /wwwroot/Smart_Community/ThinkPHP/Library/Think/Upload.class.php 第 170 行.

[ 2016-05-27T08:48:33+08:00 ] ::1 /smart_community/wap.php/Upload/aa.html
INFO: [ app_init ] --START--
INFO: Run Behavior\BuildLiteBehavior [ RunTime:0.000022s ]
INFO: [ app_init ] --END-- [ RunTime:0.000542s ]
INFO: [ app_begin ] --START--
INFO: Run Behavior\ReadHtmlCacheBehavior [ RunTime:0.000354s ]
INFO: [ app_begin ] --END-- [ RunTime:0.000460s ]
NOTIC: [2] call_user_func() expects parameter 1 to be a valid callback, no array or string given /wwwroot/Smart_Community/ThinkPHP/Library/Think/Upload.class.php 第 170 行.

[ 2016-05-27T08:48:33+08:00 ] ::1 /smart_community/wap.php/Upload/aa.html
INFO: [ app_init ] --START--
INFO: Run Behavior\BuildLiteBehavior [ RunTime:0.000021s ]
INFO: [ app_init ] --END-- [ RunTime:0.000301s ]
INFO: [ app_begin ] --START--
INFO: Run Behavior\ReadHtmlCacheBehavior [ RunTime:0.000300s ]
INFO: [ app_begin ] --END-- [ RunTime:0.000381s ]
NOTIC: [2] call_user_func() expects parameter 1 to be a valid callback, no array or string given /wwwroot/Smart_Community/ThinkPHP/Library/Think/Upload.class.php 第 170 行.

[ 2016-05-27T08:48:33+08:00 ] ::1 /smart_community/wap.php/Upload/aa.html
INFO: [ app_init ] --START--
INFO: Run Behavior\BuildLiteBehavior [ RunTime:0.000019s ]
INFO: [ app_init ] --END-- [ RunTime:0.000320s ]
INFO: [ app_begin ] --START--
INFO: Run Behavior\ReadHtmlCacheBehavior [ RunTime:0.000346s ]
INFO: [ app_begin ] --END-- [ RunTime:0.000458s ]
NOTIC: [2] call_user_func() expects parameter 1 to be a valid callback, no array or string given /wwwroot/Smart_Community/ThinkPHP/Library/Think/Upload.class.php 第 170 行.

[ 2016-05-27T08:48:41+08:00 ] ::1 /smart_community/wap.php/UPLOAD/del?src=%2Fsmart_community%2FUploads%2FRepair%2F2016-05-27%2F57479961cffa1.png
INFO: [ app_init ] --START--
INFO: Run Behavior\BuildLiteBehavior [ RunTime:0.000021s ]
INFO: [ app_init ] --END-- [ RunTime:0.000286s ]
INFO: [ app_begin ] --START--
INFO: Run Behavior\ReadHtmlCacheBehavior [ RunTime:0.000470s ]
INFO: [ app_begin ] --END-- [ RunTime:0.000563s ]
INFO: [ app_end ] --START--
INFO: Run Behavior\ShowPageTraceBehavior [ RunTime:0.014802s ]
INFO: [ app_end ] --END-- [ RunTime:0.014937s ]

[ 2016-05-27T08:48:42+08:00 ] ::1 /smart_community/wap.php/UPLOAD/del?src=%2Fsmart_community%2FUploads%2FRepair%2F2016-05-27%2F5747996110987.png
INFO: [ app_init ] --START--
INFO: Run Behavior\BuildLiteBehavior [ RunTime:0.000026s ]
INFO: [ app_init ] --END-- [ RunTime:0.000310s ]
INFO: [ app_begin ] --START--
INFO: Run Behavior\ReadHtmlCacheBehavior [ RunTime:0.000351s ]
INFO: [ app_begin ] --END-- [ RunTime:0.000426s ]
INFO: [ app_end ] --START--
INFO: Run Behavior\ShowPageTraceBehavior [ RunTime:0.000423s ]
INFO: [ app_end ] --END-- [ RunTime:0.000525s ]

[ 2016-05-27T08:48:44+08:00 ] ::1 /smart_community/wap.php/UPLOAD/del?src=%2Fsmart_community%2FUploads%2FRepair%2F2016-05-27%2F57479961676e9.png
INFO: [ app_init ] --START--
INFO: Run Behavior\BuildLiteBehavior [ RunTime:0.000024s ]
INFO: [ app_init ] --END-- [ RunTime:0.000401s ]
INFO: [ app_begin ] --START--
INFO: Run Behavior\ReadHtmlCacheBehavior [ RunTime:0.000546s ]
INFO: [ app_begin ] --END-- [ RunTime:0.000641s ]
INFO: [ app_end ] --START--
INFO: Run Behavior\ShowPageTraceBehavior [ RunTime:0.000722s ]
INFO: [ app_end ] --END-- [ RunTime:0.000926s ]

[ 2016-05-27T08:48:45+08:00 ] ::1 /smart_community/wap.php/UPLOAD/del?src=%2Fsmart_community%2FUploads%2FRepair%2F2016-05-27%2F574799618907c.gif
INFO: [ app_init ] --START--
INFO: Run Behavior\BuildLiteBehavior [ RunTime:0.000019s ]
INFO: [ app_init ] --END-- [ RunTime:0.000276s ]
INFO: [ app_begin ] --START--
INFO: Run Behavior\ReadHtmlCacheBehavior [ RunTime:0.000288s ]
INFO: [ app_begin ] --END-- [ RunTime:0.000354s ]
INFO: [ app_end ] --START--
INFO: Run Behavior\ShowPageTraceBehavior [ RunTime:0.000360s ]
INFO: [ app_end ] --END-- [ RunTime:0.000448s ]

[ 2016-05-27T08:49:11+08:00 ] ::1 /smart_community/wap.php/UPLOAD/del?src=%2Fsmart_community%2FUploads%2FRepair%2F2016-05-27%2F57479961a913b.png
INFO: [ app_init ] --START--
INFO: Run Behavior\BuildLiteBehavior [ RunTime:0.000022s ]
INFO: [ app_init ] --END-- [ RunTime:0.000304s ]
INFO: [ app_begin ] --START--
INFO: Run Behavior\ReadHtmlCacheBehavior [ RunTime:0.000318s ]
INFO: [ app_begin ] --END-- [ RunTime:0.000448s ]
INFO: [ app_end ] --START--
INFO: Run Behavior\ShowPageTraceBehavior [ RunTime:0.000354s ]
INFO: [ app_end ] --END-- [ RunTime:0.000444s ]

[ 2016-05-27T08:49:12+08:00 ] ::1 /smart_community/wap.php/UPLOAD/del?src=%2Fsmart_community%2FUploads%2FRepair%2F2016-05-27%2F5747996178dfe.png
INFO: [ app_init ] --START--
INFO: Run Behavior\BuildLiteBehavior [ RunTime:0.000023s ]
INFO: [ app_init ] --END-- [ RunTime:0.000339s ]
INFO: [ app_begin ] --START--
INFO: Run Behavior\ReadHtmlCacheBehavior [ RunTime:0.000638s ]
INFO: [ app_begin ] --END-- [ RunTime:0.000806s ]
INFO: [ app_end ] --START--
INFO: Run Behavior\ShowPageTraceBehavior [ RunTime:0.000382s ]
INFO: [ app_end ] --END-- [ RunTime:0.000475s ]

[ 2016-05-27T08:49:14+08:00 ] ::1 /smart_community/wap.php/UPLOAD/del?src=%2Fsmart_community%2FUploads%2FRepair%2F2016-05-27%2F574799614b578.png
INFO: [ app_init ] --START--
INFO: Run Behavior\BuildLiteBehavior [ RunTime:0.000042s ]
INFO: [ app_init ] --END-- [ RunTime:0.000462s ]
INFO: [ app_begin ] --START--
INFO: Run Behavior\ReadHtmlCacheBehavior [ RunTime:0.000624s ]
INFO: [ app_begin ] --END-- [ RunTime:0.000775s ]
INFO: [ app_end ] --START--
INFO: Run Behavior\ShowPageTraceBehavior [ RunTime:0.000439s ]
INFO: [ app_end ] --END-- [ RunTime:0.000543s ]

[ 2016-05-27T08:49:15+08:00 ] ::1 /smart_community/wap.php/UPLOAD/del?src=%2Fsmart_community%2FUploads%2FRepair%2F2016-05-27%2F57479960c747d.png
INFO: [ app_init ] --START--
INFO: Run Behavior\BuildLiteBehavior [ RunTime:0.000019s ]
INFO: [ app_init ] --END-- [ RunTime:0.000303s ]
INFO: [ app_begin ] --START--
INFO: Run Behavior\ReadHtmlCacheBehavior [ RunTime:0.000313s ]
INFO: [ app_begin ] --END-- [ RunTime:0.000386s ]
INFO: [ app_end ] --START--
INFO: Run Behavior\ShowPageTraceBehavior [ RunTime:0.000445s ]
INFO: [ app_end ] --END-- [ RunTime:0.000577s ]

[ 2016-05-27T08:49:15+08:00 ] ::1 /smart_community/wap.php/UPLOAD/del?src=%2Fsmart_community%2FUploads%2FRepair%2F2016-05-27%2F57479961bd53f.png
INFO: [ app_init ] --START--
INFO: Run Behavior\BuildLiteBehavior [ RunTime:0.000027s ]
INFO: [ app_init ] --END-- [ RunTime:0.000375s ]
INFO: [ app_begin ] --START--
INFO: Run Behavior\ReadHtmlCacheBehavior [ RunTime:0.000359s ]
INFO: [ app_begin ] --END-- [ RunTime:0.000443s ]
INFO: [ app_end ] --START--
INFO: Run Behavior\ShowPageTraceBehavior [ RunTime:0.000315s ]
INFO: [ app_end ] --END-- [ RunTime:0.000398s ]

[ 2016-05-27T08:49:19+08:00 ] ::1 /smart_community/wap.php/Upload/aa.html
INFO: [ app_init ] --START--
INFO: Run Behavior\BuildLiteBehavior [ RunTime:0.000019s ]
INFO: [ app_init ] --END-- [ RunTime:0.000276s ]
INFO: [ app_begin ] --START--
INFO: Run Behavior\ReadHtmlCacheBehavior [ RunTime:0.000282s ]
INFO: [ app_begin ] --END-- [ RunTime:0.000363s ]
NOTIC: [2] call_user_func() expects parameter 1 to be a valid callback, no array or string given /wwwroot/Smart_Community/ThinkPHP/Library/Think/Upload.class.php 第 170 行.

[ 2016-05-27T08:49:21+08:00 ] ::1 /smart_community/wap.php/UPLOAD/del?src=%2Fsmart_community%2FUploads%2FRepair%2F2016-05-27%2F5747998f80ec9.png
INFO: [ app_init ] --START--
INFO: Run Behavior\BuildLiteBehavior [ RunTime:0.000025s ]
INFO: [ app_init ] --END-- [ RunTime:0.000366s ]
INFO: [ app_begin ] --START--
INFO: Run Behavior\ReadHtmlCacheBehavior [ RunTime:0.000385s ]
INFO: [ app_begin ] --END-- [ RunTime:0.000473s ]
INFO: [ app_end ] --START--
INFO: Run Behavior\ShowPageTraceBehavior [ RunTime:0.000409s ]
INFO: [ app_end ] --END-- [ RunTime:0.000505s ]

[ 2016-05-27T09:12:06+08:00 ] ::1 /smart_community/wap.php/UPLOAD/index
INFO: [ app_init ] --START--
INFO: Run Behavior\BuildLiteBehavior [ RunTime:0.000094s ]
INFO: [ app_init ] --END-- [ RunTime:0.000716s ]
INFO: [ app_begin ] --START--
INFO: Run Behavior\ReadHtmlCacheBehavior [ RunTime:0.001048s ]
INFO: [ app_begin ] --END-- [ RunTime:0.001200s ]
INFO: [ view_parse ] --START--
INFO: [ template_filter ] --START--
INFO: Run Behavior\ContentReplaceBehavior [ RunTime:0.000144s ]
INFO: [ template_filter ] --END-- [ RunTime:0.000263s ]
INFO: Run Behavior\ParseTemplateBehavior [ RunTime:0.048855s ]
INFO: [ view_parse ] --END-- [ RunTime:0.048987s ]
INFO: [ view_filter ] --START--
INFO: Run Behavior\WriteHtmlCacheBehavior [ RunTime:0.031083s ]
INFO: Run Behavior\TokenBuildBehavior [ RunTime:0.000521s ]
INFO: [ view_filter ] --END-- [ RunTime:0.031792s ]
INFO: [ app_end ] --START--
INFO: Run Behavior\ShowPageTraceBehavior [ RunTime:0.000703s ]
INFO: [ app_end ] --END-- [ RunTime:0.000800s ]

[ 2016-05-27T09:15:28+08:00 ] ::1 /smart_community/wap.php/UPLOAD/index
INFO: [ app_init ] --START--
INFO: Run Behavior\BuildLiteBehavior [ RunTime:0.000036s ]
INFO: [ app_init ] --END-- [ RunTime:0.000656s ]
INFO: [ app_begin ] --START--
INFO: Run Behavior\ReadHtmlCacheBehavior [ RunTime:0.000985s ]
INFO: [ app_begin ] --END-- [ RunTime:0.001141s ]
INFO: [ view_parse ] --START--
INFO: [ template_filter ] --START--
INFO: Run Behavior\ContentReplaceBehavior [ RunTime:0.000098s ]
INFO: [ template_filter ] --END-- [ RunTime:0.000238s ]
INFO: Run Behavior\ParseTemplateBehavior [ RunTime:0.037154s ]
INFO: [ view_parse ] --END-- [ RunTime:0.037261s ]
INFO: [ view_filter ] --START--
INFO: Run Behavior\WriteHtmlCacheBehavior [ RunTime:0.000422s ]
INFO: Run Behavior\TokenBuildBehavior [ RunTime:0.000448s ]
INFO: [ view_filter ] --END-- [ RunTime:0.001017s ]
INFO: [ app_end ] --START--
INFO: Run Behavior\ShowPageTraceBehavior [ RunTime:0.000719s ]
INFO: [ app_end ] --END-- [ RunTime:0.000816s ]

[ 2016-05-27T10:08:50+08:00 ] ::1 /smart_community/wap.php/UPLOAD/index
INFO: [ app_init ] --START--
INFO: Run Behavior\BuildLiteBehavior [ RunTime:0.000032s ]
INFO: [ app_init ] --END-- [ RunTime:0.000903s ]
INFO: [ app_begin ] --START--
INFO: Run Behavior\ReadHtmlCacheBehavior [ RunTime:0.001185s ]
INFO: [ app_begin ] --END-- [ RunTime:0.001380s ]
INFO: [ view_parse ] --START--
INFO: [ template_filter ] --START--
INFO: Run Behavior\ContentReplaceBehavior [ RunTime:0.000090s ]
INFO: [ template_filter ] --END-- [ RunTime:0.000216s ]
INFO: Run Behavior\ParseTemplateBehavior [ RunTime:0.045596s ]
INFO: [ view_parse ] --END-- [ RunTime:0.045781s ]
INFO: [ view_filter ] --START--
INFO: Run Behavior\WriteHtmlCacheBehavior [ RunTime:0.000736s ]
INFO: Run Behavior\TokenBuildBehavior [ RunTime:0.000483s ]
INFO: [ view_filter ] --END-- [ RunTime:0.001365s ]
INFO: [ app_end ] --START--
INFO: Run Behavior\ShowPageTraceBehavior [ RunTime:0.000544s ]
INFO: [ app_end ] --END-- [ RunTime:0.000629s ]

[ 2016-05-27T10:46:28+08:00 ] ::1 /smart_community/wap.php/UPLOAD/index
INFO: [ app_init ] --START--
INFO: Run Behavior\BuildLiteBehavior [ RunTime:0.000022s ]
INFO: [ app_init ] --END-- [ RunTime:0.000304s ]
INFO: [ app_begin ] --START--
INFO: Run Behavior\ReadHtmlCacheBehavior [ RunTime:0.000398s ]
INFO: [ app_begin ] --END-- [ RunTime:0.000501s ]
INFO: [ view_parse ] --START--
INFO: [ template_filter ] --START--
INFO: Run Behavior\ContentReplaceBehavior [ RunTime:0.000103s ]
INFO: [ template_filter ] --END-- [ RunTime:0.000259s ]
INFO: Run Behavior\ParseTemplateBehavior [ RunTime:0.036088s ]
INFO: [ view_parse ] --END-- [ RunTime:0.036275s ]
INFO: [ view_filter ] --START--
INFO: Run Behavior\WriteHtmlCacheBehavior [ RunTime:0.000199s ]
INFO: Run Behavior\TokenBuildBehavior [ RunTime:0.000233s ]
INFO: [ view_filter ] --END-- [ RunTime:0.000573s ]
INFO: [ app_end ] --START--
INFO: Run Behavior\ShowPageTraceBehavior [ RunTime:0.000381s ]
INFO: [ app_end ] --END-- [ RunTime:0.000472s ]

