[ 2016-05-03T17:02:01+08:00 ] ::1 /smart_community/index.php/Admin/public/login
INFO: [ app_init ] --START--
INFO: Run Behavior\BuildLiteBehavior [ RunTime:0.000082s ]
INFO: [ app_init ] --END-- [ RunTime:0.002154s ]
INFO: [ app_begin ] --START--
INFO: Run Behavior\ReadHtmlCacheBehavior [ RunTime:0.001067s ]
INFO: [ app_begin ] --END-- [ RunTime:0.001327s ]
NOTIC: [2048] Declaration of Admin\Controller\PublicController::show() should be compatible with Think\Controller::show($content, $charset = '', $contentType = '', $prefix = '') /wwwroot/Smart_Community/Application/Admin/Controller/PublicController.class.php 第 144 行.
INFO: [ view_parse ] --START--
INFO: [ template_filter ] --START--
INFO: Run Behavior\ContentReplaceBehavior [ RunTime:0.000196s ]
INFO: [ template_filter ] --END-- [ RunTime:0.000329s ]
INFO: Run Behavior\ParseTemplateBehavior [ RunTime:0.037746s ]
INFO: [ view_parse ] --END-- [ RunTime:0.037961s ]
INFO: [ view_filter ] --START--
INFO: Run Behavior\WriteHtmlCacheBehavior [ RunTime:0.027311s ]
INFO: Run Behavior\TokenBuildBehavior [ RunTime:0.026448s ]
INFO: [ view_filter ] --END-- [ RunTime:0.054015s ]
INFO: [ app_end ] --START--
INFO: Run Behavior\ShowPageTraceBehavior [ RunTime:0.031364s ]
INFO: [ app_end ] --END-- [ RunTime:0.031588s ]

[ 2016-05-03T17:02:01+08:00 ] ::1 /smart_community/index.php/Admin/Public/verify
INFO: [ app_init ] --START--
INFO: Run Behavior\BuildLiteBehavior [ RunTime:0.000022s ]
INFO: [ app_init ] --END-- [ RunTime:0.000322s ]
INFO: [ app_begin ] --START--
INFO: Run Behavior\ReadHtmlCacheBehavior [ RunTime:0.000306s ]
INFO: [ app_begin ] --END-- [ RunTime:0.000384s ]
NOTIC: [2048] Declaration of Admin\Controller\PublicController::show() should be compatible with Think\Controller::show($content, $charset = '', $contentType = '', $prefix = '') /wwwroot/Smart_Community/Application/Admin/Controller/PublicController.class.php 第 144 行.
INFO: [ app_end ] --START--
INFO: Run Behavior\ShowPageTraceBehavior [ RunTime:0.000688s ]
INFO: [ app_end ] --END-- [ RunTime:0.000860s ]

[ 2016-05-03T17:02:12+08:00 ] ::1 /smart_community/index.php/Admin/INDEX/INDWX
INFO: [ app_init ] --START--
INFO: Run Behavior\BuildLiteBehavior [ RunTime:0.000032s ]
INFO: [ app_init ] --END-- [ RunTime:0.000457s ]
INFO: [ app_begin ] --START--
INFO: Run Behavior\ReadHtmlCacheBehavior [ RunTime:0.000934s ]
INFO: [ app_begin ] --END-- [ RunTime:0.001122s ]
NOTIC: [2048] Declaration of Admin\Controller\IndexController::show() should be compatible with Think\Controller::show($content, $charset = '', $contentType = '', $prefix = '') /wwwroot/Smart_Community/Application/Admin/Controller/INDEXController.class.php 第 4 行.

[ 2016-05-03T17:02:17+08:00 ] ::1 /smart_community/index.php/Admin/INDEX/INDEX
INFO: [ app_init ] --START--
INFO: Run Behavior\BuildLiteBehavior [ RunTime:0.000020s ]
INFO: [ app_init ] --END-- [ RunTime:0.000270s ]
INFO: [ app_begin ] --START--
INFO: Run Behavior\ReadHtmlCacheBehavior [ RunTime:0.000330s ]
INFO: [ app_begin ] --END-- [ RunTime:0.000407s ]
NOTIC: [2048] Declaration of Admin\Controller\IndexController::show() should be compatible with Think\Controller::show($content, $charset = '', $contentType = '', $prefix = '') /wwwroot/Smart_Community/Application/Admin/Controller/INDEXController.class.php 第 4 行.

[ 2016-05-03T17:02:21+08:00 ] ::1 /smart_community/index.php/Admin/INDEX/INDEX
INFO: [ app_init ] --START--
INFO: Run Behavior\BuildLiteBehavior [ RunTime:0.000083s ]
INFO: [ app_init ] --END-- [ RunTime:0.000467s ]
INFO: [ app_begin ] --START--
INFO: Run Behavior\ReadHtmlCacheBehavior [ RunTime:0.000366s ]
INFO: [ app_begin ] --END-- [ RunTime:0.000461s ]
NOTIC: [2048] Declaration of Admin\Controller\IndexController::show() should be compatible with Think\Controller::show($content, $charset = '', $contentType = '', $prefix = '') /wwwroot/Smart_Community/Application/Admin/Controller/INDEXController.class.php 第 4 行.

[ 2016-05-03T17:02:29+08:00 ] ::1 /smart_community/index.php/Admin/INDEX/INDEX
INFO: [ app_init ] --START--
INFO: Run Behavior\BuildLiteBehavior [ RunTime:0.000032s ]
INFO: [ app_init ] --END-- [ RunTime:0.000413s ]
INFO: [ app_begin ] --START--
INFO: Run Behavior\ReadHtmlCacheBehavior [ RunTime:0.000480s ]
INFO: [ app_begin ] --END-- [ RunTime:0.000594s ]
NOTIC: [2048] Declaration of Admin\Controller\IndexController::show() should be compatible with Think\Controller::show($content, $charset = '', $contentType = '', $prefix = '') /wwwroot/Smart_Community/Application/Admin/Controller/INDEXController.class.php 第 4 行.

[ 2016-05-03T17:02:38+08:00 ] ::1 /smart_community/index.php/Admin/PUBLIC/LOGIN
INFO: [ app_init ] --START--
INFO: Run Behavior\BuildLiteBehavior [ RunTime:0.000031s ]
INFO: [ app_init ] --END-- [ RunTime:0.000408s ]
INFO: [ app_begin ] --START--
INFO: Run Behavior\ReadHtmlCacheBehavior [ RunTime:0.000387s ]
INFO: [ app_begin ] --END-- [ RunTime:0.000478s ]
NOTIC: [2048] Declaration of Admin\Controller\PublicController::show() should be compatible with Think\Controller::show($content, $charset = '', $contentType = '', $prefix = '') /wwwroot/Smart_Community/Application/Admin/Controller/PUBLICController.class.php 第 144 行.
INFO: [ view_parse ] --START--
INFO: [ template_filter ] --START--
INFO: Run Behavior\ContentReplaceBehavior [ RunTime:0.000127s ]
INFO: [ template_filter ] --END-- [ RunTime:0.000218s ]
INFO: Run Behavior\ParseTemplateBehavior [ RunTime:0.006735s ]
INFO: [ view_parse ] --END-- [ RunTime:0.006856s ]
INFO: [ view_filter ] --START--
INFO: Run Behavior\WriteHtmlCacheBehavior [ RunTime:0.000136s ]
INFO: Run Behavior\TokenBuildBehavior [ RunTime:0.000400s ]
INFO: [ view_filter ] --END-- [ RunTime:0.000650s ]
INFO: [ app_end ] --START--
INFO: Run Behavior\ShowPageTraceBehavior [ RunTime:0.001049s ]
INFO: [ app_end ] --END-- [ RunTime:0.001293s ]

[ 2016-05-03T17:02:38+08:00 ] ::1 /smart_community/index.php/Admin/PUBLIC/verify
INFO: [ app_init ] --START--
INFO: Run Behavior\BuildLiteBehavior [ RunTime:0.000058s ]
INFO: [ app_init ] --END-- [ RunTime:0.000599s ]
INFO: [ app_begin ] --START--
INFO: Run Behavior\ReadHtmlCacheBehavior [ RunTime:0.000397s ]
INFO: [ app_begin ] --END-- [ RunTime:0.000502s ]
NOTIC: [2048] Declaration of Admin\Controller\PublicController::show() should be compatible with Think\Controller::show($content, $charset = '', $contentType = '', $prefix = '') /wwwroot/Smart_Community/Application/Admin/Controller/PUBLICController.class.php 第 144 行.
INFO: [ app_end ] --START--
INFO: Run Behavior\ShowPageTraceBehavior [ RunTime:0.000691s ]
INFO: [ app_end ] --END-- [ RunTime:0.000892s ]

[ 2016-05-03T17:02:52+08:00 ] ::1 /smart_community/index.php/Admin/PUBLIC/checkLogin
INFO: [ app_init ] --START--
INFO: Run Behavior\BuildLiteBehavior [ RunTime:0.000022s ]
INFO: [ app_init ] --END-- [ RunTime:0.000299s ]
INFO: [ app_begin ] --START--
INFO: Run Behavior\ReadHtmlCacheBehavior [ RunTime:0.000305s ]
INFO: [ app_begin ] --END-- [ RunTime:0.000384s ]
NOTIC: [2048] Declaration of Admin\Controller\PublicController::show() should be compatible with Think\Controller::show($content, $charset = '', $contentType = '', $prefix = '') /wwwroot/Smart_Community/Application/Admin/Controller/PUBLICController.class.php 第 144 行.
SQL: SHOW COLUMNS FROM `sc_users` [ RunTime:0.1773s ]
SQL: SELECT `id`,`nick_name`,`password`,`id_card_num`,`if_aprvd` FROM `sc_users` WHERE ( nick_name='admin' ) LIMIT 1   [ RunTime:0.0560s ]
SQL: SELECT `id`,`nick_name`,`password`,`id_card_num`,`if_aprvd` FROM `sc_users` WHERE ( nick_name='admin' ) LIMIT 1   [ RunTime:0.0005s ]
SQL: UPDATE `sc_users` SET `last_log_ip`='::1',`last_log_time`='2016-05-03 05:02:52' WHERE `id` = 27 [ RunTime:0.1031s ]

[ 2016-05-03T17:02:57+08:00 ] ::1 /smart_community/index.php/Admin/Access/index
INFO: [ app_init ] --START--
INFO: Run Behavior\BuildLiteBehavior [ RunTime:0.000037s ]
INFO: [ app_init ] --END-- [ RunTime:0.000394s ]
INFO: [ app_begin ] --START--
INFO: Run Behavior\ReadHtmlCacheBehavior [ RunTime:0.000444s ]
INFO: [ app_begin ] --END-- [ RunTime:0.000550s ]
NOTIC: [2048] Declaration of Admin\Controller\AccessController::show() should be compatible with Think\Controller::show($content, $charset = '', $contentType = '', $prefix = '') /wwwroot/Smart_Community/Application/Admin/Controller/AccessController.class.php 第 4 行.
SQL: SHOW COLUMNS FROM `sc_role_user` [ RunTime:0.0235s ]
SQL: SELECT COUNT(*) AS tp_count FROM `sc_role_user` WHERE ( user_type = 'U' ) LIMIT 1   [ RunTime:0.0638s ]
SQL: SHOW COLUMNS FROM `sc_users` [ RunTime:0.0012s ]
SQL: SELECT a.id,a.nick_name,b.role_id FROM `sc_users` as a join sc_role_user as b on a.id = b.user_id  WHERE ( user_type = 'U' ) LIMIT 0,5   [ RunTime:0.0548s ]
SQL: SHOW COLUMNS FROM `sc_role` [ RunTime:0.0238s ]
SQL: SELECT `name` FROM `sc_role` WHERE `id` = 1 LIMIT 1   [ RunTime:0.0585s ]
SQL: SELECT `name` FROM `sc_role` WHERE `id` = 4 LIMIT 1   [ RunTime:0.0003s ]
SQL: SELECT `name` FROM `sc_role` WHERE `id` = 6 LIMIT 1   [ RunTime:0.0002s ]

[ 2016-05-03T17:02:58+08:00 ] ::1 /smart_community/index.php/Admin/Access/role
INFO: [ app_init ] --START--
INFO: Run Behavior\BuildLiteBehavior [ RunTime:0.000043s ]
INFO: [ app_init ] --END-- [ RunTime:0.000887s ]
INFO: [ app_begin ] --START--
INFO: Run Behavior\ReadHtmlCacheBehavior [ RunTime:0.000427s ]
INFO: [ app_begin ] --END-- [ RunTime:0.000552s ]
NOTIC: [2048] Declaration of Admin\Controller\AccessController::show() should be compatible with Think\Controller::show($content, $charset = '', $contentType = '', $prefix = '') /wwwroot/Smart_Community/Application/Admin/Controller/AccessController.class.php 第 4 行.
SQL: SHOW COLUMNS FROM `sc_role` [ RunTime:0.0010s ]
SQL: SELECT * FROM `sc_role`  [ RunTime:0.0003s ]

[ 2016-05-03T17:03:02+08:00 ] ::1 /smart_community/index.php/Admin/Access/index
INFO: [ app_init ] --START--
INFO: Run Behavior\BuildLiteBehavior [ RunTime:0.000020s ]
INFO: [ app_init ] --END-- [ RunTime:0.000285s ]
INFO: [ app_begin ] --START--
INFO: Run Behavior\ReadHtmlCacheBehavior [ RunTime:0.000288s ]
INFO: [ app_begin ] --END-- [ RunTime:0.000352s ]
NOTIC: [2048] Declaration of Admin\Controller\AccessController::show() should be compatible with Think\Controller::show($content, $charset = '', $contentType = '', $prefix = '') /wwwroot/Smart_Community/Application/Admin/Controller/AccessController.class.php 第 4 行.
SQL: SHOW COLUMNS FROM `sc_role_user` [ RunTime:0.0006s ]
SQL: SELECT COUNT(*) AS tp_count FROM `sc_role_user` WHERE ( user_type = 'U' ) LIMIT 1   [ RunTime:0.0002s ]
SQL: SHOW COLUMNS FROM `sc_users` [ RunTime:0.0009s ]
SQL: SELECT a.id,a.nick_name,b.role_id FROM `sc_users` as a join sc_role_user as b on a.id = b.user_id  WHERE ( user_type = 'U' ) LIMIT 0,5   [ RunTime:0.0004s ]
SQL: SHOW COLUMNS FROM `sc_role` [ RunTime:0.0005s ]
SQL: SELECT `name` FROM `sc_role` WHERE `id` = 1 LIMIT 1   [ RunTime:0.0002s ]
SQL: SELECT `name` FROM `sc_role` WHERE `id` = 4 LIMIT 1   [ RunTime:0.0001s ]
SQL: SELECT `name` FROM `sc_role` WHERE `id` = 6 LIMIT 1   [ RunTime:0.0002s ]

[ 2016-05-03T17:03:03+08:00 ] ::1 /smart_community/index.php/Admin/Access/role
INFO: [ app_init ] --START--
INFO: Run Behavior\BuildLiteBehavior [ RunTime:0.000022s ]
INFO: [ app_init ] --END-- [ RunTime:0.000303s ]
INFO: [ app_begin ] --START--
INFO: Run Behavior\ReadHtmlCacheBehavior [ RunTime:0.000292s ]
INFO: [ app_begin ] --END-- [ RunTime:0.000358s ]
NOTIC: [2048] Declaration of Admin\Controller\AccessController::show() should be compatible with Think\Controller::show($content, $charset = '', $contentType = '', $prefix = '') /wwwroot/Smart_Community/Application/Admin/Controller/AccessController.class.php 第 4 行.
SQL: SHOW COLUMNS FROM `sc_role` [ RunTime:0.0008s ]
SQL: SELECT * FROM `sc_role`  [ RunTime:0.0003s ]

[ 2016-05-03T17:03:06+08:00 ] ::1 /smart_community/index.php/Admin/Access/index
INFO: [ app_init ] --START--
INFO: Run Behavior\BuildLiteBehavior [ RunTime:0.000023s ]
INFO: [ app_init ] --END-- [ RunTime:0.000318s ]
INFO: [ app_begin ] --START--
INFO: Run Behavior\ReadHtmlCacheBehavior [ RunTime:0.000396s ]
INFO: [ app_begin ] --END-- [ RunTime:0.000513s ]
NOTIC: [2048] Declaration of Admin\Controller\AccessController::show() should be compatible with Think\Controller::show($content, $charset = '', $contentType = '', $prefix = '') /wwwroot/Smart_Community/Application/Admin/Controller/AccessController.class.php 第 4 行.
SQL: SHOW COLUMNS FROM `sc_role_user` [ RunTime:0.0006s ]
SQL: SELECT COUNT(*) AS tp_count FROM `sc_role_user` WHERE ( user_type = 'U' ) LIMIT 1   [ RunTime:0.0003s ]
SQL: SHOW COLUMNS FROM `sc_users` [ RunTime:0.0011s ]
SQL: SELECT a.id,a.nick_name,b.role_id FROM `sc_users` as a join sc_role_user as b on a.id = b.user_id  WHERE ( user_type = 'U' ) LIMIT 0,5   [ RunTime:0.0005s ]
SQL: SHOW COLUMNS FROM `sc_role` [ RunTime:0.0006s ]
SQL: SELECT `name` FROM `sc_role` WHERE `id` = 1 LIMIT 1   [ RunTime:0.0003s ]
SQL: SELECT `name` FROM `sc_role` WHERE `id` = 4 LIMIT 1   [ RunTime:0.0001s ]
SQL: SELECT `name` FROM `sc_role` WHERE `id` = 6 LIMIT 1   [ RunTime:0.0001s ]

[ 2016-05-03T17:03:51+08:00 ] ::1 /smart_community/index.php/Admin/Access/index
INFO: [ app_init ] --START--
INFO: Run Behavior\BuildLiteBehavior [ RunTime:0.000028s ]
INFO: [ app_init ] --END-- [ RunTime:0.000384s ]
INFO: [ app_begin ] --START--
INFO: Run Behavior\ReadHtmlCacheBehavior [ RunTime:0.000376s ]
INFO: [ app_begin ] --END-- [ RunTime:0.000458s ]
NOTIC: [2048] Declaration of Admin\Controller\AccessController::show() should be compatible with Think\Controller::show($content, $charset = '', $contentType = '', $prefix = '') /wwwroot/Smart_Community/Application/Admin/Controller/AccessController.class.php 第 4 行.
SQL: SHOW COLUMNS FROM `sc_role_user` [ RunTime:0.0006s ]
SQL: SELECT COUNT(*) AS tp_count FROM `sc_role_user` WHERE ( user_type = 'U' ) LIMIT 1   [ RunTime:0.0002s ]
SQL: SHOW COLUMNS FROM `sc_users` [ RunTime:0.0005s ]
SQL: SELECT a.id,a.nick_name,b.role_id FROM `sc_users` as a join sc_role_user as b on a.id = b.user_id  WHERE ( user_type = 'U' ) LIMIT 0,5   [ RunTime:0.0004s ]
SQL: SHOW COLUMNS FROM `sc_role` [ RunTime:0.0005s ]
SQL: SELECT `name` FROM `sc_role` WHERE `id` = 1 LIMIT 1   [ RunTime:0.0002s ]
SQL: SELECT `name` FROM `sc_role` WHERE `id` = 4 LIMIT 1   [ RunTime:0.0001s ]
SQL: SELECT `name` FROM `sc_role` WHERE `id` = 6 LIMIT 1   [ RunTime:0.0002s ]

[ 2016-05-03T17:03:54+08:00 ] ::1 /smart_community/index.php/Admin/Access/index
INFO: [ app_init ] --START--
INFO: Run Behavior\BuildLiteBehavior [ RunTime:0.000023s ]
INFO: [ app_init ] --END-- [ RunTime:0.000361s ]
INFO: [ app_begin ] --START--
INFO: Run Behavior\ReadHtmlCacheBehavior [ RunTime:0.000439s ]
INFO: [ app_begin ] --END-- [ RunTime:0.000554s ]
NOTIC: [2048] Declaration of Admin\Controller\AccessController::show() should be compatible with Think\Controller::show($content, $charset = '', $contentType = '', $prefix = '') /wwwroot/Smart_Community/Application/Admin/Controller/AccessController.class.php 第 4 行.
SQL: SHOW COLUMNS FROM `sc_role_user` [ RunTime:0.0006s ]
SQL: SELECT COUNT(*) AS tp_count FROM `sc_role_user` WHERE ( user_type = 'U' ) LIMIT 1   [ RunTime:0.0004s ]
SQL: SHOW COLUMNS FROM `sc_users` [ RunTime:0.0010s ]
SQL: SELECT a.id,a.nick_name,b.role_id FROM `sc_users` as a join sc_role_user as b on a.id = b.user_id  WHERE ( user_type = 'U' ) LIMIT 0,5   [ RunTime:0.0006s ]
SQL: SHOW COLUMNS FROM `sc_role` [ RunTime:0.0007s ]
SQL: SELECT `name` FROM `sc_role` WHERE `id` = 1 LIMIT 1   [ RunTime:0.0004s ]
SQL: SELECT `name` FROM `sc_role` WHERE `id` = 4 LIMIT 1   [ RunTime:0.0001s ]
SQL: SELECT `name` FROM `sc_role` WHERE `id` = 6 LIMIT 1   [ RunTime:0.0001s ]

[ 2016-05-03T17:03:57+08:00 ] ::1 /smart_community/index.php/Admin/Access/role
INFO: [ app_init ] --START--
INFO: Run Behavior\BuildLiteBehavior [ RunTime:0.000023s ]
INFO: [ app_init ] --END-- [ RunTime:0.000334s ]
INFO: [ app_begin ] --START--
INFO: Run Behavior\ReadHtmlCacheBehavior [ RunTime:0.000321s ]
INFO: [ app_begin ] --END-- [ RunTime:0.000397s ]
NOTIC: [2048] Declaration of Admin\Controller\AccessController::show() should be compatible with Think\Controller::show($content, $charset = '', $contentType = '', $prefix = '') /wwwroot/Smart_Community/Application/Admin/Controller/AccessController.class.php 第 4 行.
SQL: SHOW COLUMNS FROM `sc_role` [ RunTime:0.0009s ]
SQL: SELECT * FROM `sc_role`  [ RunTime:0.0003s ]

[ 2016-05-03T17:04:02+08:00 ] ::1 /smart_community/index.php/Admin/Access/do_add_role
INFO: [ app_init ] --START--
INFO: Run Behavior\BuildLiteBehavior [ RunTime:0.000023s ]
INFO: [ app_init ] --END-- [ RunTime:0.000356s ]
INFO: [ app_begin ] --START--
INFO: Run Behavior\ReadHtmlCacheBehavior [ RunTime:0.000305s ]
INFO: [ app_begin ] --END-- [ RunTime:0.000374s ]
NOTIC: [2048] Declaration of Admin\Controller\AccessController::show() should be compatible with Think\Controller::show($content, $charset = '', $contentType = '', $prefix = '') /wwwroot/Smart_Community/Application/Admin/Controller/AccessController.class.php 第 4 行.
SQL: SHOW COLUMNS FROM `sc_role` [ RunTime:0.0005s ]
SQL: SELECT * FROM `sc_role` WHERE `name` = 'addf'  [ RunTime:0.0002s ]
SQL: INSERT INTO `sc_role` (`name`,`status`,`remark`) VALUES ('addf','1','asdfasdfasd') [ RunTime:0.0825s ]

[ 2016-05-03T17:04:03+08:00 ] ::1 /smart_community/index.php/Admin/Access/role
INFO: [ app_init ] --START--
INFO: Run Behavior\BuildLiteBehavior [ RunTime:0.000049s ]
INFO: [ app_init ] --END-- [ RunTime:0.000775s ]
INFO: [ app_begin ] --START--
INFO: Run Behavior\ReadHtmlCacheBehavior [ RunTime:0.000580s ]
INFO: [ app_begin ] --END-- [ RunTime:0.000727s ]
NOTIC: [2048] Declaration of Admin\Controller\AccessController::show() should be compatible with Think\Controller::show($content, $charset = '', $contentType = '', $prefix = '') /wwwroot/Smart_Community/Application/Admin/Controller/AccessController.class.php 第 4 行.
SQL: SHOW COLUMNS FROM `sc_role` [ RunTime:0.0007s ]
SQL: SELECT * FROM `sc_role`  [ RunTime:0.0006s ]

[ 2016-05-03T17:04:11+08:00 ] ::1 /smart_community/index.php/Admin/Access/do_add_role
INFO: [ app_init ] --START--
INFO: Run Behavior\BuildLiteBehavior [ RunTime:0.000043s ]
INFO: [ app_init ] --END-- [ RunTime:0.000666s ]
INFO: [ app_begin ] --START--
INFO: Run Behavior\ReadHtmlCacheBehavior [ RunTime:0.000531s ]
INFO: [ app_begin ] --END-- [ RunTime:0.000635s ]
NOTIC: [2048] Declaration of Admin\Controller\AccessController::show() should be compatible with Think\Controller::show($content, $charset = '', $contentType = '', $prefix = '') /wwwroot/Smart_Community/Application/Admin/Controller/AccessController.class.php 第 4 行.
SQL: SHOW COLUMNS FROM `sc_role` [ RunTime:0.0008s ]
SQL: SELECT * FROM `sc_role` WHERE `name` = 'asdf'  [ RunTime:0.0004s ]

[ 2016-05-03T17:04:17+08:00 ] ::1 /smart_community/index.php/Admin/Access/index
INFO: [ app_init ] --START--
INFO: Run Behavior\BuildLiteBehavior [ RunTime:0.000038s ]
INFO: [ app_init ] --END-- [ RunTime:0.000498s ]
INFO: [ app_begin ] --START--
INFO: Run Behavior\ReadHtmlCacheBehavior [ RunTime:0.000827s ]
INFO: [ app_begin ] --END-- [ RunTime:0.001055s ]
NOTIC: [2048] Declaration of Admin\Controller\AccessController::show() should be compatible with Think\Controller::show($content, $charset = '', $contentType = '', $prefix = '') /wwwroot/Smart_Community/Application/Admin/Controller/AccessController.class.php 第 4 行.
SQL: SHOW COLUMNS FROM `sc_role_user` [ RunTime:0.0011s ]
SQL: SELECT COUNT(*) AS tp_count FROM `sc_role_user` WHERE ( user_type = 'U' ) LIMIT 1   [ RunTime:0.0003s ]
SQL: SHOW COLUMNS FROM `sc_users` [ RunTime:0.0006s ]
SQL: SELECT a.id,a.nick_name,b.role_id FROM `sc_users` as a join sc_role_user as b on a.id = b.user_id  WHERE ( user_type = 'U' ) LIMIT 0,5   [ RunTime:0.0004s ]
SQL: SHOW COLUMNS FROM `sc_role` [ RunTime:0.0005s ]
SQL: SELECT `name` FROM `sc_role` WHERE `id` = 1 LIMIT 1   [ RunTime:0.0002s ]
SQL: SELECT `name` FROM `sc_role` WHERE `id` = 4 LIMIT 1   [ RunTime:0.0002s ]
SQL: SELECT `name` FROM `sc_role` WHERE `id` = 6 LIMIT 1   [ RunTime:0.0002s ]

[ 2016-05-03T17:07:45+08:00 ] ::1 /smart_community/index.php/Admin/Access/index
INFO: [ app_init ] --START--
INFO: Run Behavior\BuildLiteBehavior [ RunTime:0.000023s ]
INFO: [ app_init ] --END-- [ RunTime:0.000328s ]
INFO: [ app_begin ] --START--
INFO: Run Behavior\ReadHtmlCacheBehavior [ RunTime:0.000368s ]
INFO: [ app_begin ] --END-- [ RunTime:0.000456s ]
NOTIC: [2048] Declaration of Admin\Controller\AccessController::show() should be compatible with Think\Controller::show($content, $charset = '', $contentType = '', $prefix = '') /wwwroot/Smart_Community/Application/Admin/Controller/AccessController.class.php 第 4 行.
SQL: SHOW COLUMNS FROM `sc_role_user` [ RunTime:0.0006s ]
SQL: SELECT COUNT(*) AS tp_count FROM `sc_role_user` WHERE ( user_type = 'M' ) LIMIT 1   [ RunTime:0.0002s ]
SQL: SHOW COLUMNS FROM `sc_mgrs` [ RunTime:0.0593s ]
SQL: SELECT a.id,a.nick_name,b.role_id FROM `sc_mgrs` as a join sc_role_user as b on a.id = b.user_id  WHERE ( user_type = 'M' ) LIMIT 0,5   [ RunTime:0.0172s ]
SQL: SHOW COLUMNS FROM `sc_role` [ RunTime:0.0008s ]
SQL: SELECT `name` FROM `sc_role` WHERE `id` = 6 LIMIT 1   [ RunTime:0.0003s ]

[ 2016-05-03T17:07:46+08:00 ] ::1 /smart_community/index.php/Admin/Access/index
INFO: [ app_init ] --START--
INFO: Run Behavior\BuildLiteBehavior [ RunTime:0.000036s ]
INFO: [ app_init ] --END-- [ RunTime:0.000352s ]
INFO: [ app_begin ] --START--
INFO: Run Behavior\ReadHtmlCacheBehavior [ RunTime:0.000320s ]
INFO: [ app_begin ] --END-- [ RunTime:0.000393s ]
NOTIC: [2048] Declaration of Admin\Controller\AccessController::show() should be compatible with Think\Controller::show($content, $charset = '', $contentType = '', $prefix = '') /wwwroot/Smart_Community/Application/Admin/Controller/AccessController.class.php 第 4 行.
SQL: SHOW COLUMNS FROM `sc_role_user` [ RunTime:0.0006s ]
SQL: SELECT COUNT(*) AS tp_count FROM `sc_role_user` WHERE ( user_type = 'A' ) LIMIT 1   [ RunTime:0.0004s ]
SQL: SHOW COLUMNS FROM `sc_admin` [ RunTime:0.0435s ]
SQL: SELECT a.id,a.nick_name,b.role_id FROM `sc_admin` as a join sc_role_user as b on a.id = b.user_id  WHERE ( user_type = 'A' ) LIMIT 0,5   [ RunTime:0.0009s ]
SQL: SHOW COLUMNS FROM `sc_role` [ RunTime:0.0011s ]
SQL: SELECT `name` FROM `sc_role` WHERE `id` = 5 LIMIT 1   [ RunTime:0.0004s ]

[ 2016-05-03T17:08:01+08:00 ] ::1 /smart_community/index.php/Admin/Access/index
INFO: [ app_init ] --START--
INFO: Run Behavior\BuildLiteBehavior [ RunTime:0.000037s ]
INFO: [ app_init ] --END-- [ RunTime:0.000531s ]
INFO: [ app_begin ] --START--
INFO: Run Behavior\ReadHtmlCacheBehavior [ RunTime:0.000484s ]
INFO: [ app_begin ] --END-- [ RunTime:0.000581s ]
NOTIC: [2048] Declaration of Admin\Controller\AccessController::show() should be compatible with Think\Controller::show($content, $charset = '', $contentType = '', $prefix = '') /wwwroot/Smart_Community/Application/Admin/Controller/AccessController.class.php 第 4 行.
SQL: SHOW COLUMNS FROM `sc_role_user` [ RunTime:0.0010s ]
SQL: SELECT COUNT(*) AS tp_count FROM `sc_role_user` WHERE ( user_type = 'U' ) LIMIT 1   [ RunTime:0.0003s ]
SQL: SHOW COLUMNS FROM `sc_users` [ RunTime:0.0006s ]
SQL: SELECT a.id,a.nick_name,b.role_id FROM `sc_users` as a join sc_role_user as b on a.id = b.user_id  WHERE ( user_type = 'U' ) LIMIT 0,5   [ RunTime:0.0004s ]
SQL: SHOW COLUMNS FROM `sc_role` [ RunTime:0.0005s ]
SQL: SELECT `name` FROM `sc_role` WHERE `id` = 1 LIMIT 1   [ RunTime:0.0002s ]
SQL: SELECT `name` FROM `sc_role` WHERE `id` = 4 LIMIT 1   [ RunTime:0.0001s ]
SQL: SELECT `name` FROM `sc_role` WHERE `id` = 6 LIMIT 1   [ RunTime:0.0002s ]

[ 2016-05-03T17:08:02+08:00 ] ::1 /smart_community/index.php/Admin/Access/role
INFO: [ app_init ] --START--
INFO: Run Behavior\BuildLiteBehavior [ RunTime:0.000022s ]
INFO: [ app_init ] --END-- [ RunTime:0.000335s ]
INFO: [ app_begin ] --START--
INFO: Run Behavior\ReadHtmlCacheBehavior [ RunTime:0.000307s ]
INFO: [ app_begin ] --END-- [ RunTime:0.000379s ]
NOTIC: [2048] Declaration of Admin\Controller\AccessController::show() should be compatible with Think\Controller::show($content, $charset = '', $contentType = '', $prefix = '') /wwwroot/Smart_Community/Application/Admin/Controller/AccessController.class.php 第 4 行.
SQL: SHOW COLUMNS FROM `sc_role` [ RunTime:0.0006s ]
SQL: SELECT * FROM `sc_role`  [ RunTime:0.0002s ]

[ 2016-05-03T17:08:05+08:00 ] ::1 /smart_community/index.php/Admin/Access/index
INFO: [ app_init ] --START--
INFO: Run Behavior\BuildLiteBehavior [ RunTime:0.000039s ]
INFO: [ app_init ] --END-- [ RunTime:0.000566s ]
INFO: [ app_begin ] --START--
INFO: Run Behavior\ReadHtmlCacheBehavior [ RunTime:0.000377s ]
INFO: [ app_begin ] --END-- [ RunTime:0.000467s ]
NOTIC: [2048] Declaration of Admin\Controller\AccessController::show() should be compatible with Think\Controller::show($content, $charset = '', $contentType = '', $prefix = '') /wwwroot/Smart_Community/Application/Admin/Controller/AccessController.class.php 第 4 行.
SQL: SHOW COLUMNS FROM `sc_role_user` [ RunTime:0.0005s ]
SQL: SELECT COUNT(*) AS tp_count FROM `sc_role_user` WHERE ( user_type = 'U' ) LIMIT 1   [ RunTime:0.0002s ]
SQL: SHOW COLUMNS FROM `sc_users` [ RunTime:0.0007s ]
SQL: SELECT a.id,a.nick_name,b.role_id FROM `sc_users` as a join sc_role_user as b on a.id = b.user_id  WHERE ( user_type = 'U' ) LIMIT 0,5   [ RunTime:0.0005s ]
SQL: SHOW COLUMNS FROM `sc_role` [ RunTime:0.0004s ]
SQL: SELECT `name` FROM `sc_role` WHERE `id` = 1 LIMIT 1   [ RunTime:0.0002s ]
SQL: SELECT `name` FROM `sc_role` WHERE `id` = 4 LIMIT 1   [ RunTime:0.0002s ]
SQL: SELECT `name` FROM `sc_role` WHERE `id` = 6 LIMIT 1   [ RunTime:0.0002s ]

[ 2016-05-03T17:08:05+08:00 ] ::1 /smart_community/index.php/Admin/Access/role
INFO: [ app_init ] --START--
INFO: Run Behavior\BuildLiteBehavior [ RunTime:0.000021s ]
INFO: [ app_init ] --END-- [ RunTime:0.000288s ]
INFO: [ app_begin ] --START--
INFO: Run Behavior\ReadHtmlCacheBehavior [ RunTime:0.000311s ]
INFO: [ app_begin ] --END-- [ RunTime:0.000378s ]
NOTIC: [2048] Declaration of Admin\Controller\AccessController::show() should be compatible with Think\Controller::show($content, $charset = '', $contentType = '', $prefix = '') /wwwroot/Smart_Community/Application/Admin/Controller/AccessController.class.php 第 4 行.
SQL: SHOW COLUMNS FROM `sc_role` [ RunTime:0.0004s ]
SQL: SELECT * FROM `sc_role`  [ RunTime:0.0002s ]

[ 2016-05-03T17:08:14+08:00 ] ::1 /smart_community/index.php/Admin/Access/role
INFO: [ app_init ] --START--
INFO: Run Behavior\BuildLiteBehavior [ RunTime:0.000021s ]
INFO: [ app_init ] --END-- [ RunTime:0.000324s ]
INFO: [ app_begin ] --START--
INFO: Run Behavior\ReadHtmlCacheBehavior [ RunTime:0.000302s ]
INFO: [ app_begin ] --END-- [ RunTime:0.000370s ]
NOTIC: [2048] Declaration of Admin\Controller\AccessController::show() should be compatible with Think\Controller::show($content, $charset = '', $contentType = '', $prefix = '') /wwwroot/Smart_Community/Application/Admin/Controller/AccessController.class.php 第 4 行.
SQL: SHOW COLUMNS FROM `sc_role` [ RunTime:0.0005s ]
SQL: SELECT * FROM `sc_role`  [ RunTime:0.0002s ]

[ 2016-05-03T17:08:15+08:00 ] ::1 /smart_community/index.php/Admin/Access/index
INFO: [ app_init ] --START--
INFO: Run Behavior\BuildLiteBehavior [ RunTime:0.000037s ]
INFO: [ app_init ] --END-- [ RunTime:0.000544s ]
INFO: [ app_begin ] --START--
INFO: Run Behavior\ReadHtmlCacheBehavior [ RunTime:0.000414s ]
INFO: [ app_begin ] --END-- [ RunTime:0.000527s ]
NOTIC: [2048] Declaration of Admin\Controller\AccessController::show() should be compatible with Think\Controller::show($content, $charset = '', $contentType = '', $prefix = '') /wwwroot/Smart_Community/Application/Admin/Controller/AccessController.class.php 第 4 行.
SQL: SHOW COLUMNS FROM `sc_role_user` [ RunTime:0.0005s ]
SQL: SELECT COUNT(*) AS tp_count FROM `sc_role_user` WHERE ( user_type = 'U' ) LIMIT 1   [ RunTime:0.0004s ]
SQL: SHOW COLUMNS FROM `sc_users` [ RunTime:0.0010s ]
SQL: SELECT a.id,a.nick_name,b.role_id FROM `sc_users` as a join sc_role_user as b on a.id = b.user_id  WHERE ( user_type = 'U' ) LIMIT 0,5   [ RunTime:0.0006s ]
SQL: SHOW COLUMNS FROM `sc_role` [ RunTime:0.0006s ]
SQL: SELECT `name` FROM `sc_role` WHERE `id` = 1 LIMIT 1   [ RunTime:0.0004s ]
SQL: SELECT `name` FROM `sc_role` WHERE `id` = 4 LIMIT 1   [ RunTime:0.0002s ]
SQL: SELECT `name` FROM `sc_role` WHERE `id` = 6 LIMIT 1   [ RunTime:0.0002s ]

[ 2016-05-03T17:31:48+08:00 ] ::1 /smart_community/index.php/Admin/Access/role
INFO: [ app_init ] --START--
INFO: Run Behavior\BuildLiteBehavior [ RunTime:0.000031s ]
INFO: [ app_init ] --END-- [ RunTime:0.000621s ]
INFO: [ app_begin ] --START--
INFO: Run Behavior\ReadHtmlCacheBehavior [ RunTime:0.000787s ]
INFO: [ app_begin ] --END-- [ RunTime:0.000907s ]
NOTIC: [2048] Declaration of Admin\Controller\AccessController::show() should be compatible with Think\Controller::show($content, $charset = '', $contentType = '', $prefix = '') /wwwroot/Smart_Community/Application/Admin/Controller/AccessController.class.php 第 4 行.

[ 2016-05-03T17:31:53+08:00 ] ::1 /smart_community/index.php/Admin/Access/index
INFO: [ app_init ] --START--
INFO: Run Behavior\BuildLiteBehavior [ RunTime:0.000108s ]
INFO: [ app_init ] --END-- [ RunTime:0.000662s ]
INFO: [ app_begin ] --START--
INFO: Run Behavior\ReadHtmlCacheBehavior [ RunTime:0.000377s ]
INFO: [ app_begin ] --END-- [ RunTime:0.000472s ]
NOTIC: [2048] Declaration of Admin\Controller\AccessController::show() should be compatible with Think\Controller::show($content, $charset = '', $contentType = '', $prefix = '') /wwwroot/Smart_Community/Application/Admin/Controller/AccessController.class.php 第 4 行.

[ 2016-05-03T17:31:54+08:00 ] ::1 /smart_community/index.php/Admin/Access/index
INFO: [ app_init ] --START--
INFO: Run Behavior\BuildLiteBehavior [ RunTime:0.000022s ]
INFO: [ app_init ] --END-- [ RunTime:0.000304s ]
INFO: [ app_begin ] --START--
INFO: Run Behavior\ReadHtmlCacheBehavior [ RunTime:0.000356s ]
INFO: [ app_begin ] --END-- [ RunTime:0.000453s ]
NOTIC: [2048] Declaration of Admin\Controller\AccessController::show() should be compatible with Think\Controller::show($content, $charset = '', $contentType = '', $prefix = '') /wwwroot/Smart_Community/Application/Admin/Controller/AccessController.class.php 第 4 行.

[ 2016-05-03T17:31:55+08:00 ] ::1 /smart_community/index.php/Admin/Access/index
INFO: [ app_init ] --START--
INFO: Run Behavior\BuildLiteBehavior [ RunTime:0.000023s ]
INFO: [ app_init ] --END-- [ RunTime:0.000366s ]
INFO: [ app_begin ] --START--
INFO: Run Behavior\ReadHtmlCacheBehavior [ RunTime:0.000696s ]
INFO: [ app_begin ] --END-- [ RunTime:0.000858s ]
NOTIC: [2048] Declaration of Admin\Controller\AccessController::show() should be compatible with Think\Controller::show($content, $charset = '', $contentType = '', $prefix = '') /wwwroot/Smart_Community/Application/Admin/Controller/AccessController.class.php 第 4 行.

[ 2016-05-03T17:32:04+08:00 ] ::1 /smart_community/index.php/Admin/Access/index
INFO: [ app_init ] --START--
INFO: Run Behavior\BuildLiteBehavior [ RunTime:0.000045s ]
INFO: [ app_init ] --END-- [ RunTime:0.000579s ]
INFO: [ app_begin ] --START--
INFO: Run Behavior\ReadHtmlCacheBehavior [ RunTime:0.000507s ]
INFO: [ app_begin ] --END-- [ RunTime:0.000601s ]
NOTIC: [2048] Declaration of Admin\Controller\AccessController::show() should be compatible with Think\Controller::show($content, $charset = '', $contentType = '', $prefix = '') /wwwroot/Smart_Community/Application/Admin/Controller/AccessController.class.php 第 4 行.

[ 2016-05-03T17:32:05+08:00 ] ::1 /smart_community/index.php/Admin/Access/role
INFO: [ app_init ] --START--
INFO: Run Behavior\BuildLiteBehavior [ RunTime:0.000023s ]
INFO: [ app_init ] --END-- [ RunTime:0.000369s ]
INFO: [ app_begin ] --START--
INFO: Run Behavior\ReadHtmlCacheBehavior [ RunTime:0.000500s ]
INFO: [ app_begin ] --END-- [ RunTime:0.000648s ]
NOTIC: [2048] Declaration of Admin\Controller\AccessController::show() should be compatible with Think\Controller::show($content, $charset = '', $contentType = '', $prefix = '') /wwwroot/Smart_Community/Application/Admin/Controller/AccessController.class.php 第 4 行.

[ 2016-05-03T17:36:11+08:00 ] ::1 /smart_community/index.php/Admin/Access/role
INFO: [ app_init ] --START--
INFO: Run Behavior\BuildLiteBehavior [ RunTime:0.000037s ]
INFO: [ app_init ] --END-- [ RunTime:0.000581s ]
INFO: [ app_begin ] --START--
INFO: Run Behavior\ReadHtmlCacheBehavior [ RunTime:0.000374s ]
INFO: [ app_begin ] --END-- [ RunTime:0.000470s ]
NOTIC: [2048] Declaration of Admin\Controller\AccessController::show() should be compatible with Think\Controller::show($content, $charset = '', $contentType = '', $prefix = '') /wwwroot/Smart_Community/Application/Admin/Controller/AccessController.class.php 第 4 行.

