[ 2016-04-29T09:29:00+08:00 ] ::1 /smart_community/index.php/Admin/public/logout
INFO: [ app_init ] --START--
INFO: Run Behavior\BuildLiteBehavior [ RunTime:0.000066s ]
INFO: [ app_init ] --END-- [ RunTime:0.014658s ]
INFO: [ app_begin ] --START--
INFO: Run Behavior\ReadHtmlCacheBehavior [ RunTime:0.018032s ]
INFO: [ app_begin ] --END-- [ RunTime:0.018242s ]
NOTIC: [2048] Declaration of Admin\Controller\PublicController::show() should be compatible with Think\Controller::show($content, $charset = '', $contentType = '', $prefix = '') /wwwroot/Smart_Community/Application/Admin/Controller/PublicController.class.php 第 145 行.

[ 2016-04-29T09:29:02+08:00 ] ::1 /smart_community/index.php/Admin/public/checklogin
INFO: [ app_init ] --START--
INFO: Run Behavior\BuildLiteBehavior [ RunTime:0.000022s ]
INFO: [ app_init ] --END-- [ RunTime:0.000368s ]
INFO: [ app_begin ] --START--
INFO: Run Behavior\ReadHtmlCacheBehavior [ RunTime:0.000403s ]
INFO: [ app_begin ] --END-- [ RunTime:0.000496s ]
NOTIC: [2048] Declaration of Admin\Controller\PublicController::show() should be compatible with Think\Controller::show($content, $charset = '', $contentType = '', $prefix = '') /wwwroot/Smart_Community/Application/Admin/Controller/PublicController.class.php 第 145 行.

[ 2016-04-29T09:29:05+08:00 ] ::1 /smart_community/index.php/Admin/public/checklogin
INFO: [ app_init ] --START--
INFO: Run Behavior\BuildLiteBehavior [ RunTime:0.000022s ]
INFO: [ app_init ] --END-- [ RunTime:0.000348s ]
INFO: [ app_begin ] --START--
INFO: Run Behavior\ReadHtmlCacheBehavior [ RunTime:0.000353s ]
INFO: [ app_begin ] --END-- [ RunTime:0.000447s ]
NOTIC: [2048] Declaration of Admin\Controller\PublicController::show() should be compatible with Think\Controller::show($content, $charset = '', $contentType = '', $prefix = '') /wwwroot/Smart_Community/Application/Admin/Controller/PublicController.class.php 第 145 行.

[ 2016-04-29T09:29:19+08:00 ] ::1 /smart_community/index.php/Admin/public/checklogin
INFO: [ app_init ] --START--
INFO: Run Behavior\BuildLiteBehavior [ RunTime:0.000024s ]
INFO: [ app_init ] --END-- [ RunTime:0.000438s ]
INFO: [ app_begin ] --START--
INFO: Run Behavior\ReadHtmlCacheBehavior [ RunTime:0.000441s ]
INFO: [ app_begin ] --END-- [ RunTime:0.000531s ]
NOTIC: [2048] Declaration of Admin\Controller\PublicController::show() should be compatible with Think\Controller::show($content, $charset = '', $contentType = '', $prefix = '') /wwwroot/Smart_Community/Application/Admin/Controller/PublicController.class.php 第 143 行.

[ 2016-04-29T09:29:29+08:00 ] ::1 /smart_community/index.php/Admin/Index/index
INFO: [ app_init ] --START--
INFO: Run Behavior\BuildLiteBehavior [ RunTime:0.000045s ]
INFO: [ app_init ] --END-- [ RunTime:0.000979s ]
INFO: [ app_begin ] --START--
INFO: Run Behavior\ReadHtmlCacheBehavior [ RunTime:0.000662s ]
INFO: [ app_begin ] --END-- [ RunTime:0.000838s ]
NOTIC: [2048] Declaration of Admin\Controller\IndexController::show() should be compatible with Think\Controller::show($content, $charset = '', $contentType = '', $prefix = '') /wwwroot/Smart_Community/Application/Admin/Controller/IndexController.class.php 第 4 行.

[ 2016-04-29T09:29:32+08:00 ] ::1 /smart_community/index.php/Admin/Index/index
INFO: [ app_init ] --START--
INFO: Run Behavior\BuildLiteBehavior [ RunTime:0.000022s ]
INFO: [ app_init ] --END-- [ RunTime:0.000343s ]
INFO: [ app_begin ] --START--
INFO: Run Behavior\ReadHtmlCacheBehavior [ RunTime:0.000392s ]
INFO: [ app_begin ] --END-- [ RunTime:0.000496s ]
NOTIC: [2048] Declaration of Admin\Controller\IndexController::show() should be compatible with Think\Controller::show($content, $charset = '', $contentType = '', $prefix = '') /wwwroot/Smart_Community/Application/Admin/Controller/IndexController.class.php 第 4 行.

[ 2016-04-29T09:29:38+08:00 ] ::1 /smart_community/index.php/Admin/public/login
INFO: [ app_init ] --START--
INFO: Run Behavior\BuildLiteBehavior [ RunTime:0.000025s ]
INFO: [ app_init ] --END-- [ RunTime:0.000455s ]
INFO: [ app_begin ] --START--
INFO: Run Behavior\ReadHtmlCacheBehavior [ RunTime:0.000475s ]
INFO: [ app_begin ] --END-- [ RunTime:0.000570s ]
NOTIC: [2048] Declaration of Admin\Controller\PublicController::show() should be compatible with Think\Controller::show($content, $charset = '', $contentType = '', $prefix = '') /wwwroot/Smart_Community/Application/Admin/Controller/PublicController.class.php 第 143 行.
INFO: [ view_parse ] --START--
INFO: [ template_filter ] --START--
INFO: Run Behavior\ContentReplaceBehavior [ RunTime:0.000247s ]
INFO: [ template_filter ] --END-- [ RunTime:0.000371s ]
INFO: Run Behavior\ParseTemplateBehavior [ RunTime:0.135392s ]
INFO: [ view_parse ] --END-- [ RunTime:0.135592s ]
INFO: [ view_filter ] --START--
INFO: Run Behavior\WriteHtmlCacheBehavior [ RunTime:0.018992s ]
INFO: Run Behavior\TokenBuildBehavior [ RunTime:0.026737s ]
INFO: [ view_filter ] --END-- [ RunTime:0.045969s ]
INFO: [ app_end ] --START--
INFO: Run Behavior\ShowPageTraceBehavior [ RunTime:0.020579s ]
INFO: [ app_end ] --END-- [ RunTime:0.020746s ]

[ 2016-04-29T09:29:39+08:00 ] ::1 /smart_community/index.php/Admin/Public/verify
INFO: [ app_init ] --START--
INFO: Run Behavior\BuildLiteBehavior [ RunTime:0.000021s ]
INFO: [ app_init ] --END-- [ RunTime:0.000420s ]
INFO: [ app_begin ] --START--
INFO: Run Behavior\ReadHtmlCacheBehavior [ RunTime:0.000460s ]
INFO: [ app_begin ] --END-- [ RunTime:0.000551s ]
NOTIC: [2048] Declaration of Admin\Controller\PublicController::show() should be compatible with Think\Controller::show($content, $charset = '', $contentType = '', $prefix = '') /wwwroot/Smart_Community/Application/Admin/Controller/PublicController.class.php 第 143 行.
INFO: [ app_end ] --START--
INFO: Run Behavior\ShowPageTraceBehavior [ RunTime:0.000888s ]
INFO: [ app_end ] --END-- [ RunTime:0.001084s ]

[ 2016-04-29T09:29:40+08:00 ] ::1 /smart_community/index.php/Admin/public/checklogin
INFO: [ app_init ] --START--
INFO: Run Behavior\BuildLiteBehavior [ RunTime:0.000023s ]
INFO: [ app_init ] --END-- [ RunTime:0.000329s ]
INFO: [ app_begin ] --START--
INFO: Run Behavior\ReadHtmlCacheBehavior [ RunTime:0.000376s ]
INFO: [ app_begin ] --END-- [ RunTime:0.000460s ]
NOTIC: [2048] Declaration of Admin\Controller\PublicController::show() should be compatible with Think\Controller::show($content, $charset = '', $contentType = '', $prefix = '') /wwwroot/Smart_Community/Application/Admin/Controller/PublicController.class.php 第 143 行.

[ 2016-04-29T09:29:57+08:00 ] ::1 /smart_community/index.php/Admin/Public/checkLogin
INFO: [ app_init ] --START--
INFO: Run Behavior\BuildLiteBehavior [ RunTime:0.000026s ]
INFO: [ app_init ] --END-- [ RunTime:0.000452s ]
INFO: [ app_begin ] --START--
INFO: Run Behavior\ReadHtmlCacheBehavior [ RunTime:0.000469s ]
INFO: [ app_begin ] --END-- [ RunTime:0.000549s ]
NOTIC: [2048] Declaration of Admin\Controller\PublicController::show() should be compatible with Think\Controller::show($content, $charset = '', $contentType = '', $prefix = '') /wwwroot/Smart_Community/Application/Admin/Controller/PublicController.class.php 第 143 行.
SQL: SHOW COLUMNS FROM `sc_users` [ RunTime:0.2080s ]
SQL: SELECT `id`,`nick_name`,`password`,`id_card_num`,`if_aprvd` FROM `sc_users` WHERE ( nick_name='admin' ) LIMIT 1   [ RunTime:0.0879s ]
SQL: SELECT `id`,`nick_name`,`password`,`id_card_num`,`if_aprvd` FROM `sc_users` WHERE ( nick_name='admin' ) LIMIT 1   [ RunTime:0.0006s ]
SQL: UPDATE `sc_users` SET `last_log_ip`='::1',`last_log_time`='2016-04-29 09:29:57' WHERE `id` = 27 [ RunTime:0.1316s ]

[ 2016-04-29T09:29:59+08:00 ] ::1 /smart_community/index.php/Admin/Index/index
INFO: [ app_init ] --START--
INFO: Run Behavior\BuildLiteBehavior [ RunTime:0.000023s ]
INFO: [ app_init ] --END-- [ RunTime:0.000308s ]
INFO: [ app_begin ] --START--
INFO: Run Behavior\ReadHtmlCacheBehavior [ RunTime:0.000379s ]
INFO: [ app_begin ] --END-- [ RunTime:0.000469s ]
NOTIC: [2048] Declaration of Admin\Controller\IndexController::show() should be compatible with Think\Controller::show($content, $charset = '', $contentType = '', $prefix = '') /wwwroot/Smart_Community/Application/Admin/Controller/IndexController.class.php 第 4 行.
INFO: [ view_parse ] --START--
INFO: [ template_filter ] --START--
INFO: Run Behavior\ContentReplaceBehavior [ RunTime:0.000119s ]
INFO: [ template_filter ] --END-- [ RunTime:0.000236s ]
INFO: Run Behavior\ParseTemplateBehavior [ RunTime:0.131221s ]
INFO: [ view_parse ] --END-- [ RunTime:0.131315s ]
INFO: [ view_filter ] --START--
INFO: Run Behavior\WriteHtmlCacheBehavior [ RunTime:0.000442s ]
INFO: Run Behavior\TokenBuildBehavior [ RunTime:0.037701s ]
INFO: [ view_filter ] --END-- [ RunTime:0.038333s ]
INFO: [ app_end ] --START--
INFO: Run Behavior\ShowPageTraceBehavior [ RunTime:0.043651s ]
INFO: [ app_end ] --END-- [ RunTime:0.043810s ]

[ 2016-04-29T09:30:05+08:00 ] ::1 /smart_community/index.php/Admin/public/checklogin
INFO: [ app_init ] --START--
INFO: Run Behavior\BuildLiteBehavior [ RunTime:0.000020s ]
INFO: [ app_init ] --END-- [ RunTime:0.000272s ]
INFO: [ app_begin ] --START--
INFO: Run Behavior\ReadHtmlCacheBehavior [ RunTime:0.000285s ]
INFO: [ app_begin ] --END-- [ RunTime:0.000361s ]
NOTIC: [2048] Declaration of Admin\Controller\PublicController::show() should be compatible with Think\Controller::show($content, $charset = '', $contentType = '', $prefix = '') /wwwroot/Smart_Community/Application/Admin/Controller/PublicController.class.php 第 143 行.

[ 2016-04-29T10:32:44+08:00 ] ::1 /smart_community/index.php/Admin/public/checklogin
INFO: [ app_init ] --START--
INFO: Run Behavior\BuildLiteBehavior [ RunTime:0.000047s ]
INFO: [ app_init ] --END-- [ RunTime:0.001053s ]
INFO: [ app_begin ] --START--
INFO: Run Behavior\ReadHtmlCacheBehavior [ RunTime:0.000999s ]
INFO: [ app_begin ] --END-- [ RunTime:0.001133s ]
NOTIC: [2048] Declaration of Admin\Controller\PublicController::show() should be compatible with Think\Controller::show($content, $charset = '', $contentType = '', $prefix = '') /wwwroot/Smart_Community/Application/Admin/Controller/PublicController.class.php 第 143 行.

[ 2016-04-29T10:32:48+08:00 ] ::1 /smart_community/index.php/Admin/public/checklogin
INFO: [ app_init ] --START--
INFO: Run Behavior\BuildLiteBehavior [ RunTime:0.000021s ]
INFO: [ app_init ] --END-- [ RunTime:0.000312s ]
INFO: [ app_begin ] --START--
INFO: Run Behavior\ReadHtmlCacheBehavior [ RunTime:0.000564s ]
INFO: [ app_begin ] --END-- [ RunTime:0.000717s ]
NOTIC: [2048] Declaration of Admin\Controller\PublicController::show() should be compatible with Think\Controller::show($content, $charset = '', $contentType = '', $prefix = '') /wwwroot/Smart_Community/Application/Admin/Controller/PublicController.class.php 第 143 行.

[ 2016-04-29T11:07:44+08:00 ] ::1 /smart_community/index.php/Admin/Index/index
INFO: [ app_init ] --START--
INFO: Run Behavior\BuildLiteBehavior [ RunTime:0.000021s ]
INFO: [ app_init ] --END-- [ RunTime:0.000420s ]
INFO: [ app_begin ] --START--
INFO: Run Behavior\ReadHtmlCacheBehavior [ RunTime:0.000518s ]
INFO: [ app_begin ] --END-- [ RunTime:0.000608s ]
NOTIC: [2048] Declaration of Admin\Controller\IndexController::show() should be compatible with Think\Controller::show($content, $charset = '', $contentType = '', $prefix = '') /wwwroot/Smart_Community/Application/Admin/Controller/IndexController.class.php 第 4 行.
INFO: [ view_parse ] --START--
INFO: [ template_filter ] --START--
INFO: Run Behavior\ContentReplaceBehavior [ RunTime:0.000346s ]
INFO: [ template_filter ] --END-- [ RunTime:0.000525s ]
INFO: Run Behavior\ParseTemplateBehavior [ RunTime:0.129761s ]
INFO: [ view_parse ] --END-- [ RunTime:0.129895s ]
INFO: [ view_filter ] --START--
INFO: Run Behavior\WriteHtmlCacheBehavior [ RunTime:0.000423s ]
INFO: Run Behavior\TokenBuildBehavior [ RunTime:0.025231s ]
INFO: [ view_filter ] --END-- [ RunTime:0.025834s ]
INFO: [ app_end ] --START--
INFO: Run Behavior\ShowPageTraceBehavior [ RunTime:0.021016s ]
INFO: [ app_end ] --END-- [ RunTime:0.021208s ]

[ 2016-04-29T11:07:47+08:00 ] ::1 /smart_community/index.php/Admin/Access/index_list.html
INFO: [ app_init ] --START--
INFO: Run Behavior\BuildLiteBehavior [ RunTime:0.000024s ]
INFO: [ app_init ] --END-- [ RunTime:0.000504s ]
INFO: [ app_begin ] --START--
INFO: Run Behavior\ReadHtmlCacheBehavior [ RunTime:0.000487s ]
INFO: [ app_begin ] --END-- [ RunTime:0.000583s ]
NOTIC: [2048] Declaration of Admin\Controller\AccessController::show() should be compatible with Think\Controller::show($content, $charset = '', $contentType = '', $prefix = '') /wwwroot/Smart_Community/Application/Admin/Controller/AccessController.class.php 第 4 行.
INFO: [ view_parse ] --START--
INFO: [ template_filter ] --START--
INFO: Run Behavior\ContentReplaceBehavior [ RunTime:0.000239s ]
INFO: [ template_filter ] --END-- [ RunTime:0.000347s ]
INFO: Run Behavior\ParseTemplateBehavior [ RunTime:0.019878s ]
INFO: [ view_parse ] --END-- [ RunTime:0.019965s ]
INFO: [ view_filter ] --START--
INFO: Run Behavior\WriteHtmlCacheBehavior [ RunTime:0.000173s ]
INFO: Run Behavior\TokenBuildBehavior [ RunTime:0.000550s ]
INFO: [ view_filter ] --END-- [ RunTime:0.000846s ]
INFO: [ app_end ] --START--
INFO: Run Behavior\ShowPageTraceBehavior [ RunTime:0.000519s ]
INFO: [ app_end ] --END-- [ RunTime:0.000694s ]

[ 2016-04-29T11:07:48+08:00 ] ::1 /smart_community/index.php/Admin/Access/index
INFO: [ app_init ] --START--
INFO: Run Behavior\BuildLiteBehavior [ RunTime:0.000038s ]
INFO: [ app_init ] --END-- [ RunTime:0.000462s ]
INFO: [ app_begin ] --START--
INFO: Run Behavior\ReadHtmlCacheBehavior [ RunTime:0.000396s ]
INFO: [ app_begin ] --END-- [ RunTime:0.000586s ]
NOTIC: [2048] Declaration of Admin\Controller\AccessController::show() should be compatible with Think\Controller::show($content, $charset = '', $contentType = '', $prefix = '') /wwwroot/Smart_Community/Application/Admin/Controller/AccessController.class.php 第 4 行.
SQL: SHOW COLUMNS FROM `sc_role_user` [ RunTime:0.0340s ]
SQL: SELECT COUNT(*) AS tp_count FROM `sc_role_user` WHERE ( user_type = 'U' ) LIMIT 1   [ RunTime:0.0980s ]
SQL: SHOW COLUMNS FROM `sc_users` [ RunTime:0.0013s ]
SQL: SELECT a.id,a.nick_name,b.role_id FROM `sc_users` as a join sc_role_user as b on a.id = b.user_id  WHERE ( user_type = 'U' ) LIMIT 0,5   [ RunTime:0.0306s ]
SQL: SHOW COLUMNS FROM `sc_role` [ RunTime:0.0015s ]
SQL: SELECT `name` FROM `sc_role` WHERE `id` = 1 LIMIT 1   [ RunTime:0.0257s ]
SQL: SELECT `name` FROM `sc_role` WHERE `id` = 4 LIMIT 1   [ RunTime:0.0238s ]
SQL: SELECT `name` FROM `sc_role` WHERE `id` = 6 LIMIT 1   [ RunTime:0.0002s ]

[ 2016-04-29T11:07:49+08:00 ] ::1 /smart_community/index.php/Admin/Access/index
INFO: [ app_init ] --START--
INFO: Run Behavior\BuildLiteBehavior [ RunTime:0.000020s ]
INFO: [ app_init ] --END-- [ RunTime:0.000280s ]
INFO: [ app_begin ] --START--
INFO: Run Behavior\ReadHtmlCacheBehavior [ RunTime:0.000286s ]
INFO: [ app_begin ] --END-- [ RunTime:0.000355s ]
NOTIC: [2048] Declaration of Admin\Controller\AccessController::show() should be compatible with Think\Controller::show($content, $charset = '', $contentType = '', $prefix = '') /wwwroot/Smart_Community/Application/Admin/Controller/AccessController.class.php 第 4 行.
SQL: SHOW COLUMNS FROM `sc_role_user` [ RunTime:0.0007s ]
SQL: SELECT COUNT(*) AS tp_count FROM `sc_role_user` WHERE ( user_type = 'M' ) LIMIT 1   [ RunTime:0.0004s ]
SQL: SHOW COLUMNS FROM `sc_mgrs` [ RunTime:0.0328s ]
SQL: SELECT a.id,a.nick_name,b.role_id FROM `sc_mgrs` as a join sc_role_user as b on a.id = b.user_id  WHERE ( user_type = 'M' ) LIMIT 0,5   [ RunTime:0.0316s ]
SQL: SHOW COLUMNS FROM `sc_role` [ RunTime:0.0236s ]
SQL: SELECT `name` FROM `sc_role` WHERE `id` = 6 LIMIT 1   [ RunTime:0.0003s ]

[ 2016-04-29T11:07:50+08:00 ] ::1 /smart_community/index.php/Admin/Access/index
INFO: [ app_init ] --START--
INFO: Run Behavior\BuildLiteBehavior [ RunTime:0.000044s ]
INFO: [ app_init ] --END-- [ RunTime:0.000669s ]
INFO: [ app_begin ] --START--
INFO: Run Behavior\ReadHtmlCacheBehavior [ RunTime:0.000401s ]
INFO: [ app_begin ] --END-- [ RunTime:0.000488s ]
NOTIC: [2048] Declaration of Admin\Controller\AccessController::show() should be compatible with Think\Controller::show($content, $charset = '', $contentType = '', $prefix = '') /wwwroot/Smart_Community/Application/Admin/Controller/AccessController.class.php 第 4 行.
SQL: SHOW COLUMNS FROM `sc_role_user` [ RunTime:0.0006s ]
SQL: SELECT COUNT(*) AS tp_count FROM `sc_role_user` WHERE ( user_type = 'A' ) LIMIT 1   [ RunTime:0.0004s ]
SQL: SHOW COLUMNS FROM `sc_admin` [ RunTime:0.0486s ]
SQL: SELECT a.id,a.nick_name,b.role_id FROM `sc_admin` as a join sc_role_user as b on a.id = b.user_id  WHERE ( user_type = 'A' ) LIMIT 0,5   [ RunTime:0.0005s ]
SQL: SHOW COLUMNS FROM `sc_role` [ RunTime:0.0007s ]
SQL: SELECT `name` FROM `sc_role` WHERE `id` = 5 LIMIT 1   [ RunTime:0.0003s ]

[ 2016-04-29T11:07:51+08:00 ] ::1 /smart_community/index.php/Admin/Access/role
INFO: [ app_init ] --START--
INFO: Run Behavior\BuildLiteBehavior [ RunTime:0.000039s ]
INFO: [ app_init ] --END-- [ RunTime:0.000364s ]
INFO: [ app_begin ] --START--
INFO: Run Behavior\ReadHtmlCacheBehavior [ RunTime:0.000308s ]
INFO: [ app_begin ] --END-- [ RunTime:0.000378s ]
NOTIC: [2048] Declaration of Admin\Controller\AccessController::show() should be compatible with Think\Controller::show($content, $charset = '', $contentType = '', $prefix = '') /wwwroot/Smart_Community/Application/Admin/Controller/AccessController.class.php 第 4 行.
SQL: SHOW COLUMNS FROM `sc_role` [ RunTime:0.0006s ]
SQL: SELECT * FROM `sc_role`  [ RunTime:0.0003s ]

[ 2016-04-29T11:08:04+08:00 ] ::1 /smart_community/index.php/Admin/Access/index
INFO: [ app_init ] --START--
INFO: Run Behavior\BuildLiteBehavior [ RunTime:0.000021s ]
INFO: [ app_init ] --END-- [ RunTime:0.000322s ]
INFO: [ app_begin ] --START--
INFO: Run Behavior\ReadHtmlCacheBehavior [ RunTime:0.000298s ]
INFO: [ app_begin ] --END-- [ RunTime:0.000366s ]
NOTIC: [2048] Declaration of Admin\Controller\AccessController::show() should be compatible with Think\Controller::show($content, $charset = '', $contentType = '', $prefix = '') /wwwroot/Smart_Community/Application/Admin/Controller/AccessController.class.php 第 4 行.
SQL: SHOW COLUMNS FROM `sc_role_user` [ RunTime:0.0006s ]
SQL: SELECT COUNT(*) AS tp_count FROM `sc_role_user` WHERE ( user_type = 'U' ) LIMIT 1   [ RunTime:0.0003s ]
SQL: SHOW COLUMNS FROM `sc_users` [ RunTime:0.0006s ]
SQL: SELECT a.id,a.nick_name,b.role_id FROM `sc_users` as a join sc_role_user as b on a.id = b.user_id  WHERE ( user_type = 'U' ) LIMIT 0,5   [ RunTime:0.0186s ]
SQL: SHOW COLUMNS FROM `sc_role` [ RunTime:0.0013s ]
SQL: SELECT `name` FROM `sc_role` WHERE `id` = 1 LIMIT 1   [ RunTime:0.0004s ]
SQL: SELECT `name` FROM `sc_role` WHERE `id` = 4 LIMIT 1   [ RunTime:0.0101s ]
SQL: SELECT `name` FROM `sc_role` WHERE `id` = 6 LIMIT 1   [ RunTime:0.0003s ]

[ 2016-04-29T11:08:05+08:00 ] ::1 /smart_community/index.php/Admin/Access/role
INFO: [ app_init ] --START--
INFO: Run Behavior\BuildLiteBehavior [ RunTime:0.000022s ]
INFO: [ app_init ] --END-- [ RunTime:0.000287s ]
INFO: [ app_begin ] --START--
INFO: Run Behavior\ReadHtmlCacheBehavior [ RunTime:0.000288s ]
INFO: [ app_begin ] --END-- [ RunTime:0.000354s ]
NOTIC: [2048] Declaration of Admin\Controller\AccessController::show() should be compatible with Think\Controller::show($content, $charset = '', $contentType = '', $prefix = '') /wwwroot/Smart_Community/Application/Admin/Controller/AccessController.class.php 第 4 行.
SQL: SHOW COLUMNS FROM `sc_role` [ RunTime:0.0007s ]
SQL: SELECT * FROM `sc_role`  [ RunTime:0.0004s ]

[ 2016-04-29T11:08:45+08:00 ] ::1 /smart_community/index.php/Admin/Access/index
INFO: [ app_init ] --START--
INFO: Run Behavior\BuildLiteBehavior [ RunTime:0.000020s ]
INFO: [ app_init ] --END-- [ RunTime:0.000408s ]
INFO: [ app_begin ] --START--
INFO: Run Behavior\ReadHtmlCacheBehavior [ RunTime:0.001296s ]
INFO: [ app_begin ] --END-- [ RunTime:0.001579s ]
NOTIC: [2048] Declaration of Admin\Controller\AccessController::show() should be compatible with Think\Controller::show($content, $charset = '', $contentType = '', $prefix = '') /wwwroot/Smart_Community/Application/Admin/Controller/AccessController.class.php 第 4 行.
SQL: SHOW COLUMNS FROM `sc_role_user` [ RunTime:0.0009s ]
SQL: SELECT COUNT(*) AS tp_count FROM `sc_role_user` WHERE ( user_type = 'U' ) LIMIT 1   [ RunTime:0.0004s ]
SQL: SHOW COLUMNS FROM `sc_users` [ RunTime:0.0012s ]
SQL: SELECT a.id,a.nick_name,b.role_id FROM `sc_users` as a join sc_role_user as b on a.id = b.user_id  WHERE ( user_type = 'U' ) LIMIT 0,5   [ RunTime:0.0005s ]
SQL: SHOW COLUMNS FROM `sc_role` [ RunTime:0.0005s ]
SQL: SELECT `name` FROM `sc_role` WHERE `id` = 1 LIMIT 1   [ RunTime:0.0003s ]
SQL: SELECT `name` FROM `sc_role` WHERE `id` = 4 LIMIT 1   [ RunTime:0.0415s ]
SQL: SELECT `name` FROM `sc_role` WHERE `id` = 6 LIMIT 1   [ RunTime:0.0004s ]

[ 2016-04-29T11:08:46+08:00 ] ::1 /smart_community/index.php/Admin/Access/role
INFO: [ app_init ] --START--
INFO: Run Behavior\BuildLiteBehavior [ RunTime:0.000040s ]
INFO: [ app_init ] --END-- [ RunTime:0.000547s ]
INFO: [ app_begin ] --START--
INFO: Run Behavior\ReadHtmlCacheBehavior [ RunTime:0.000518s ]
INFO: [ app_begin ] --END-- [ RunTime:0.000672s ]
NOTIC: [2048] Declaration of Admin\Controller\AccessController::show() should be compatible with Think\Controller::show($content, $charset = '', $contentType = '', $prefix = '') /wwwroot/Smart_Community/Application/Admin/Controller/AccessController.class.php 第 4 行.
SQL: SHOW COLUMNS FROM `sc_role` [ RunTime:0.0009s ]
SQL: SELECT * FROM `sc_role`  [ RunTime:0.0005s ]

[ 2016-04-29T11:08:49+08:00 ] ::1 /smart_community/index.php/Admin/Access/index
INFO: [ app_init ] --START--
INFO: Run Behavior\BuildLiteBehavior [ RunTime:0.000075s ]
INFO: [ app_init ] --END-- [ RunTime:0.000579s ]
INFO: [ app_begin ] --START--
INFO: Run Behavior\ReadHtmlCacheBehavior [ RunTime:0.000503s ]
INFO: [ app_begin ] --END-- [ RunTime:0.000629s ]
NOTIC: [2048] Declaration of Admin\Controller\AccessController::show() should be compatible with Think\Controller::show($content, $charset = '', $contentType = '', $prefix = '') /wwwroot/Smart_Community/Application/Admin/Controller/AccessController.class.php 第 4 行.
SQL: SHOW COLUMNS FROM `sc_role_user` [ RunTime:0.0007s ]
SQL: SELECT COUNT(*) AS tp_count FROM `sc_role_user` WHERE ( user_type = 'U' ) LIMIT 1   [ RunTime:0.0003s ]
SQL: SHOW COLUMNS FROM `sc_users` [ RunTime:0.0007s ]
SQL: SELECT a.id,a.nick_name,b.role_id FROM `sc_users` as a join sc_role_user as b on a.id = b.user_id  WHERE ( user_type = 'U' ) LIMIT 0,5   [ RunTime:0.0005s ]
SQL: SHOW COLUMNS FROM `sc_role` [ RunTime:0.0007s ]
SQL: SELECT `name` FROM `sc_role` WHERE `id` = 1 LIMIT 1   [ RunTime:0.0004s ]
SQL: SELECT `name` FROM `sc_role` WHERE `id` = 4 LIMIT 1   [ RunTime:0.0194s ]
SQL: SELECT `name` FROM `sc_role` WHERE `id` = 6 LIMIT 1   [ RunTime:0.0004s ]

[ 2016-04-29T11:08:50+08:00 ] ::1 /smart_community/index.php/Admin/Access/role
INFO: [ app_init ] --START--
INFO: Run Behavior\BuildLiteBehavior [ RunTime:0.000020s ]
INFO: [ app_init ] --END-- [ RunTime:0.000324s ]
INFO: [ app_begin ] --START--
INFO: Run Behavior\ReadHtmlCacheBehavior [ RunTime:0.000469s ]
INFO: [ app_begin ] --END-- [ RunTime:0.000577s ]
NOTIC: [2048] Declaration of Admin\Controller\AccessController::show() should be compatible with Think\Controller::show($content, $charset = '', $contentType = '', $prefix = '') /wwwroot/Smart_Community/Application/Admin/Controller/AccessController.class.php 第 4 行.
SQL: SHOW COLUMNS FROM `sc_role` [ RunTime:0.0005s ]
SQL: SELECT * FROM `sc_role`  [ RunTime:0.0002s ]

[ 2016-04-29T11:17:09+08:00 ] ::1 /smart_community/index.php/Admin/public/logout
INFO: [ app_init ] --START--
INFO: Run Behavior\BuildLiteBehavior [ RunTime:0.000028s ]
INFO: [ app_init ] --END-- [ RunTime:0.000665s ]
INFO: [ app_begin ] --START--
INFO: Run Behavior\ReadHtmlCacheBehavior [ RunTime:0.000491s ]
INFO: [ app_begin ] --END-- [ RunTime:0.000590s ]
NOTIC: [2048] Declaration of Admin\Controller\PublicController::show() should be compatible with Think\Controller::show($content, $charset = '', $contentType = '', $prefix = '') /wwwroot/Smart_Community/Application/Admin/Controller/PublicController.class.php 第 144 行.

[ 2016-04-29T11:17:12+08:00 ] ::1 /smart_community/index.php/Admin/public/checklogin
INFO: [ app_init ] --START--
INFO: Run Behavior\BuildLiteBehavior [ RunTime:0.000021s ]
INFO: [ app_init ] --END-- [ RunTime:0.000296s ]
INFO: [ app_begin ] --START--
INFO: Run Behavior\ReadHtmlCacheBehavior [ RunTime:0.000321s ]
INFO: [ app_begin ] --END-- [ RunTime:0.000475s ]
NOTIC: [2048] Declaration of Admin\Controller\PublicController::show() should be compatible with Think\Controller::show($content, $charset = '', $contentType = '', $prefix = '') /wwwroot/Smart_Community/Application/Admin/Controller/PublicController.class.php 第 144 行.

[ 2016-04-29T11:17:27+08:00 ] ::1 /smart_community/index.php/Admin/public/checklogin
INFO: [ app_init ] --START--
INFO: Run Behavior\BuildLiteBehavior [ RunTime:0.000024s ]
INFO: [ app_init ] --END-- [ RunTime:0.000569s ]
INFO: [ app_begin ] --START--
INFO: Run Behavior\ReadHtmlCacheBehavior [ RunTime:0.000634s ]
INFO: [ app_begin ] --END-- [ RunTime:0.000758s ]
NOTIC: [2048] Declaration of Admin\Controller\PublicController::show() should be compatible with Think\Controller::show($content, $charset = '', $contentType = '', $prefix = '') /wwwroot/Smart_Community/Application/Admin/Controller/PublicController.class.php 第 143 行.

[ 2016-04-29T11:23:07+08:00 ] ::1 /smart_community/index.php/Admin/Access/index.html
INFO: [ app_init ] --START--
INFO: Run Behavior\BuildLiteBehavior [ RunTime:0.000031s ]
INFO: [ app_init ] --END-- [ RunTime:0.000909s ]
INFO: [ app_begin ] --START--
INFO: Run Behavior\ReadHtmlCacheBehavior [ RunTime:0.001026s ]
INFO: [ app_begin ] --END-- [ RunTime:0.001186s ]
NOTIC: [2048] Declaration of Admin\Controller\AccessController::show() should be compatible with Think\Controller::show($content, $charset = '', $contentType = '', $prefix = '') /wwwroot/Smart_Community/Application/Admin/Controller/AccessController.class.php 第 4 行.

[ 2016-04-29T11:23:34+08:00 ] ::1 /smart_community/index.php/Admin/Public/checkLogin
INFO: [ app_init ] --START--
INFO: Run Behavior\BuildLiteBehavior [ RunTime:0.000021s ]
INFO: [ app_init ] --END-- [ RunTime:0.000421s ]
INFO: [ app_begin ] --START--
INFO: Run Behavior\ReadHtmlCacheBehavior [ RunTime:0.000430s ]
INFO: [ app_begin ] --END-- [ RunTime:0.000510s ]
NOTIC: [2048] Declaration of Admin\Controller\PublicController::show() should be compatible with Think\Controller::show($content, $charset = '', $contentType = '', $prefix = '') /wwwroot/Smart_Community/Application/Admin/Controller/PublicController.class.php 第 144 行.

[ 2016-04-29T11:23:35+08:00 ] ::1 /smart_community/index.php/Admin/Public/verify/0.9912601290270686
INFO: [ app_init ] --START--
INFO: Run Behavior\BuildLiteBehavior [ RunTime:0.000021s ]
INFO: [ app_init ] --END-- [ RunTime:0.000313s ]
INFO: [ app_begin ] --START--
INFO: Run Behavior\ReadHtmlCacheBehavior [ RunTime:0.000355s ]
INFO: [ app_begin ] --END-- [ RunTime:0.000457s ]
NOTIC: [2048] Declaration of Admin\Controller\PublicController::show() should be compatible with Think\Controller::show($content, $charset = '', $contentType = '', $prefix = '') /wwwroot/Smart_Community/Application/Admin/Controller/PublicController.class.php 第 144 行.
INFO: [ app_end ] --START--
INFO: Run Behavior\ShowPageTraceBehavior [ RunTime:0.009308s ]
INFO: [ app_end ] --END-- [ RunTime:0.009456s ]

[ 2016-04-29T11:23:40+08:00 ] ::1 /smart_community/index.php/Admin/Public/checkLogin
INFO: [ app_init ] --START--
INFO: Run Behavior\BuildLiteBehavior [ RunTime:0.000021s ]
INFO: [ app_init ] --END-- [ RunTime:0.000285s ]
INFO: [ app_begin ] --START--
INFO: Run Behavior\ReadHtmlCacheBehavior [ RunTime:0.000294s ]
INFO: [ app_begin ] --END-- [ RunTime:0.000363s ]
NOTIC: [2048] Declaration of Admin\Controller\PublicController::show() should be compatible with Think\Controller::show($content, $charset = '', $contentType = '', $prefix = '') /wwwroot/Smart_Community/Application/Admin/Controller/PublicController.class.php 第 144 行.
SQL: SHOW COLUMNS FROM `sc_users` [ RunTime:0.0014s ]
SQL: SELECT `id`,`nick_name`,`password`,`id_card_num`,`if_aprvd` FROM `sc_users` WHERE ( nick_name='admin' ) LIMIT 1   [ RunTime:0.0005s ]
SQL: SELECT `id`,`nick_name`,`password`,`id_card_num`,`if_aprvd` FROM `sc_users` WHERE ( nick_name='admin' ) LIMIT 1   [ RunTime:0.0005s ]
SQL: UPDATE `sc_users` SET `last_log_ip`='::1',`last_log_time`='2016-04-29 11:23:40' WHERE `id` = 27 [ RunTime:0.0614s ]

[ 2016-04-29T11:23:43+08:00 ] ::1 /smart_community/index.php/Admin/public/checklogin
INFO: [ app_init ] --START--
INFO: Run Behavior\BuildLiteBehavior [ RunTime:0.000022s ]
INFO: [ app_init ] --END-- [ RunTime:0.000341s ]
INFO: [ app_begin ] --START--
INFO: Run Behavior\ReadHtmlCacheBehavior [ RunTime:0.000516s ]
INFO: [ app_begin ] --END-- [ RunTime:0.000643s ]
NOTIC: [2048] Declaration of Admin\Controller\PublicController::show() should be compatible with Think\Controller::show($content, $charset = '', $contentType = '', $prefix = '') /wwwroot/Smart_Community/Application/Admin/Controller/PublicController.class.php 第 144 行.

[ 2016-04-29T11:23:50+08:00 ] ::1 /smart_community/index.php/Admin/public/checklogin
INFO: [ app_init ] --START--
INFO: Run Behavior\BuildLiteBehavior [ RunTime:0.000020s ]
INFO: [ app_init ] --END-- [ RunTime:0.000319s ]
INFO: [ app_begin ] --START--
INFO: Run Behavior\ReadHtmlCacheBehavior [ RunTime:0.000554s ]
INFO: [ app_begin ] --END-- [ RunTime:0.000706s ]
NOTIC: [2048] Declaration of Admin\Controller\PublicController::show() should be compatible with Think\Controller::show($content, $charset = '', $contentType = '', $prefix = '') /wwwroot/Smart_Community/Application/Admin/Controller/PublicController.class.php 第 144 行.

[ 2016-04-29T11:23:53+08:00 ] ::1 /smart_community/index.php/Admin/public/checklogin
INFO: [ app_init ] --START--
INFO: Run Behavior\BuildLiteBehavior [ RunTime:0.000023s ]
INFO: [ app_init ] --END-- [ RunTime:0.000365s ]
INFO: [ app_begin ] --START--
INFO: Run Behavior\ReadHtmlCacheBehavior [ RunTime:0.000343s ]
INFO: [ app_begin ] --END-- [ RunTime:0.000429s ]
NOTIC: [2048] Declaration of Admin\Controller\PublicController::show() should be compatible with Think\Controller::show($content, $charset = '', $contentType = '', $prefix = '') /wwwroot/Smart_Community/Application/Admin/Controller/PublicController.class.php 第 144 行.

[ 2016-04-29T11:23:57+08:00 ] ::1 /smart_community/index.php/Admin/Access/index
INFO: [ app_init ] --START--
INFO: Run Behavior\BuildLiteBehavior [ RunTime:0.000037s ]
INFO: [ app_init ] --END-- [ RunTime:0.000527s ]
INFO: [ app_begin ] --START--
INFO: Run Behavior\ReadHtmlCacheBehavior [ RunTime:0.000459s ]
INFO: [ app_begin ] --END-- [ RunTime:0.000583s ]
NOTIC: [2048] Declaration of Admin\Controller\AccessController::show() should be compatible with Think\Controller::show($content, $charset = '', $contentType = '', $prefix = '') /wwwroot/Smart_Community/Application/Admin/Controller/AccessController.class.php 第 4 行.
SQL: SHOW COLUMNS FROM `sc_role_user` [ RunTime:0.0014s ]
SQL: SELECT COUNT(*) AS tp_count FROM `sc_role_user` WHERE ( user_type = 'U' ) LIMIT 1   [ RunTime:0.0004s ]
SQL: SHOW COLUMNS FROM `sc_users` [ RunTime:0.0007s ]
SQL: SELECT a.id,a.nick_name,b.role_id FROM `sc_users` as a join sc_role_user as b on a.id = b.user_id  WHERE ( user_type = 'U' ) LIMIT 0,5   [ RunTime:0.0004s ]
SQL: SHOW COLUMNS FROM `sc_role` [ RunTime:0.0170s ]
SQL: SELECT `name` FROM `sc_role` WHERE `id` = 1 LIMIT 1   [ RunTime:0.0003s ]
SQL: SELECT `name` FROM `sc_role` WHERE `id` = 4 LIMIT 1   [ RunTime:0.0002s ]
SQL: SELECT `name` FROM `sc_role` WHERE `id` = 6 LIMIT 1   [ RunTime:0.0002s ]

[ 2016-04-29T11:23:59+08:00 ] ::1 /smart_community/index.php/Admin/public/checklogin
INFO: [ app_init ] --START--
INFO: Run Behavior\BuildLiteBehavior [ RunTime:0.000023s ]
INFO: [ app_init ] --END-- [ RunTime:0.000351s ]
INFO: [ app_begin ] --START--
INFO: Run Behavior\ReadHtmlCacheBehavior [ RunTime:0.000358s ]
INFO: [ app_begin ] --END-- [ RunTime:0.000452s ]
NOTIC: [2048] Declaration of Admin\Controller\PublicController::show() should be compatible with Think\Controller::show($content, $charset = '', $contentType = '', $prefix = '') /wwwroot/Smart_Community/Application/Admin/Controller/PublicController.class.php 第 144 行.

[ 2016-04-29T11:24:02+08:00 ] ::1 /smart_community/index.php/Admin/Access/index_list.html
INFO: [ app_init ] --START--
INFO: Run Behavior\BuildLiteBehavior [ RunTime:0.000019s ]
INFO: [ app_init ] --END-- [ RunTime:0.000270s ]
INFO: [ app_begin ] --START--
INFO: Run Behavior\ReadHtmlCacheBehavior [ RunTime:0.000496s ]
INFO: [ app_begin ] --END-- [ RunTime:0.000620s ]
NOTIC: [2048] Declaration of Admin\Controller\AccessController::show() should be compatible with Think\Controller::show($content, $charset = '', $contentType = '', $prefix = '') /wwwroot/Smart_Community/Application/Admin/Controller/AccessController.class.php 第 4 行.
INFO: [ view_parse ] --START--
INFO: [ template_filter ] --START--
INFO: Run Behavior\ContentReplaceBehavior [ RunTime:0.000115s ]
INFO: [ template_filter ] --END-- [ RunTime:0.000224s ]
INFO: Run Behavior\ParseTemplateBehavior [ RunTime:0.098276s ]
INFO: [ view_parse ] --END-- [ RunTime:0.098389s ]
INFO: [ view_filter ] --START--
INFO: Run Behavior\WriteHtmlCacheBehavior [ RunTime:0.018734s ]
INFO: Run Behavior\TokenBuildBehavior [ RunTime:0.025883s ]
INFO: [ view_filter ] --END-- [ RunTime:0.044832s ]
INFO: [ app_end ] --START--
INFO: Run Behavior\ShowPageTraceBehavior [ RunTime:0.000477s ]
INFO: [ app_end ] --END-- [ RunTime:0.000580s ]

[ 2016-04-29T11:24:03+08:00 ] ::1 /smart_community/index.php/Admin/Access/index
INFO: [ app_init ] --START--
INFO: Run Behavior\BuildLiteBehavior [ RunTime:0.000020s ]
INFO: [ app_init ] --END-- [ RunTime:0.000282s ]
INFO: [ app_begin ] --START--
INFO: Run Behavior\ReadHtmlCacheBehavior [ RunTime:0.000289s ]
INFO: [ app_begin ] --END-- [ RunTime:0.000357s ]
NOTIC: [2048] Declaration of Admin\Controller\AccessController::show() should be compatible with Think\Controller::show($content, $charset = '', $contentType = '', $prefix = '') /wwwroot/Smart_Community/Application/Admin/Controller/AccessController.class.php 第 4 行.
SQL: SHOW COLUMNS FROM `sc_role_user` [ RunTime:0.0011s ]
SQL: SELECT COUNT(*) AS tp_count FROM `sc_role_user` WHERE ( user_type = 'U' ) LIMIT 1   [ RunTime:0.0003s ]
SQL: SHOW COLUMNS FROM `sc_users` [ RunTime:0.0006s ]
SQL: SELECT a.id,a.nick_name,b.role_id FROM `sc_users` as a join sc_role_user as b on a.id = b.user_id  WHERE ( user_type = 'U' ) LIMIT 0,5   [ RunTime:0.0004s ]
SQL: SHOW COLUMNS FROM `sc_role` [ RunTime:0.0004s ]
SQL: SELECT `name` FROM `sc_role` WHERE `id` = 1 LIMIT 1   [ RunTime:0.0004s ]
SQL: SELECT `name` FROM `sc_role` WHERE `id` = 4 LIMIT 1   [ RunTime:0.0002s ]
SQL: SELECT `name` FROM `sc_role` WHERE `id` = 6 LIMIT 1   [ RunTime:0.0002s ]

[ 2016-04-29T11:24:04+08:00 ] ::1 /smart_community/index.php/Admin/public/checklogin
INFO: [ app_init ] --START--
INFO: Run Behavior\BuildLiteBehavior [ RunTime:0.000022s ]
INFO: [ app_init ] --END-- [ RunTime:0.000306s ]
INFO: [ app_begin ] --START--
INFO: Run Behavior\ReadHtmlCacheBehavior [ RunTime:0.000322s ]
INFO: [ app_begin ] --END-- [ RunTime:0.000409s ]
NOTIC: [2048] Declaration of Admin\Controller\PublicController::show() should be compatible with Think\Controller::show($content, $charset = '', $contentType = '', $prefix = '') /wwwroot/Smart_Community/Application/Admin/Controller/PublicController.class.php 第 144 行.

[ 2016-04-29T11:24:27+08:00 ] ::1 /smart_community/index.php/Admin/public/logout
INFO: [ app_init ] --START--
INFO: Run Behavior\BuildLiteBehavior [ RunTime:0.000019s ]
INFO: [ app_init ] --END-- [ RunTime:0.000276s ]
INFO: [ app_begin ] --START--
INFO: Run Behavior\ReadHtmlCacheBehavior [ RunTime:0.000290s ]
INFO: [ app_begin ] --END-- [ RunTime:0.000380s ]
NOTIC: [2048] Declaration of Admin\Controller\PublicController::show() should be compatible with Think\Controller::show($content, $charset = '', $contentType = '', $prefix = '') /wwwroot/Smart_Community/Application/Admin/Controller/PublicController.class.php 第 144 行.

[ 2016-04-29T11:24:30+08:00 ] ::1 /smart_community/index.php/Admin/public/checklogin
INFO: [ app_init ] --START--
INFO: Run Behavior\BuildLiteBehavior [ RunTime:0.000022s ]
INFO: [ app_init ] --END-- [ RunTime:0.000315s ]
INFO: [ app_begin ] --START--
INFO: Run Behavior\ReadHtmlCacheBehavior [ RunTime:0.000396s ]
INFO: [ app_begin ] --END-- [ RunTime:0.000496s ]
NOTIC: [2048] Declaration of Admin\Controller\PublicController::show() should be compatible with Think\Controller::show($content, $charset = '', $contentType = '', $prefix = '') /wwwroot/Smart_Community/Application/Admin/Controller/PublicController.class.php 第 144 行.

[ 2016-04-29T11:24:33+08:00 ] ::1 /smart_community/index.php/Admin/Access/index
INFO: [ app_init ] --START--
INFO: Run Behavior\BuildLiteBehavior [ RunTime:0.000023s ]
INFO: [ app_init ] --END-- [ RunTime:0.000323s ]
INFO: [ app_begin ] --START--
INFO: Run Behavior\ReadHtmlCacheBehavior [ RunTime:0.000376s ]
INFO: [ app_begin ] --END-- [ RunTime:0.000459s ]
NOTIC: [2048] Declaration of Admin\Controller\AccessController::show() should be compatible with Think\Controller::show($content, $charset = '', $contentType = '', $prefix = '') /wwwroot/Smart_Community/Application/Admin/Controller/AccessController.class.php 第 4 行.

[ 2016-04-29T11:24:35+08:00 ] ::1 /smart_community/index.php/Admin/Access/index
INFO: [ app_init ] --START--
INFO: Run Behavior\BuildLiteBehavior [ RunTime:0.000046s ]
INFO: [ app_init ] --END-- [ RunTime:0.000678s ]
INFO: [ app_begin ] --START--
INFO: Run Behavior\ReadHtmlCacheBehavior [ RunTime:0.000445s ]
INFO: [ app_begin ] --END-- [ RunTime:0.000549s ]
NOTIC: [2048] Declaration of Admin\Controller\AccessController::show() should be compatible with Think\Controller::show($content, $charset = '', $contentType = '', $prefix = '') /wwwroot/Smart_Community/Application/Admin/Controller/AccessController.class.php 第 4 行.

[ 2016-04-29T11:24:37+08:00 ] ::1 /smart_community/index.php/Admin/Access/role
INFO: [ app_init ] --START--
INFO: Run Behavior\BuildLiteBehavior [ RunTime:0.000020s ]
INFO: [ app_init ] --END-- [ RunTime:0.000285s ]
INFO: [ app_begin ] --START--
INFO: Run Behavior\ReadHtmlCacheBehavior [ RunTime:0.000343s ]
INFO: [ app_begin ] --END-- [ RunTime:0.000461s ]
NOTIC: [2048] Declaration of Admin\Controller\AccessController::show() should be compatible with Think\Controller::show($content, $charset = '', $contentType = '', $prefix = '') /wwwroot/Smart_Community/Application/Admin/Controller/AccessController.class.php 第 4 行.

[ 2016-04-29T11:24:40+08:00 ] ::1 /smart_community/index.php/Admin/Access/index
INFO: [ app_init ] --START--
INFO: Run Behavior\BuildLiteBehavior [ RunTime:0.000022s ]
INFO: [ app_init ] --END-- [ RunTime:0.000405s ]
INFO: [ app_begin ] --START--
INFO: Run Behavior\ReadHtmlCacheBehavior [ RunTime:0.000337s ]
INFO: [ app_begin ] --END-- [ RunTime:0.000416s ]
NOTIC: [2048] Declaration of Admin\Controller\AccessController::show() should be compatible with Think\Controller::show($content, $charset = '', $contentType = '', $prefix = '') /wwwroot/Smart_Community/Application/Admin/Controller/AccessController.class.php 第 4 行.

