[ 2016-05-20T11:29:15+08:00 ] ::1 /smart_community/index.php/Admin/public/login
INFO: [ app_init ] --START--
INFO: Run Behavior\BuildLiteBehavior [ RunTime:0.000105s ]
INFO: [ app_init ] --END-- [ RunTime:0.084602s ]
INFO: [ app_begin ] --START--
INFO: Run Behavior\ReadHtmlCacheBehavior [ RunTime:0.041689s ]
INFO: [ app_begin ] --END-- [ RunTime:0.041909s ]
NOTIC: [2048] Declaration of Admin\Controller\PublicController::show() should be compatible with Think\Controller::show($content, $charset = '', $contentType = '', $prefix = '') /wwwroot/Smart_Community/Application/Admin/Controller/PublicController.class.php 第 149 行.
INFO: [ view_parse ] --START--
INFO: [ template_filter ] --START--
INFO: Run Behavior\ContentReplaceBehavior [ RunTime:0.000160s ]
INFO: [ template_filter ] --END-- [ RunTime:0.000262s ]
INFO: Run Behavior\ParseTemplateBehavior [ RunTime:0.225592s ]
INFO: [ view_parse ] --END-- [ RunTime:0.225814s ]
INFO: [ view_filter ] --START--
INFO: Run Behavior\WriteHtmlCacheBehavior [ RunTime:0.025539s ]
INFO: Run Behavior\TokenBuildBehavior [ RunTime:0.027482s ]
INFO: [ view_filter ] --END-- [ RunTime:0.053254s ]
INFO: [ app_end ] --START--
INFO: Run Behavior\ShowPageTraceBehavior [ RunTime:0.015999s ]
INFO: [ app_end ] --END-- [ RunTime:0.016161s ]

[ 2016-05-20T11:29:17+08:00 ] ::1 /smart_community/index.php/Admin/Public/verify
INFO: [ app_init ] --START--
INFO: Run Behavior\BuildLiteBehavior [ RunTime:0.000047s ]
INFO: [ app_init ] --END-- [ RunTime:0.000715s ]
INFO: [ app_begin ] --START--
INFO: Run Behavior\ReadHtmlCacheBehavior [ RunTime:0.000526s ]
INFO: [ app_begin ] --END-- [ RunTime:0.000638s ]
NOTIC: [2048] Declaration of Admin\Controller\PublicController::show() should be compatible with Think\Controller::show($content, $charset = '', $contentType = '', $prefix = '') /wwwroot/Smart_Community/Application/Admin/Controller/PublicController.class.php 第 149 行.
INFO: [ app_end ] --START--
INFO: Run Behavior\ShowPageTraceBehavior [ RunTime:0.057454s ]
INFO: [ app_end ] --END-- [ RunTime:0.057706s ]

[ 2016-05-20T11:29:36+08:00 ] ::1 /smart_community/index.php/Admin/Public/checkLogin
INFO: [ app_init ] --START--
INFO: Run Behavior\BuildLiteBehavior [ RunTime:0.000052s ]
INFO: [ app_init ] --END-- [ RunTime:0.026437s ]
INFO: [ app_begin ] --START--
INFO: Run Behavior\ReadHtmlCacheBehavior [ RunTime:0.035089s ]
INFO: [ app_begin ] --END-- [ RunTime:0.035272s ]
NOTIC: [2048] Declaration of Admin\Controller\PublicController::show() should be compatible with Think\Controller::show($content, $charset = '', $contentType = '', $prefix = '') /wwwroot/Smart_Community/Application/Admin/Controller/PublicController.class.php 第 149 行.
SQL: SHOW COLUMNS FROM `sc_admin` [ RunTime:1.2849s ]
SQL: SELECT `id`,`nick_name`,`password`,`id_card_num`,`if_aprvd` FROM `sc_admin` WHERE ( nick_name='admin' ) LIMIT 1   [ RunTime:0.0472s ]
SQL: SELECT `id`,`nick_name`,`password`,`id_card_num`,`if_aprvd` FROM `sc_admin` WHERE ( nick_name='admin' ) LIMIT 1   [ RunTime:0.0004s ]
SQL: UPDATE `sc_admin` SET `last_log_ip`='::1',`last_log_time`='2016-05-20 11:29:36' WHERE `id` = 1 [ RunTime:0.1500s ]

[ 2016-05-20T11:29:37+08:00 ] ::1 /smart_community/index.php/Admin/Public/checkLogin
INFO: [ app_init ] --START--
INFO: Run Behavior\BuildLiteBehavior [ RunTime:0.000054s ]
INFO: [ app_init ] --END-- [ RunTime:0.000482s ]
INFO: [ app_begin ] --START--
INFO: Run Behavior\ReadHtmlCacheBehavior [ RunTime:0.000499s ]
INFO: [ app_begin ] --END-- [ RunTime:0.000609s ]
NOTIC: [2048] Declaration of Admin\Controller\PublicController::show() should be compatible with Think\Controller::show($content, $charset = '', $contentType = '', $prefix = '') /wwwroot/Smart_Community/Application/Admin/Controller/PublicController.class.php 第 149 行.

[ 2016-05-20T11:29:37+08:00 ] ::1 /smart_community/index.php/Admin/Public/verify/0.7203418775461614
INFO: [ app_init ] --START--
INFO: Run Behavior\BuildLiteBehavior [ RunTime:0.000034s ]
INFO: [ app_init ] --END-- [ RunTime:0.000448s ]
INFO: [ app_begin ] --START--
INFO: Run Behavior\ReadHtmlCacheBehavior [ RunTime:0.000565s ]
INFO: [ app_begin ] --END-- [ RunTime:0.000723s ]
NOTIC: [2048] Declaration of Admin\Controller\PublicController::show() should be compatible with Think\Controller::show($content, $charset = '', $contentType = '', $prefix = '') /wwwroot/Smart_Community/Application/Admin/Controller/PublicController.class.php 第 149 行.
INFO: [ app_end ] --START--
INFO: Run Behavior\ShowPageTraceBehavior [ RunTime:0.025479s ]
INFO: [ app_end ] --END-- [ RunTime:0.025627s ]

[ 2016-05-20T11:29:39+08:00 ] ::1 /smart_community/index.php/Admin/Public/verify/0.8263682997785509
INFO: [ app_init ] --START--
INFO: Run Behavior\BuildLiteBehavior [ RunTime:0.000023s ]
INFO: [ app_init ] --END-- [ RunTime:0.000331s ]
INFO: [ app_begin ] --START--
INFO: Run Behavior\ReadHtmlCacheBehavior [ RunTime:0.000356s ]
INFO: [ app_begin ] --END-- [ RunTime:0.000452s ]
NOTIC: [2048] Declaration of Admin\Controller\PublicController::show() should be compatible with Think\Controller::show($content, $charset = '', $contentType = '', $prefix = '') /wwwroot/Smart_Community/Application/Admin/Controller/PublicController.class.php 第 149 行.
INFO: [ app_end ] --START--
INFO: Run Behavior\ShowPageTraceBehavior [ RunTime:0.000676s ]
INFO: [ app_end ] --END-- [ RunTime:0.000863s ]

[ 2016-05-20T11:29:57+08:00 ] ::1 /smart_community/admin.php
INFO: [ app_init ] --START--
INFO: Run Behavior\BuildLiteBehavior [ RunTime:0.000046s ]
INFO: [ app_init ] --END-- [ RunTime:0.000746s ]
INFO: [ app_begin ] --START--
INFO: Run Behavior\ReadHtmlCacheBehavior [ RunTime:0.000909s ]
INFO: [ app_begin ] --END-- [ RunTime:0.001062s ]
NOTIC: [2048] Declaration of Admin\Controller\PublicController::show() should be compatible with Think\Controller::show($content, $charset = '', $contentType = '', $prefix = '') /wwwroot/Smart_Community/Application/Admin/Controller/PublicController.class.php 第 149 行.
INFO: [ view_parse ] --START--
INFO: [ template_filter ] --START--
INFO: Run Behavior\ContentReplaceBehavior [ RunTime:0.000148s ]
INFO: [ template_filter ] --END-- [ RunTime:0.000254s ]
INFO: Run Behavior\ParseTemplateBehavior [ RunTime:0.091870s ]
INFO: [ view_parse ] --END-- [ RunTime:0.091997s ]
INFO: [ view_filter ] --START--
INFO: Run Behavior\WriteHtmlCacheBehavior [ RunTime:0.017997s ]
INFO: Run Behavior\TokenBuildBehavior [ RunTime:0.005315s ]
INFO: [ view_filter ] --END-- [ RunTime:0.023606s ]
INFO: [ app_end ] --START--
INFO: Run Behavior\ShowPageTraceBehavior [ RunTime:0.001176s ]
INFO: [ app_end ] --END-- [ RunTime:0.001339s ]

[ 2016-05-20T11:29:58+08:00 ] ::1 /smart_community/admin.php/Public/verify
INFO: [ app_init ] --START--
INFO: Run Behavior\BuildLiteBehavior [ RunTime:0.000035s ]
INFO: [ app_init ] --END-- [ RunTime:0.000517s ]
INFO: [ app_begin ] --START--
INFO: Run Behavior\ReadHtmlCacheBehavior [ RunTime:0.000604s ]
INFO: [ app_begin ] --END-- [ RunTime:0.000769s ]
NOTIC: [2048] Declaration of Admin\Controller\PublicController::show() should be compatible with Think\Controller::show($content, $charset = '', $contentType = '', $prefix = '') /wwwroot/Smart_Community/Application/Admin/Controller/PublicController.class.php 第 149 行.
INFO: [ app_end ] --START--
INFO: Run Behavior\ShowPageTraceBehavior [ RunTime:0.000640s ]
INFO: [ app_end ] --END-- [ RunTime:0.000799s ]

[ 2016-05-20T11:30:08+08:00 ] ::1 /smart_community/admin.php/Public/checkLogin
INFO: [ app_init ] --START--
INFO: Run Behavior\BuildLiteBehavior [ RunTime:0.000024s ]
INFO: [ app_init ] --END-- [ RunTime:0.000344s ]
INFO: [ app_begin ] --START--
INFO: Run Behavior\ReadHtmlCacheBehavior [ RunTime:0.000308s ]
INFO: [ app_begin ] --END-- [ RunTime:0.000379s ]
NOTIC: [2048] Declaration of Admin\Controller\PublicController::show() should be compatible with Think\Controller::show($content, $charset = '', $contentType = '', $prefix = '') /wwwroot/Smart_Community/Application/Admin/Controller/PublicController.class.php 第 149 行.

[ 2016-05-20T11:30:09+08:00 ] ::1 /smart_community/admin.php/Public/verify/0.5304647537413985
INFO: [ app_init ] --START--
INFO: Run Behavior\BuildLiteBehavior [ RunTime:0.000027s ]
INFO: [ app_init ] --END-- [ RunTime:0.000357s ]
INFO: [ app_begin ] --START--
INFO: Run Behavior\ReadHtmlCacheBehavior [ RunTime:0.000359s ]
INFO: [ app_begin ] --END-- [ RunTime:0.000480s ]
NOTIC: [2048] Declaration of Admin\Controller\PublicController::show() should be compatible with Think\Controller::show($content, $charset = '', $contentType = '', $prefix = '') /wwwroot/Smart_Community/Application/Admin/Controller/PublicController.class.php 第 149 行.
INFO: [ app_end ] --START--
INFO: Run Behavior\ShowPageTraceBehavior [ RunTime:0.000722s ]
INFO: [ app_end ] --END-- [ RunTime:0.000882s ]

[ 2016-05-20T11:30:10+08:00 ] ::1 /smart_community/admin.php/Public/verify/0.299274937948212
INFO: [ app_init ] --START--
INFO: Run Behavior\BuildLiteBehavior [ RunTime:0.000019s ]
INFO: [ app_init ] --END-- [ RunTime:0.000280s ]
INFO: [ app_begin ] --START--
INFO: Run Behavior\ReadHtmlCacheBehavior [ RunTime:0.000364s ]
INFO: [ app_begin ] --END-- [ RunTime:0.000453s ]
NOTIC: [2048] Declaration of Admin\Controller\PublicController::show() should be compatible with Think\Controller::show($content, $charset = '', $contentType = '', $prefix = '') /wwwroot/Smart_Community/Application/Admin/Controller/PublicController.class.php 第 149 行.
INFO: [ app_end ] --START--
INFO: Run Behavior\ShowPageTraceBehavior [ RunTime:0.000523s ]
INFO: [ app_end ] --END-- [ RunTime:0.000645s ]

[ 2016-05-20T11:30:14+08:00 ] ::1 /smart_community/admin.php/Public/checkLogin
INFO: [ app_init ] --START--
INFO: Run Behavior\BuildLiteBehavior [ RunTime:0.000021s ]
INFO: [ app_init ] --END-- [ RunTime:0.000315s ]
INFO: [ app_begin ] --START--
INFO: Run Behavior\ReadHtmlCacheBehavior [ RunTime:0.000376s ]
INFO: [ app_begin ] --END-- [ RunTime:0.000453s ]
NOTIC: [2048] Declaration of Admin\Controller\PublicController::show() should be compatible with Think\Controller::show($content, $charset = '', $contentType = '', $prefix = '') /wwwroot/Smart_Community/Application/Admin/Controller/PublicController.class.php 第 149 行.
SQL: SHOW COLUMNS FROM `sc_admin` [ RunTime:0.0009s ]
SQL: SELECT `id`,`nick_name`,`password`,`id_card_num`,`if_aprvd` FROM `sc_admin` WHERE ( nick_name='admin' ) LIMIT 1   [ RunTime:0.0004s ]
SQL: SELECT `id`,`nick_name`,`password`,`id_card_num`,`if_aprvd` FROM `sc_admin` WHERE ( nick_name='admin' ) LIMIT 1   [ RunTime:0.0003s ]
SQL: UPDATE `sc_admin` SET `last_log_ip`='::1',`last_log_time`='2016-05-20 11:30:14' WHERE `id` = 1 [ RunTime:0.0286s ]

[ 2016-05-20T11:30:16+08:00 ] ::1 /smart_community/admin.php/Index/index
INFO: [ app_init ] --START--
INFO: Run Behavior\BuildLiteBehavior [ RunTime:0.000022s ]
INFO: [ app_init ] --END-- [ RunTime:0.000324s ]
INFO: [ app_begin ] --START--
INFO: Run Behavior\ReadHtmlCacheBehavior [ RunTime:0.000362s ]
INFO: [ app_begin ] --END-- [ RunTime:0.000458s ]
NOTIC: [2048] Declaration of Admin\Controller\IndexController::show() should be compatible with Think\Controller::show($content, $charset = '', $contentType = '', $prefix = '') /wwwroot/Smart_Community/Application/Admin/Controller/IndexController.class.php 第 4 行.
INFO: [ view_parse ] --START--
INFO: [ template_filter ] --START--
INFO: Run Behavior\ContentReplaceBehavior [ RunTime:0.000122s ]
INFO: [ template_filter ] --END-- [ RunTime:0.000234s ]
INFO: Run Behavior\ParseTemplateBehavior [ RunTime:0.160491s ]
INFO: [ view_parse ] --END-- [ RunTime:0.160616s ]
INFO: [ view_filter ] --START--
INFO: Run Behavior\WriteHtmlCacheBehavior [ RunTime:0.000262s ]
INFO: Run Behavior\TokenBuildBehavior [ RunTime:0.000314s ]
INFO: [ view_filter ] --END-- [ RunTime:0.000750s ]
INFO: [ app_end ] --START--
INFO: Run Behavior\ShowPageTraceBehavior [ RunTime:0.000916s ]
INFO: [ app_end ] --END-- [ RunTime:0.001133s ]

[ 2016-05-20T11:30:18+08:00 ] ::1 /smart_community/admin.php/Index/index.html
INFO: [ app_init ] --START--
INFO: Run Behavior\BuildLiteBehavior [ RunTime:0.000022s ]
INFO: [ app_init ] --END-- [ RunTime:0.000311s ]
INFO: [ app_begin ] --START--
INFO: Run Behavior\ReadHtmlCacheBehavior [ RunTime:0.000500s ]
INFO: [ app_begin ] --END-- [ RunTime:0.000607s ]
NOTIC: [2048] Declaration of Admin\Controller\IndexController::show() should be compatible with Think\Controller::show($content, $charset = '', $contentType = '', $prefix = '') /wwwroot/Smart_Community/Application/Admin/Controller/IndexController.class.php 第 4 行.
INFO: [ view_parse ] --START--
INFO: [ template_filter ] --START--
INFO: Run Behavior\ContentReplaceBehavior [ RunTime:0.000096s ]
INFO: [ template_filter ] --END-- [ RunTime:0.000203s ]
INFO: Run Behavior\ParseTemplateBehavior [ RunTime:0.011532s ]
INFO: [ view_parse ] --END-- [ RunTime:0.011624s ]
INFO: [ view_filter ] --START--
INFO: Run Behavior\WriteHtmlCacheBehavior [ RunTime:0.000187s ]
INFO: Run Behavior\TokenBuildBehavior [ RunTime:0.000216s ]
INFO: [ view_filter ] --END-- [ RunTime:0.000536s ]
INFO: [ app_end ] --START--
INFO: Run Behavior\ShowPageTraceBehavior [ RunTime:0.000438s ]
INFO: [ app_end ] --END-- [ RunTime:0.000548s ]

[ 2016-05-20T11:30:25+08:00 ] ::1 /smart_community/admin.php/Index/index.html
INFO: [ app_init ] --START--
INFO: Run Behavior\BuildLiteBehavior [ RunTime:0.000024s ]
INFO: [ app_init ] --END-- [ RunTime:0.000320s ]
INFO: [ app_begin ] --START--
INFO: Run Behavior\ReadHtmlCacheBehavior [ RunTime:0.000338s ]
INFO: [ app_begin ] --END-- [ RunTime:0.000451s ]
NOTIC: [2048] Declaration of Admin\Controller\IndexController::show() should be compatible with Think\Controller::show($content, $charset = '', $contentType = '', $prefix = '') /wwwroot/Smart_Community/Application/Admin/Controller/IndexController.class.php 第 4 行.
INFO: [ view_parse ] --START--
INFO: [ template_filter ] --START--
INFO: Run Behavior\ContentReplaceBehavior [ RunTime:0.000174s ]
INFO: [ template_filter ] --END-- [ RunTime:0.000291s ]
INFO: Run Behavior\ParseTemplateBehavior [ RunTime:0.015813s ]
INFO: [ view_parse ] --END-- [ RunTime:0.015909s ]
INFO: [ view_filter ] --START--
INFO: Run Behavior\WriteHtmlCacheBehavior [ RunTime:0.000163s ]
INFO: Run Behavior\TokenBuildBehavior [ RunTime:0.000280s ]
INFO: [ view_filter ] --END-- [ RunTime:0.000557s ]
INFO: [ app_end ] --START--
INFO: Run Behavior\ShowPageTraceBehavior [ RunTime:0.000624s ]
INFO: [ app_end ] --END-- [ RunTime:0.000816s ]

[ 2016-05-20T11:30:27+08:00 ] ::1 /smart_community/admin.php/Article/index/category_id/1.html
INFO: [ app_init ] --START--
INFO: Run Behavior\BuildLiteBehavior [ RunTime:0.000055s ]
INFO: [ app_init ] --END-- [ RunTime:0.000399s ]
INFO: [ app_begin ] --START--
INFO: Run Behavior\ReadHtmlCacheBehavior [ RunTime:0.000355s ]
INFO: [ app_begin ] --END-- [ RunTime:0.000445s ]
NOTIC: [2048] Declaration of Admin\Controller\ArticleController::show() should be compatible with Think\Controller::show($content, $charset = '', $contentType = '', $prefix = '') /wwwroot/Smart_Community/Application/Admin/Controller/ArticleController.class.php 第 5 行.
INFO: [ view_parse ] --START--
INFO: [ template_filter ] --START--
INFO: Run Behavior\ContentReplaceBehavior [ RunTime:0.000168s ]
INFO: [ template_filter ] --END-- [ RunTime:0.000271s ]
INFO: Run Behavior\ParseTemplateBehavior [ RunTime:0.049249s ]
INFO: [ view_parse ] --END-- [ RunTime:0.049377s ]
INFO: [ view_filter ] --START--
INFO: Run Behavior\WriteHtmlCacheBehavior [ RunTime:0.000233s ]
INFO: Run Behavior\TokenBuildBehavior [ RunTime:0.000303s ]
INFO: [ view_filter ] --END-- [ RunTime:0.000665s ]
INFO: [ app_end ] --START--
INFO: Run Behavior\ShowPageTraceBehavior [ RunTime:0.000549s ]
INFO: [ app_end ] --END-- [ RunTime:0.000643s ]

[ 2016-05-20T11:30:27+08:00 ] ::1 /smart_community/admin.php/Article/indexPost
INFO: [ app_init ] --START--
INFO: Run Behavior\BuildLiteBehavior [ RunTime:0.000028s ]
INFO: [ app_init ] --END-- [ RunTime:0.000527s ]
INFO: [ app_begin ] --START--
INFO: Run Behavior\ReadHtmlCacheBehavior [ RunTime:0.000509s ]
INFO: [ app_begin ] --END-- [ RunTime:0.000640s ]
NOTIC: [2048] Declaration of Admin\Controller\ArticleController::show() should be compatible with Think\Controller::show($content, $charset = '', $contentType = '', $prefix = '') /wwwroot/Smart_Community/Application/Admin/Controller/ArticleController.class.php 第 5 行.
SQL: SHOW COLUMNS FROM `sc_article_cat` [ RunTime:0.0008s ]
SQL: SELECT `aname` FROM `sc_article_cat` WHERE `acid` = 1  [ RunTime:0.0005s ]
SQL: SHOW COLUMNS FROM `sc_article` [ RunTime:0.0216s ]
SQL: SELECT COUNT(*) AS tp_count FROM `sc_article` WHERE `acid` = 1 AND `status` = '1' LIMIT 1   [ RunTime:0.0984s ]
SQL: SELECT `aid`,`acid`,`atitle`,`keyword`,`source`,`author`,`des`,`valid_time`,`create_time`,`sort` FROM `sc_article` WHERE `acid` = 1 AND `status` = '1' ORDER BY sort desc LIMIT 0,5   [ RunTime:0.0484s ]

[ 2016-05-20T11:30:29+08:00 ] ::1 /smart_community/admin.php/Article/index/category_id/2.html
INFO: [ app_init ] --START--
INFO: Run Behavior\BuildLiteBehavior [ RunTime:0.000028s ]
INFO: [ app_init ] --END-- [ RunTime:0.000342s ]
INFO: [ app_begin ] --START--
INFO: Run Behavior\ReadHtmlCacheBehavior [ RunTime:0.000376s ]
INFO: [ app_begin ] --END-- [ RunTime:0.000458s ]
NOTIC: [2048] Declaration of Admin\Controller\ArticleController::show() should be compatible with Think\Controller::show($content, $charset = '', $contentType = '', $prefix = '') /wwwroot/Smart_Community/Application/Admin/Controller/ArticleController.class.php 第 5 行.
INFO: [ view_parse ] --START--
INFO: [ template_filter ] --START--
INFO: Run Behavior\ContentReplaceBehavior [ RunTime:0.000115s ]
INFO: [ template_filter ] --END-- [ RunTime:0.000225s ]
INFO: Run Behavior\ParseTemplateBehavior [ RunTime:0.014795s ]
INFO: [ view_parse ] --END-- [ RunTime:0.014887s ]
INFO: [ view_filter ] --START--
INFO: Run Behavior\WriteHtmlCacheBehavior [ RunTime:0.000174s ]
INFO: Run Behavior\TokenBuildBehavior [ RunTime:0.000319s ]
INFO: [ view_filter ] --END-- [ RunTime:0.000633s ]
INFO: [ app_end ] --START--
INFO: Run Behavior\ShowPageTraceBehavior [ RunTime:0.000463s ]
INFO: [ app_end ] --END-- [ RunTime:0.000567s ]

[ 2016-05-20T11:30:29+08:00 ] ::1 /smart_community/admin.php/Article/indexPost
INFO: [ app_init ] --START--
INFO: Run Behavior\BuildLiteBehavior [ RunTime:0.000037s ]
INFO: [ app_init ] --END-- [ RunTime:0.000598s ]
INFO: [ app_begin ] --START--
INFO: Run Behavior\ReadHtmlCacheBehavior [ RunTime:0.000377s ]
INFO: [ app_begin ] --END-- [ RunTime:0.000463s ]
NOTIC: [2048] Declaration of Admin\Controller\ArticleController::show() should be compatible with Think\Controller::show($content, $charset = '', $contentType = '', $prefix = '') /wwwroot/Smart_Community/Application/Admin/Controller/ArticleController.class.php 第 5 行.
SQL: SHOW COLUMNS FROM `sc_article_cat` [ RunTime:0.0006s ]
SQL: SELECT `aname` FROM `sc_article_cat` WHERE `acid` = 2  [ RunTime:0.0003s ]
SQL: SHOW COLUMNS FROM `sc_article` [ RunTime:0.0010s ]
SQL: SELECT COUNT(*) AS tp_count FROM `sc_article` WHERE `acid` = 2 AND `status` = '1' LIMIT 1   [ RunTime:0.0004s ]
SQL: SELECT `aid`,`acid`,`atitle`,`keyword`,`source`,`author`,`des`,`valid_time`,`create_time`,`sort` FROM `sc_article` WHERE `acid` = 2 AND `status` = '1' ORDER BY sort desc LIMIT 0,2   [ RunTime:0.0003s ]

[ 2016-05-20T11:30:30+08:00 ] ::1 /smart_community/admin.php/Article/index/category_id/3.html
INFO: [ app_init ] --START--
INFO: Run Behavior\BuildLiteBehavior [ RunTime:0.000019s ]
INFO: [ app_init ] --END-- [ RunTime:0.000283s ]
INFO: [ app_begin ] --START--
INFO: Run Behavior\ReadHtmlCacheBehavior [ RunTime:0.000327s ]
INFO: [ app_begin ] --END-- [ RunTime:0.000405s ]
NOTIC: [2048] Declaration of Admin\Controller\ArticleController::show() should be compatible with Think\Controller::show($content, $charset = '', $contentType = '', $prefix = '') /wwwroot/Smart_Community/Application/Admin/Controller/ArticleController.class.php 第 5 行.
INFO: [ view_parse ] --START--
INFO: [ template_filter ] --START--
INFO: Run Behavior\ContentReplaceBehavior [ RunTime:0.000108s ]
INFO: [ template_filter ] --END-- [ RunTime:0.000207s ]
INFO: Run Behavior\ParseTemplateBehavior [ RunTime:0.014193s ]
INFO: [ view_parse ] --END-- [ RunTime:0.014279s ]
INFO: [ view_filter ] --START--
INFO: Run Behavior\WriteHtmlCacheBehavior [ RunTime:0.000164s ]
INFO: Run Behavior\TokenBuildBehavior [ RunTime:0.000215s ]
INFO: [ view_filter ] --END-- [ RunTime:0.000498s ]
INFO: [ app_end ] --START--
INFO: Run Behavior\ShowPageTraceBehavior [ RunTime:0.000420s ]
INFO: [ app_end ] --END-- [ RunTime:0.000538s ]

[ 2016-05-20T11:30:30+08:00 ] ::1 /smart_community/admin.php/Article/indexPost
INFO: [ app_init ] --START--
INFO: Run Behavior\BuildLiteBehavior [ RunTime:0.000070s ]
INFO: [ app_init ] --END-- [ RunTime:0.000718s ]
INFO: [ app_begin ] --START--
INFO: Run Behavior\ReadHtmlCacheBehavior [ RunTime:0.000418s ]
INFO: [ app_begin ] --END-- [ RunTime:0.000518s ]
NOTIC: [2048] Declaration of Admin\Controller\ArticleController::show() should be compatible with Think\Controller::show($content, $charset = '', $contentType = '', $prefix = '') /wwwroot/Smart_Community/Application/Admin/Controller/ArticleController.class.php 第 5 行.
SQL: SHOW COLUMNS FROM `sc_article_cat` [ RunTime:0.0008s ]
SQL: SELECT `aname` FROM `sc_article_cat` WHERE `acid` = 3  [ RunTime:0.0004s ]
SQL: SHOW COLUMNS FROM `sc_article` [ RunTime:0.0010s ]
SQL: SELECT COUNT(*) AS tp_count FROM `sc_article` WHERE `acid` = 3 AND `status` = '1' LIMIT 1   [ RunTime:0.0004s ]
SQL: SELECT `aid`,`acid`,`atitle`,`keyword`,`source`,`author`,`des`,`valid_time`,`create_time`,`sort` FROM `sc_article` WHERE `acid` = 3 AND `status` = '1' ORDER BY sort desc LIMIT 0,4   [ RunTime:0.0006s ]

[ 2016-05-20T11:30:32+08:00 ] ::1 /smart_community/admin.php/Articlecate/index.html
INFO: [ app_init ] --START--
INFO: Run Behavior\BuildLiteBehavior [ RunTime:0.000019s ]
INFO: [ app_init ] --END-- [ RunTime:0.000296s ]
INFO: [ app_begin ] --START--
INFO: Run Behavior\ReadHtmlCacheBehavior [ RunTime:0.000318s ]
INFO: [ app_begin ] --END-- [ RunTime:0.000446s ]
NOTIC: [2048] Declaration of Admin\Controller\ArticlecateController::show() should be compatible with Think\Controller::show($content, $charset = '', $contentType = '', $prefix = '') /wwwroot/Smart_Community/Application/Admin/Controller/ArticlecateController.class.php 第 5 行.
SQL: SHOW COLUMNS FROM `sc_article_cat` [ RunTime:0.0006s ]
SQL: SELECT * FROM `sc_article_cat`  [ RunTime:0.0002s ]
INFO: [ view_parse ] --START--
INFO: [ template_filter ] --START--
INFO: Run Behavior\ContentReplaceBehavior [ RunTime:0.000104s ]
INFO: [ template_filter ] --END-- [ RunTime:0.000213s ]
INFO: Run Behavior\ParseTemplateBehavior [ RunTime:0.037226s ]
INFO: [ view_parse ] --END-- [ RunTime:0.037327s ]
INFO: [ view_filter ] --START--
INFO: Run Behavior\WriteHtmlCacheBehavior [ RunTime:0.000176s ]
INFO: Run Behavior\TokenBuildBehavior [ RunTime:0.000248s ]
INFO: [ view_filter ] --END-- [ RunTime:0.000545s ]
INFO: [ app_end ] --START--
INFO: Run Behavior\ShowPageTraceBehavior [ RunTime:0.000473s ]
INFO: [ app_end ] --END-- [ RunTime:0.000593s ]

[ 2016-05-20T11:30:35+08:00 ] ::1 /smart_community/admin.php/Article/add.html
INFO: [ app_init ] --START--
INFO: Run Behavior\BuildLiteBehavior [ RunTime:0.000025s ]
INFO: [ app_init ] --END-- [ RunTime:0.000369s ]
INFO: [ app_begin ] --START--
INFO: Run Behavior\ReadHtmlCacheBehavior [ RunTime:0.000423s ]
INFO: [ app_begin ] --END-- [ RunTime:0.000520s ]
NOTIC: [2048] Declaration of Admin\Controller\ArticleController::show() should be compatible with Think\Controller::show($content, $charset = '', $contentType = '', $prefix = '') /wwwroot/Smart_Community/Application/Admin/Controller/ArticleController.class.php 第 5 行.
SQL: SHOW COLUMNS FROM `sc_article_cat` [ RunTime:0.0005s ]
SQL: SELECT * FROM `sc_article_cat`  [ RunTime:0.0002s ]
INFO: [ view_parse ] --START--
INFO: [ template_filter ] --START--
INFO: Run Behavior\ContentReplaceBehavior [ RunTime:0.000112s ]
INFO: [ template_filter ] --END-- [ RunTime:0.000209s ]
INFO: Run Behavior\ParseTemplateBehavior [ RunTime:0.199596s ]
INFO: [ view_parse ] --END-- [ RunTime:0.199702s ]
INFO: [ view_filter ] --START--
INFO: Run Behavior\WriteHtmlCacheBehavior [ RunTime:0.000204s ]
INFO: Run Behavior\TokenBuildBehavior [ RunTime:0.000343s ]
INFO: [ view_filter ] --END-- [ RunTime:0.000690s ]
INFO: [ app_end ] --START--
INFO: Run Behavior\ShowPageTraceBehavior [ RunTime:0.000518s ]
INFO: [ app_end ] --END-- [ RunTime:0.000697s ]

[ 2016-05-20T11:30:37+08:00 ] ::1 /smart_community/admin.php/Articlecate/index.html
INFO: [ app_init ] --START--
INFO: Run Behavior\BuildLiteBehavior [ RunTime:0.000021s ]
INFO: [ app_init ] --END-- [ RunTime:0.000293s ]
INFO: [ app_begin ] --START--
INFO: Run Behavior\ReadHtmlCacheBehavior [ RunTime:0.000313s ]
INFO: [ app_begin ] --END-- [ RunTime:0.000394s ]
NOTIC: [2048] Declaration of Admin\Controller\ArticlecateController::show() should be compatible with Think\Controller::show($content, $charset = '', $contentType = '', $prefix = '') /wwwroot/Smart_Community/Application/Admin/Controller/ArticlecateController.class.php 第 5 行.
SQL: SHOW COLUMNS FROM `sc_article_cat` [ RunTime:0.0005s ]
SQL: SELECT * FROM `sc_article_cat`  [ RunTime:0.0002s ]
INFO: [ view_parse ] --START--
INFO: [ template_filter ] --START--
INFO: Run Behavior\ContentReplaceBehavior [ RunTime:0.000096s ]
INFO: [ template_filter ] --END-- [ RunTime:0.000199s ]
INFO: Run Behavior\ParseTemplateBehavior [ RunTime:0.015416s ]
INFO: [ view_parse ] --END-- [ RunTime:0.015503s ]
INFO: [ view_filter ] --START--
INFO: Run Behavior\WriteHtmlCacheBehavior [ RunTime:0.000180s ]
INFO: Run Behavior\TokenBuildBehavior [ RunTime:0.000208s ]
INFO: [ view_filter ] --END-- [ RunTime:0.000500s ]
INFO: [ app_end ] --START--
INFO: Run Behavior\ShowPageTraceBehavior [ RunTime:0.000415s ]
INFO: [ app_end ] --END-- [ RunTime:0.000537s ]

[ 2016-05-20T11:35:16+08:00 ] ::1 /smart_community/admin.php/Articlecate/add.html
INFO: [ app_init ] --START--
INFO: Run Behavior\BuildLiteBehavior [ RunTime:0.000066s ]
INFO: [ app_init ] --END-- [ RunTime:0.193465s ]
INFO: [ app_begin ] --START--
INFO: Run Behavior\ReadHtmlCacheBehavior [ RunTime:0.128041s ]
INFO: [ app_begin ] --END-- [ RunTime:0.128176s ]
NOTIC: [2048] Declaration of Admin\Controller\ArticlecateController::show() should be compatible with Think\Controller::show($content, $charset = '', $contentType = '', $prefix = '') /wwwroot/Smart_Community/Application/Admin/Controller/ArticlecateController.class.php 第 5 行.
SQL: SHOW COLUMNS FROM `sc_article_cat` [ RunTime:0.0006s ]
SQL: SELECT * FROM `sc_article_cat`  [ RunTime:0.0002s ]
INFO: [ view_parse ] --START--
INFO: [ template_filter ] --START--
INFO: Run Behavior\ContentReplaceBehavior [ RunTime:0.000201s ]
INFO: [ template_filter ] --END-- [ RunTime:0.000302s ]
INFO: Run Behavior\ParseTemplateBehavior [ RunTime:0.431925s ]
INFO: [ view_parse ] --END-- [ RunTime:0.432072s ]
INFO: [ view_filter ] --START--
INFO: Run Behavior\WriteHtmlCacheBehavior [ RunTime:0.017341s ]
INFO: Run Behavior\TokenBuildBehavior [ RunTime:0.028031s ]
INFO: [ view_filter ] --END-- [ RunTime:0.045719s ]
INFO: [ app_end ] --START--
INFO: Run Behavior\ShowPageTraceBehavior [ RunTime:0.001160s ]
INFO: [ app_end ] --END-- [ RunTime:0.001324s ]

[ 2016-05-20T11:35:16+08:00 ] ::1 /smart_community/admin.php/Articlecate/add.html
INFO: [ app_init ] --START--
INFO: Run Behavior\BuildLiteBehavior [ RunTime:0.000022s ]
INFO: [ app_init ] --END-- [ RunTime:0.000324s ]
INFO: [ app_begin ] --START--
INFO: Run Behavior\ReadHtmlCacheBehavior [ RunTime:0.000340s ]
INFO: [ app_begin ] --END-- [ RunTime:0.000426s ]
NOTIC: [2048] Declaration of Admin\Controller\ArticlecateController::show() should be compatible with Think\Controller::show($content, $charset = '', $contentType = '', $prefix = '') /wwwroot/Smart_Community/Application/Admin/Controller/ArticlecateController.class.php 第 5 行.
SQL: SHOW COLUMNS FROM `sc_article_cat` [ RunTime:0.0006s ]
SQL: SELECT * FROM `sc_article_cat`  [ RunTime:0.0002s ]
INFO: [ view_parse ] --START--
INFO: [ template_filter ] --START--
INFO: Run Behavior\ContentReplaceBehavior [ RunTime:0.000279s ]
INFO: [ template_filter ] --END-- [ RunTime:0.000372s ]
INFO: Run Behavior\ParseTemplateBehavior [ RunTime:0.016237s ]
INFO: [ view_parse ] --END-- [ RunTime:0.016345s ]
INFO: [ view_filter ] --START--
INFO: Run Behavior\WriteHtmlCacheBehavior [ RunTime:0.000159s ]
INFO: Run Behavior\TokenBuildBehavior [ RunTime:0.000319s ]
INFO: [ view_filter ] --END-- [ RunTime:0.000607s ]
INFO: [ app_end ] --START--
INFO: Run Behavior\ShowPageTraceBehavior [ RunTime:0.000560s ]
INFO: [ app_end ] --END-- [ RunTime:0.000671s ]

[ 2016-05-20T11:35:17+08:00 ] ::1 /smart_community/admin.php/Articlecate/index.html
INFO: [ app_init ] --START--
INFO: Run Behavior\BuildLiteBehavior [ RunTime:0.000023s ]
INFO: [ app_init ] --END-- [ RunTime:0.000415s ]
INFO: [ app_begin ] --START--
INFO: Run Behavior\ReadHtmlCacheBehavior [ RunTime:0.000522s ]
INFO: [ app_begin ] --END-- [ RunTime:0.000659s ]
NOTIC: [2048] Declaration of Admin\Controller\ArticlecateController::show() should be compatible with Think\Controller::show($content, $charset = '', $contentType = '', $prefix = '') /wwwroot/Smart_Community/Application/Admin/Controller/ArticlecateController.class.php 第 5 行.
SQL: SHOW COLUMNS FROM `sc_article_cat` [ RunTime:0.0006s ]
SQL: SELECT * FROM `sc_article_cat`  [ RunTime:0.0002s ]
INFO: [ view_parse ] --START--
INFO: [ template_filter ] --START--
INFO: Run Behavior\ContentReplaceBehavior [ RunTime:0.000114s ]
INFO: [ template_filter ] --END-- [ RunTime:0.000241s ]
INFO: Run Behavior\ParseTemplateBehavior [ RunTime:0.051220s ]
INFO: [ view_parse ] --END-- [ RunTime:0.051316s ]
INFO: [ view_filter ] --START--
INFO: Run Behavior\WriteHtmlCacheBehavior [ RunTime:0.000149s ]
INFO: Run Behavior\TokenBuildBehavior [ RunTime:0.000217s ]
INFO: [ view_filter ] --END-- [ RunTime:0.000529s ]
INFO: [ app_end ] --START--
INFO: Run Behavior\ShowPageTraceBehavior [ RunTime:0.000566s ]
INFO: [ app_end ] --END-- [ RunTime:0.000716s ]

[ 2016-05-20T14:06:12+08:00 ] ::1 /smart_community/admin.php/Article/index/category_id/1.html
INFO: [ app_init ] --START--
INFO: Run Behavior\BuildLiteBehavior [ RunTime:0.000086s ]
INFO: [ app_init ] --END-- [ RunTime:0.006038s ]
INFO: [ app_begin ] --START--
INFO: Run Behavior\ReadHtmlCacheBehavior [ RunTime:0.000881s ]
INFO: [ app_begin ] --END-- [ RunTime:0.001015s ]
NOTIC: [2048] Declaration of Admin\Controller\ArticleController::show() should be compatible with Think\Controller::show($content, $charset = '', $contentType = '', $prefix = '') /wwwroot/Smart_Community/Application/Admin/Controller/ArticleController.class.php 第 5 行.
INFO: [ view_parse ] --START--
INFO: [ template_filter ] --START--
INFO: Run Behavior\ContentReplaceBehavior [ RunTime:0.000233s ]
INFO: [ template_filter ] --END-- [ RunTime:0.000354s ]
INFO: Run Behavior\ParseTemplateBehavior [ RunTime:0.138399s ]
INFO: [ view_parse ] --END-- [ RunTime:0.138537s ]
INFO: [ view_filter ] --START--
INFO: Run Behavior\WriteHtmlCacheBehavior [ RunTime:0.035518s ]
INFO: Run Behavior\TokenBuildBehavior [ RunTime:0.038829s ]
INFO: [ view_filter ] --END-- [ RunTime:0.074645s ]
INFO: [ app_end ] --START--
INFO: Run Behavior\ShowPageTraceBehavior [ RunTime:0.016122s ]
INFO: [ app_end ] --END-- [ RunTime:0.016260s ]

[ 2016-05-20T14:06:13+08:00 ] ::1 /smart_community/admin.php/Article/indexPost
INFO: [ app_init ] --START--
INFO: Run Behavior\BuildLiteBehavior [ RunTime:0.000023s ]
INFO: [ app_init ] --END-- [ RunTime:0.000351s ]
INFO: [ app_begin ] --START--
INFO: Run Behavior\ReadHtmlCacheBehavior [ RunTime:0.000348s ]
INFO: [ app_begin ] --END-- [ RunTime:0.000424s ]
NOTIC: [2048] Declaration of Admin\Controller\ArticleController::show() should be compatible with Think\Controller::show($content, $charset = '', $contentType = '', $prefix = '') /wwwroot/Smart_Community/Application/Admin/Controller/ArticleController.class.php 第 5 行.
SQL: SHOW COLUMNS FROM `sc_article_cat` [ RunTime:0.1819s ]
SQL: SELECT `aname` FROM `sc_article_cat` WHERE `acid` = 1  [ RunTime:0.0249s ]
SQL: SHOW COLUMNS FROM `sc_article` [ RunTime:0.0009s ]
SQL: SELECT COUNT(*) AS tp_count FROM `sc_article` WHERE `acid` = 1 AND `status` = '1' LIMIT 1   [ RunTime:0.0179s ]
SQL: SELECT `aid`,`acid`,`atitle`,`keyword`,`source`,`author`,`des`,`valid_time`,`create_time`,`sort` FROM `sc_article` WHERE `acid` = 1 AND `status` = '1' ORDER BY sort desc LIMIT 0,5   [ RunTime:0.0008s ]

[ 2016-05-20T14:06:13+08:00 ] ::1 /smart_community/admin.php/Article/index/category_id/2.html
INFO: [ app_init ] --START--
INFO: Run Behavior\BuildLiteBehavior [ RunTime:0.000020s ]
INFO: [ app_init ] --END-- [ RunTime:0.000307s ]
INFO: [ app_begin ] --START--
INFO: Run Behavior\ReadHtmlCacheBehavior [ RunTime:0.000334s ]
INFO: [ app_begin ] --END-- [ RunTime:0.000416s ]
NOTIC: [2048] Declaration of Admin\Controller\ArticleController::show() should be compatible with Think\Controller::show($content, $charset = '', $contentType = '', $prefix = '') /wwwroot/Smart_Community/Application/Admin/Controller/ArticleController.class.php 第 5 行.
INFO: [ view_parse ] --START--
INFO: [ template_filter ] --START--
INFO: Run Behavior\ContentReplaceBehavior [ RunTime:0.000105s ]
INFO: [ template_filter ] --END-- [ RunTime:0.000207s ]
INFO: Run Behavior\ParseTemplateBehavior [ RunTime:0.013430s ]
INFO: [ view_parse ] --END-- [ RunTime:0.013516s ]
INFO: [ view_filter ] --START--
INFO: Run Behavior\WriteHtmlCacheBehavior [ RunTime:0.000135s ]
INFO: Run Behavior\TokenBuildBehavior [ RunTime:0.000198s ]
INFO: [ view_filter ] --END-- [ RunTime:0.000447s ]
INFO: [ app_end ] --START--
INFO: Run Behavior\ShowPageTraceBehavior [ RunTime:0.000415s ]
INFO: [ app_end ] --END-- [ RunTime:0.000530s ]

[ 2016-05-20T14:06:14+08:00 ] ::1 /smart_community/admin.php/Article/indexPost
INFO: [ app_init ] --START--
INFO: Run Behavior\BuildLiteBehavior [ RunTime:0.000024s ]
INFO: [ app_init ] --END-- [ RunTime:0.000360s ]
INFO: [ app_begin ] --START--
INFO: Run Behavior\ReadHtmlCacheBehavior [ RunTime:0.000316s ]
INFO: [ app_begin ] --END-- [ RunTime:0.000386s ]
NOTIC: [2048] Declaration of Admin\Controller\ArticleController::show() should be compatible with Think\Controller::show($content, $charset = '', $contentType = '', $prefix = '') /wwwroot/Smart_Community/Application/Admin/Controller/ArticleController.class.php 第 5 行.
SQL: SHOW COLUMNS FROM `sc_article_cat` [ RunTime:0.0007s ]
SQL: SELECT `aname` FROM `sc_article_cat` WHERE `acid` = 2  [ RunTime:0.0003s ]
SQL: SHOW COLUMNS FROM `sc_article` [ RunTime:0.0010s ]
SQL: SELECT COUNT(*) AS tp_count FROM `sc_article` WHERE `acid` = 2 AND `status` = '1' LIMIT 1   [ RunTime:0.0004s ]
SQL: SELECT `aid`,`acid`,`atitle`,`keyword`,`source`,`author`,`des`,`valid_time`,`create_time`,`sort` FROM `sc_article` WHERE `acid` = 2 AND `status` = '1' ORDER BY sort desc LIMIT 0,2   [ RunTime:0.0004s ]

[ 2016-05-20T15:35:07+08:00 ] ::1 /smart_community/index.php/Admin/public/login
INFO: [ app_init ] --START--
INFO: Run Behavior\BuildLiteBehavior [ RunTime:0.000056s ]
INFO: [ app_init ] --END-- [ RunTime:0.000749s ]
INFO: [ app_begin ] --START--
INFO: Run Behavior\ReadHtmlCacheBehavior [ RunTime:0.000852s ]
INFO: [ app_begin ] --END-- [ RunTime:0.000971s ]
NOTIC: [2048] Declaration of Admin\Controller\PublicController::show() should be compatible with Think\Controller::show($content, $charset = '', $contentType = '', $prefix = '') /wwwroot/Smart_Community/Application/Admin/Controller/PublicController.class.php 第 149 行.
INFO: [ view_parse ] --START--
INFO: [ template_filter ] --START--
INFO: Run Behavior\ContentReplaceBehavior [ RunTime:0.000187s ]
INFO: [ template_filter ] --END-- [ RunTime:0.000326s ]
INFO: Run Behavior\ParseTemplateBehavior [ RunTime:0.100731s ]
INFO: [ view_parse ] --END-- [ RunTime:0.100935s ]
INFO: [ view_filter ] --START--
INFO: Run Behavior\WriteHtmlCacheBehavior [ RunTime:0.017920s ]
INFO: Run Behavior\TokenBuildBehavior [ RunTime:0.005409s ]
INFO: [ view_filter ] --END-- [ RunTime:0.023553s ]
INFO: [ app_end ] --START--
INFO: Run Behavior\ShowPageTraceBehavior [ RunTime:0.001230s ]
INFO: [ app_end ] --END-- [ RunTime:0.001401s ]

[ 2016-05-20T15:35:07+08:00 ] ::1 /smart_community/index.php/Admin/Public/verify
INFO: [ app_init ] --START--
INFO: Run Behavior\BuildLiteBehavior [ RunTime:0.000022s ]
INFO: [ app_init ] --END-- [ RunTime:0.000380s ]
INFO: [ app_begin ] --START--
INFO: Run Behavior\ReadHtmlCacheBehavior [ RunTime:0.000342s ]
INFO: [ app_begin ] --END-- [ RunTime:0.000431s ]
NOTIC: [2048] Declaration of Admin\Controller\PublicController::show() should be compatible with Think\Controller::show($content, $charset = '', $contentType = '', $prefix = '') /wwwroot/Smart_Community/Application/Admin/Controller/PublicController.class.php 第 149 行.
INFO: [ app_end ] --START--
INFO: Run Behavior\ShowPageTraceBehavior [ RunTime:0.000447s ]
INFO: [ app_end ] --END-- [ RunTime:0.000575s ]

[ 2016-05-20T15:35:10+08:00 ] ::1 /smart_community/index.php/Admin/public/checklogin
INFO: [ app_init ] --START--
INFO: Run Behavior\BuildLiteBehavior [ RunTime:0.000024s ]
INFO: [ app_init ] --END-- [ RunTime:0.000617s ]
INFO: [ app_begin ] --START--
INFO: Run Behavior\ReadHtmlCacheBehavior [ RunTime:0.000340s ]
INFO: [ app_begin ] --END-- [ RunTime:0.000426s ]
NOTIC: [2048] Declaration of Admin\Controller\PublicController::show() should be compatible with Think\Controller::show($content, $charset = '', $contentType = '', $prefix = '') /wwwroot/Smart_Community/Application/Admin/Controller/PublicController.class.php 第 149 行.

[ 2016-05-20T15:49:39+08:00 ] ::1 /smart_community/index.php/Admin/public/checklogin
INFO: [ app_init ] --START--
INFO: Run Behavior\BuildLiteBehavior [ RunTime:0.000049s ]
INFO: [ app_init ] --END-- [ RunTime:0.000698s ]
INFO: [ app_begin ] --START--
INFO: Run Behavior\ReadHtmlCacheBehavior [ RunTime:0.001025s ]
INFO: [ app_begin ] --END-- [ RunTime:0.001172s ]
NOTIC: [2048] Declaration of Admin\Controller\PublicController::show() should be compatible with Think\Controller::show($content, $charset = '', $contentType = '', $prefix = '') /wwwroot/Smart_Community/Application/Admin/Controller/PublicController.class.php 第 149 行.

[ 2016-05-20T17:10:40+08:00 ] ::1 /smart_community/admin.php/Index/index
INFO: [ app_init ] --START--
INFO: Run Behavior\BuildLiteBehavior [ RunTime:0.000042s ]
INFO: [ app_init ] --END-- [ RunTime:0.000782s ]
INFO: [ app_begin ] --START--
INFO: Run Behavior\ReadHtmlCacheBehavior [ RunTime:0.000757s ]
INFO: [ app_begin ] --END-- [ RunTime:0.000916s ]
NOTIC: [2048] Declaration of Admin\Controller\IndexController::show() should be compatible with Think\Controller::show($content, $charset = '', $contentType = '', $prefix = '') /wwwroot/Smart_Community/Application/Admin/Controller/IndexController.class.php 第 4 行.
INFO: [ view_parse ] --START--
INFO: [ template_filter ] --START--
INFO: Run Behavior\ContentReplaceBehavior [ RunTime:0.000258s ]
INFO: [ template_filter ] --END-- [ RunTime:0.000428s ]
INFO: Run Behavior\ParseTemplateBehavior [ RunTime:0.031269s ]
INFO: [ view_parse ] --END-- [ RunTime:0.031402s ]
INFO: [ view_filter ] --START--
INFO: Run Behavior\WriteHtmlCacheBehavior [ RunTime:0.000474s ]
INFO: Run Behavior\TokenBuildBehavior [ RunTime:0.000465s ]
INFO: [ view_filter ] --END-- [ RunTime:0.001066s ]
INFO: [ app_end ] --START--
INFO: Run Behavior\ShowPageTraceBehavior [ RunTime:0.000794s ]
INFO: [ app_end ] --END-- [ RunTime:0.000951s ]

[ 2016-05-20T17:10:42+08:00 ] ::1 /smart_community/admin.php/Index/index.html
INFO: [ app_init ] --START--
INFO: Run Behavior\BuildLiteBehavior [ RunTime:0.000019s ]
INFO: [ app_init ] --END-- [ RunTime:0.000272s ]
INFO: [ app_begin ] --START--
INFO: Run Behavior\ReadHtmlCacheBehavior [ RunTime:0.000291s ]
INFO: [ app_begin ] --END-- [ RunTime:0.000369s ]
NOTIC: [2048] Declaration of Admin\Controller\IndexController::show() should be compatible with Think\Controller::show($content, $charset = '', $contentType = '', $prefix = '') /wwwroot/Smart_Community/Application/Admin/Controller/IndexController.class.php 第 4 行.
INFO: [ view_parse ] --START--
INFO: [ template_filter ] --START--
INFO: Run Behavior\ContentReplaceBehavior [ RunTime:0.000086s ]
INFO: [ template_filter ] --END-- [ RunTime:0.000173s ]
INFO: Run Behavior\ParseTemplateBehavior [ RunTime:0.010839s ]
INFO: [ view_parse ] --END-- [ RunTime:0.010928s ]
INFO: [ view_filter ] --START--
INFO: Run Behavior\WriteHtmlCacheBehavior [ RunTime:0.000138s ]
INFO: Run Behavior\TokenBuildBehavior [ RunTime:0.000189s ]
INFO: [ view_filter ] --END-- [ RunTime:0.000442s ]
INFO: [ app_end ] --START--
INFO: Run Behavior\ShowPageTraceBehavior [ RunTime:0.000408s ]
INFO: [ app_end ] --END-- [ RunTime:0.000564s ]

[ 2016-05-20T17:10:49+08:00 ] ::1 /smart_community/admin.php/Article/index/category_id/1.html
INFO: [ app_init ] --START--
INFO: Run Behavior\BuildLiteBehavior [ RunTime:0.000047s ]
INFO: [ app_init ] --END-- [ RunTime:0.000453s ]
INFO: [ app_begin ] --START--
INFO: Run Behavior\ReadHtmlCacheBehavior [ RunTime:0.000539s ]
INFO: [ app_begin ] --END-- [ RunTime:0.000645s ]
NOTIC: [2048] Declaration of Admin\Controller\ArticleController::show() should be compatible with Think\Controller::show($content, $charset = '', $contentType = '', $prefix = '') /wwwroot/Smart_Community/Application/Admin/Controller/ArticleController.class.php 第 5 行.
INFO: [ view_parse ] --START--
INFO: [ template_filter ] --START--
INFO: Run Behavior\ContentReplaceBehavior [ RunTime:0.000187s ]
INFO: [ template_filter ] --END-- [ RunTime:0.000293s ]
INFO: Run Behavior\ParseTemplateBehavior [ RunTime:0.015482s ]
INFO: [ view_parse ] --END-- [ RunTime:0.015595s ]
INFO: [ view_filter ] --START--
INFO: Run Behavior\WriteHtmlCacheBehavior [ RunTime:0.000137s ]
INFO: Run Behavior\TokenBuildBehavior [ RunTime:0.000271s ]
INFO: [ view_filter ] --END-- [ RunTime:0.000522s ]
INFO: [ app_end ] --START--
INFO: Run Behavior\ShowPageTraceBehavior [ RunTime:0.000513s ]
INFO: [ app_end ] --END-- [ RunTime:0.000614s ]

[ 2016-05-20T17:10:49+08:00 ] ::1 /smart_community/admin.php/Article/indexPost
INFO: [ app_init ] --START--
INFO: Run Behavior\BuildLiteBehavior [ RunTime:0.000025s ]
INFO: [ app_init ] --END-- [ RunTime:0.000388s ]
INFO: [ app_begin ] --START--
INFO: Run Behavior\ReadHtmlCacheBehavior [ RunTime:0.000497s ]
INFO: [ app_begin ] --END-- [ RunTime:0.000622s ]
NOTIC: [2048] Declaration of Admin\Controller\ArticleController::show() should be compatible with Think\Controller::show($content, $charset = '', $contentType = '', $prefix = '') /wwwroot/Smart_Community/Application/Admin/Controller/ArticleController.class.php 第 5 行.
SQL: SHOW COLUMNS FROM `sc_article_cat` [ RunTime:0.0014s ]
SQL: SELECT `aname` FROM `sc_article_cat` WHERE `acid` = 1  [ RunTime:0.0006s ]
SQL: SHOW COLUMNS FROM `sc_article` [ RunTime:0.0390s ]
SQL: SELECT COUNT(*) AS tp_count FROM `sc_article` WHERE `acid` = 1 AND `status` = '1' LIMIT 1   [ RunTime:0.1111s ]
SQL: SELECT `aid`,`acid`,`atitle`,`keyword`,`source`,`author`,`des`,`valid_time`,`create_time`,`sort` FROM `sc_article` WHERE `acid` = 1 AND `status` = '1' ORDER BY sort desc LIMIT 0,5   [ RunTime:0.0850s ]

[ 2016-05-20T17:10:52+08:00 ] ::1 /smart_community/admin.php/Article/add.html
INFO: [ app_init ] --START--
INFO: Run Behavior\BuildLiteBehavior [ RunTime:0.000019s ]
INFO: [ app_init ] --END-- [ RunTime:0.000278s ]
INFO: [ app_begin ] --START--
INFO: Run Behavior\ReadHtmlCacheBehavior [ RunTime:0.000295s ]
INFO: [ app_begin ] --END-- [ RunTime:0.000372s ]
NOTIC: [2048] Declaration of Admin\Controller\ArticleController::show() should be compatible with Think\Controller::show($content, $charset = '', $contentType = '', $prefix = '') /wwwroot/Smart_Community/Application/Admin/Controller/ArticleController.class.php 第 5 行.
SQL: SHOW COLUMNS FROM `sc_article_cat` [ RunTime:0.0006s ]
SQL: SELECT * FROM `sc_article_cat`  [ RunTime:0.0002s ]
INFO: [ view_parse ] --START--
INFO: [ template_filter ] --START--
INFO: Run Behavior\ContentReplaceBehavior [ RunTime:0.000258s ]
INFO: [ template_filter ] --END-- [ RunTime:0.000425s ]
INFO: Run Behavior\ParseTemplateBehavior [ RunTime:0.053908s ]
INFO: [ view_parse ] --END-- [ RunTime:0.054102s ]
INFO: [ view_filter ] --START--
INFO: Run Behavior\WriteHtmlCacheBehavior [ RunTime:0.000331s ]
INFO: Run Behavior\TokenBuildBehavior [ RunTime:0.000530s ]
INFO: [ view_filter ] --END-- [ RunTime:0.001128s ]
INFO: [ app_end ] --START--
INFO: Run Behavior\ShowPageTraceBehavior [ RunTime:0.000722s ]
INFO: [ app_end ] --END-- [ RunTime:0.000889s ]

[ 2016-05-20T17:10:55+08:00 ] ::1 /smart_community/admin.php/Article/indexPost
INFO: [ app_init ] --START--
INFO: Run Behavior\BuildLiteBehavior [ RunTime:0.000027s ]
INFO: [ app_init ] --END-- [ RunTime:0.000346s ]
INFO: [ app_begin ] --START--
INFO: Run Behavior\ReadHtmlCacheBehavior [ RunTime:0.000601s ]
INFO: [ app_begin ] --END-- [ RunTime:0.000728s ]
NOTIC: [2048] Declaration of Admin\Controller\ArticleController::show() should be compatible with Think\Controller::show($content, $charset = '', $contentType = '', $prefix = '') /wwwroot/Smart_Community/Application/Admin/Controller/ArticleController.class.php 第 5 行.
SQL: SHOW COLUMNS FROM `sc_article_cat` [ RunTime:0.0005s ]
SQL: SELECT `aname` FROM `sc_article_cat` WHERE `acid` = 1  [ RunTime:0.0002s ]
SQL: SHOW COLUMNS FROM `sc_article` [ RunTime:0.0007s ]
SQL: SELECT COUNT(*) AS tp_count FROM `sc_article` WHERE `acid` = 1 AND `status` = '1' LIMIT 1   [ RunTime:0.0003s ]
SQL: SELECT `aid`,`acid`,`atitle`,`keyword`,`source`,`author`,`des`,`valid_time`,`create_time`,`sort` FROM `sc_article` WHERE `acid` = 1 AND `status` = '1' ORDER BY sort desc LIMIT 0,5   [ RunTime:0.0253s ]

[ 2016-05-20T17:10:59+08:00 ] ::1 /smart_community/admin.php/Article/edit/id/1.html
INFO: [ app_init ] --START--
INFO: Run Behavior\BuildLiteBehavior [ RunTime:0.000049s ]
INFO: [ app_init ] --END-- [ RunTime:0.000626s ]
INFO: [ app_begin ] --START--
INFO: Run Behavior\ReadHtmlCacheBehavior [ RunTime:0.000358s ]
INFO: [ app_begin ] --END-- [ RunTime:0.000456s ]
NOTIC: [2048] Declaration of Admin\Controller\ArticleController::show() should be compatible with Think\Controller::show($content, $charset = '', $contentType = '', $prefix = '') /wwwroot/Smart_Community/Application/Admin/Controller/ArticleController.class.php 第 5 行.
SQL: SHOW COLUMNS FROM `sc_article` [ RunTime:0.0007s ]
SQL: SELECT * FROM `sc_article` WHERE `aid` = 1 LIMIT 1   [ RunTime:0.0006s ]
SQL: SHOW COLUMNS FROM `sc_article_cat` [ RunTime:0.0006s ]
SQL: SELECT * FROM `sc_article_cat`  [ RunTime:0.0002s ]
INFO: [ view_parse ] --START--
INFO: [ template_filter ] --START--
INFO: Run Behavior\ContentReplaceBehavior [ RunTime:0.000156s ]
INFO: [ template_filter ] --END-- [ RunTime:0.000266s ]
INFO: Run Behavior\ParseTemplateBehavior [ RunTime:0.015499s ]
INFO: [ view_parse ] --END-- [ RunTime:0.015591s ]
INFO: [ view_filter ] --START--
INFO: Run Behavior\WriteHtmlCacheBehavior [ RunTime:0.000147s ]
INFO: Run Behavior\TokenBuildBehavior [ RunTime:0.000201s ]
INFO: [ view_filter ] --END-- [ RunTime:0.000466s ]
INFO: [ app_end ] --START--
INFO: Run Behavior\ShowPageTraceBehavior [ RunTime:0.000397s ]
INFO: [ app_end ] --END-- [ RunTime:0.000497s ]

[ 2016-05-20T17:11:01+08:00 ] ::1 /smart_community/admin.php/Article/indexPost
INFO: [ app_init ] --START--
INFO: Run Behavior\BuildLiteBehavior [ RunTime:0.000021s ]
INFO: [ app_init ] --END-- [ RunTime:0.000289s ]
INFO: [ app_begin ] --START--
INFO: Run Behavior\ReadHtmlCacheBehavior [ RunTime:0.000299s ]
INFO: [ app_begin ] --END-- [ RunTime:0.000370s ]
NOTIC: [2048] Declaration of Admin\Controller\ArticleController::show() should be compatible with Think\Controller::show($content, $charset = '', $contentType = '', $prefix = '') /wwwroot/Smart_Community/Application/Admin/Controller/ArticleController.class.php 第 5 行.
SQL: SHOW COLUMNS FROM `sc_article_cat` [ RunTime:0.0007s ]
SQL: SELECT `aname` FROM `sc_article_cat` WHERE `acid` = 1  [ RunTime:0.0003s ]
SQL: SHOW COLUMNS FROM `sc_article` [ RunTime:0.0011s ]
SQL: SELECT COUNT(*) AS tp_count FROM `sc_article` WHERE `acid` = 1 AND `status` = '1' LIMIT 1   [ RunTime:0.0018s ]
SQL: SELECT `aid`,`acid`,`atitle`,`keyword`,`source`,`author`,`des`,`valid_time`,`create_time`,`sort` FROM `sc_article` WHERE `acid` = 1 AND `status` = '1' ORDER BY sort desc LIMIT 0,5   [ RunTime:0.0006s ]

[ 2016-05-20T17:11:02+08:00 ] ::1 /smart_community/admin.php/Article/edit/id/60.html
INFO: [ app_init ] --START--
INFO: Run Behavior\BuildLiteBehavior [ RunTime:0.000032s ]
INFO: [ app_init ] --END-- [ RunTime:0.000374s ]
INFO: [ app_begin ] --START--
INFO: Run Behavior\ReadHtmlCacheBehavior [ RunTime:0.000293s ]
INFO: [ app_begin ] --END-- [ RunTime:0.000374s ]
NOTIC: [2048] Declaration of Admin\Controller\ArticleController::show() should be compatible with Think\Controller::show($content, $charset = '', $contentType = '', $prefix = '') /wwwroot/Smart_Community/Application/Admin/Controller/ArticleController.class.php 第 5 行.
SQL: SHOW COLUMNS FROM `sc_article` [ RunTime:0.0006s ]
SQL: SELECT * FROM `sc_article` WHERE `aid` = 60 LIMIT 1   [ RunTime:0.0003s ]
SQL: SHOW COLUMNS FROM `sc_article_cat` [ RunTime:0.0005s ]
SQL: SELECT * FROM `sc_article_cat`  [ RunTime:0.0002s ]
INFO: [ view_parse ] --START--
INFO: [ template_filter ] --START--
INFO: Run Behavior\ContentReplaceBehavior [ RunTime:0.000119s ]
INFO: [ template_filter ] --END-- [ RunTime:0.000215s ]
INFO: Run Behavior\ParseTemplateBehavior [ RunTime:0.015835s ]
INFO: [ view_parse ] --END-- [ RunTime:0.015992s ]
INFO: [ view_filter ] --START--
INFO: Run Behavior\WriteHtmlCacheBehavior [ RunTime:0.000152s ]
INFO: Run Behavior\TokenBuildBehavior [ RunTime:0.000205s ]
INFO: [ view_filter ] --END-- [ RunTime:0.000473s ]
INFO: [ app_end ] --START--
INFO: Run Behavior\ShowPageTraceBehavior [ RunTime:0.000403s ]
INFO: [ app_end ] --END-- [ RunTime:0.000524s ]

[ 2016-05-20T17:11:06+08:00 ] ::1 /smart_community/admin.php/Article/editSave
INFO: [ app_init ] --START--
INFO: Run Behavior\BuildLiteBehavior [ RunTime:0.000021s ]
INFO: [ app_init ] --END-- [ RunTime:0.000291s ]
INFO: [ app_begin ] --START--
INFO: Run Behavior\ReadHtmlCacheBehavior [ RunTime:0.000401s ]
INFO: [ app_begin ] --END-- [ RunTime:0.000470s ]
NOTIC: [2048] Declaration of Admin\Controller\ArticleController::show() should be compatible with Think\Controller::show($content, $charset = '', $contentType = '', $prefix = '') /wwwroot/Smart_Community/Application/Admin/Controller/ArticleController.class.php 第 5 行.
SQL: SHOW COLUMNS FROM `sc_article` [ RunTime:0.0006s ]
NOTIC: [8] Undefined index: validate /wwwroot/Smart_Community/ThinkPHP/Library/Think/Model.class.php 第 1185 行.
NOTIC: [8] Undefined index: auto /wwwroot/Smart_Community/ThinkPHP/Library/Think/Model.class.php 第 1128 行.
SQL: UPDATE `sc_article` SET `acid`='1',`atitle`='1212332wenzhang',`keyword`='123',`source`='1',`author`='1',`des`='123',`content`='&lt;p&gt;%26amp%3Blt%3Bp%26amp%3Bgt%3B123%26amp%3Blt%3B%2Fp%26amp%3Bgt%3B&lt;/p&gt;',`valid_time`='2016-05-18',`sort`='0' WHERE `aid` = 60 [ RunTime:0.0227s ]

[ 2016-05-20T17:11:07+08:00 ] ::1 /smart_community/admin.php/Article/index/category_id/1
INFO: [ app_init ] --START--
INFO: Run Behavior\BuildLiteBehavior [ RunTime:0.000022s ]
INFO: [ app_init ] --END-- [ RunTime:0.000313s ]
INFO: [ app_begin ] --START--
INFO: Run Behavior\ReadHtmlCacheBehavior [ RunTime:0.000340s ]
INFO: [ app_begin ] --END-- [ RunTime:0.000430s ]
NOTIC: [2048] Declaration of Admin\Controller\ArticleController::show() should be compatible with Think\Controller::show($content, $charset = '', $contentType = '', $prefix = '') /wwwroot/Smart_Community/Application/Admin/Controller/ArticleController.class.php 第 5 行.
INFO: [ view_parse ] --START--
INFO: [ template_filter ] --START--
INFO: Run Behavior\ContentReplaceBehavior [ RunTime:0.000121s ]
INFO: [ template_filter ] --END-- [ RunTime:0.000234s ]
INFO: Run Behavior\ParseTemplateBehavior [ RunTime:0.017343s ]
INFO: [ view_parse ] --END-- [ RunTime:0.017451s ]
INFO: [ view_filter ] --START--
INFO: Run Behavior\WriteHtmlCacheBehavior [ RunTime:0.000282s ]
INFO: Run Behavior\TokenBuildBehavior [ RunTime:0.000393s ]
INFO: [ view_filter ] --END-- [ RunTime:0.000901s ]
INFO: [ app_end ] --START--
INFO: Run Behavior\ShowPageTraceBehavior [ RunTime:0.000639s ]
INFO: [ app_end ] --END-- [ RunTime:0.000807s ]

[ 2016-05-20T17:11:08+08:00 ] ::1 /smart_community/admin.php/Article/indexPost
INFO: [ app_init ] --START--
INFO: Run Behavior\BuildLiteBehavior [ RunTime:0.000039s ]
INFO: [ app_init ] --END-- [ RunTime:0.000612s ]
INFO: [ app_begin ] --START--
INFO: Run Behavior\ReadHtmlCacheBehavior [ RunTime:0.000769s ]
INFO: [ app_begin ] --END-- [ RunTime:0.001021s ]
NOTIC: [2048] Declaration of Admin\Controller\ArticleController::show() should be compatible with Think\Controller::show($content, $charset = '', $contentType = '', $prefix = '') /wwwroot/Smart_Community/Application/Admin/Controller/ArticleController.class.php 第 5 行.
SQL: SHOW COLUMNS FROM `sc_article_cat` [ RunTime:0.0010s ]
SQL: SELECT `aname` FROM `sc_article_cat` WHERE `acid` = 1  [ RunTime:0.0003s ]
SQL: SHOW COLUMNS FROM `sc_article` [ RunTime:0.0009s ]
SQL: SELECT COUNT(*) AS tp_count FROM `sc_article` WHERE `acid` = 1 AND `status` = '1' LIMIT 1   [ RunTime:0.0018s ]
SQL: SELECT `aid`,`acid`,`atitle`,`keyword`,`source`,`author`,`des`,`valid_time`,`create_time`,`sort` FROM `sc_article` WHERE `acid` = 1 AND `status` = '1' ORDER BY sort desc LIMIT 0,5   [ RunTime:0.0009s ]

[ 2016-05-20T17:11:11+08:00 ] ::1 /smart_community/admin.php/Article/edit/id/60.html
INFO: [ app_init ] --START--
INFO: Run Behavior\BuildLiteBehavior [ RunTime:0.000033s ]
INFO: [ app_init ] --END-- [ RunTime:0.000481s ]
INFO: [ app_begin ] --START--
INFO: Run Behavior\ReadHtmlCacheBehavior [ RunTime:0.000345s ]
INFO: [ app_begin ] --END-- [ RunTime:0.000439s ]
NOTIC: [2048] Declaration of Admin\Controller\ArticleController::show() should be compatible with Think\Controller::show($content, $charset = '', $contentType = '', $prefix = '') /wwwroot/Smart_Community/Application/Admin/Controller/ArticleController.class.php 第 5 行.
SQL: SHOW COLUMNS FROM `sc_article` [ RunTime:0.0010s ]
SQL: SELECT * FROM `sc_article` WHERE `aid` = 60 LIMIT 1   [ RunTime:0.0006s ]
SQL: SHOW COLUMNS FROM `sc_article_cat` [ RunTime:0.0005s ]
SQL: SELECT * FROM `sc_article_cat`  [ RunTime:0.0003s ]
INFO: [ view_parse ] --START--
INFO: [ template_filter ] --START--
INFO: Run Behavior\ContentReplaceBehavior [ RunTime:0.000130s ]
INFO: [ template_filter ] --END-- [ RunTime:0.000239s ]
INFO: Run Behavior\ParseTemplateBehavior [ RunTime:0.015704s ]
INFO: [ view_parse ] --END-- [ RunTime:0.015790s ]
INFO: [ view_filter ] --START--
INFO: Run Behavior\WriteHtmlCacheBehavior [ RunTime:0.000148s ]
INFO: Run Behavior\TokenBuildBehavior [ RunTime:0.000205s ]
INFO: [ view_filter ] --END-- [ RunTime:0.000469s ]
INFO: [ app_end ] --START--
INFO: Run Behavior\ShowPageTraceBehavior [ RunTime:0.000453s ]
INFO: [ app_end ] --END-- [ RunTime:0.000556s ]

[ 2016-05-20T17:11:15+08:00 ] ::1 /smart_community/admin.php/Article/editSave
INFO: [ app_init ] --START--
INFO: Run Behavior\BuildLiteBehavior [ RunTime:0.000031s ]
INFO: [ app_init ] --END-- [ RunTime:0.000306s ]
INFO: [ app_begin ] --START--
INFO: Run Behavior\ReadHtmlCacheBehavior [ RunTime:0.000290s ]
INFO: [ app_begin ] --END-- [ RunTime:0.000358s ]
NOTIC: [2048] Declaration of Admin\Controller\ArticleController::show() should be compatible with Think\Controller::show($content, $charset = '', $contentType = '', $prefix = '') /wwwroot/Smart_Community/Application/Admin/Controller/ArticleController.class.php 第 5 行.
SQL: SHOW COLUMNS FROM `sc_article` [ RunTime:0.0006s ]
NOTIC: [8] Undefined index: validate /wwwroot/Smart_Community/ThinkPHP/Library/Think/Model.class.php 第 1185 行.
NOTIC: [8] Undefined index: auto /wwwroot/Smart_Community/ThinkPHP/Library/Think/Model.class.php 第 1128 行.
SQL: UPDATE `sc_article` SET `acid`='1',`atitle`='1212332wenzhang',`keyword`='123',`source`='1',`author`='1',`des`='123',`content`='&lt;p&gt;%26amp%3Blt%3Bp%26amp%3Bgt%3B123%26amp%3Blt%3B%2Fp%26amp%3Bgt%3B&lt;/p&gt;',`valid_time`='2016-05-18',`sort`='0' WHERE `aid` = 60 [ RunTime:0.0007s ]

[ 2016-05-20T17:11:19+08:00 ] ::1 /smart_community/admin.php/Article/editSave
INFO: [ app_init ] --START--
INFO: Run Behavior\BuildLiteBehavior [ RunTime:0.000020s ]
INFO: [ app_init ] --END-- [ RunTime:0.000309s ]
INFO: [ app_begin ] --START--
INFO: Run Behavior\ReadHtmlCacheBehavior [ RunTime:0.000323s ]
INFO: [ app_begin ] --END-- [ RunTime:0.000398s ]
NOTIC: [2048] Declaration of Admin\Controller\ArticleController::show() should be compatible with Think\Controller::show($content, $charset = '', $contentType = '', $prefix = '') /wwwroot/Smart_Community/Application/Admin/Controller/ArticleController.class.php 第 5 行.
SQL: SHOW COLUMNS FROM `sc_article` [ RunTime:0.0006s ]
NOTIC: [8] Undefined index: validate /wwwroot/Smart_Community/ThinkPHP/Library/Think/Model.class.php 第 1185 行.
NOTIC: [8] Undefined index: auto /wwwroot/Smart_Community/ThinkPHP/Library/Think/Model.class.php 第 1128 行.
SQL: UPDATE `sc_article` SET `acid`='1',`atitle`='1212332wenzhang',`keyword`='123',`source`='1',`author`='1',`des`='123',`content`='&lt;p&gt;%26amp%3Blt%3Bp%26amp%3Bgt%3B123%26amp%3Blt%3B%2Fp%26amp%3Bgt%3B&lt;/p&gt;',`valid_time`='2016-05-18',`sort`='0' WHERE `aid` = 60 [ RunTime:0.1493s ]

[ 2016-05-20T17:11:24+08:00 ] ::1 /smart_community/admin.php/Article/editSave
INFO: [ app_init ] --START--
INFO: Run Behavior\BuildLiteBehavior [ RunTime:0.000023s ]
INFO: [ app_init ] --END-- [ RunTime:0.000328s ]
INFO: [ app_begin ] --START--
INFO: Run Behavior\ReadHtmlCacheBehavior [ RunTime:0.000329s ]
INFO: [ app_begin ] --END-- [ RunTime:0.000408s ]
NOTIC: [2048] Declaration of Admin\Controller\ArticleController::show() should be compatible with Think\Controller::show($content, $charset = '', $contentType = '', $prefix = '') /wwwroot/Smart_Community/Application/Admin/Controller/ArticleController.class.php 第 5 行.
SQL: SHOW COLUMNS FROM `sc_article` [ RunTime:0.0010s ]
NOTIC: [8] Undefined index: validate /wwwroot/Smart_Community/ThinkPHP/Library/Think/Model.class.php 第 1185 行.
NOTIC: [8] Undefined index: auto /wwwroot/Smart_Community/ThinkPHP/Library/Think/Model.class.php 第 1128 行.
SQL: UPDATE `sc_article` SET `acid`='1',`atitle`='1212332wenzhang1232',`keyword`='123',`source`='1',`author`='1',`des`='123',`content`='&lt;p&gt;%26amp%3Blt%3Bp%26amp%3Bgt%3B123%26amp%3Blt%3B%2Fp%26amp%3Bgt%3B&lt;/p&gt;',`valid_time`='2016-05-18',`sort`='0' WHERE `aid` = 60 [ RunTime:0.0244s ]

[ 2016-05-20T17:11:25+08:00 ] ::1 /smart_community/admin.php/Article/index/category_id/1
INFO: [ app_init ] --START--
INFO: Run Behavior\BuildLiteBehavior [ RunTime:0.000057s ]
INFO: [ app_init ] --END-- [ RunTime:0.000544s ]
INFO: [ app_begin ] --START--
INFO: Run Behavior\ReadHtmlCacheBehavior [ RunTime:0.000355s ]
INFO: [ app_begin ] --END-- [ RunTime:0.000448s ]
NOTIC: [2048] Declaration of Admin\Controller\ArticleController::show() should be compatible with Think\Controller::show($content, $charset = '', $contentType = '', $prefix = '') /wwwroot/Smart_Community/Application/Admin/Controller/ArticleController.class.php 第 5 行.
INFO: [ view_parse ] --START--
INFO: [ template_filter ] --START--
INFO: Run Behavior\ContentReplaceBehavior [ RunTime:0.000349s ]
INFO: [ template_filter ] --END-- [ RunTime:0.000531s ]
INFO: Run Behavior\ParseTemplateBehavior [ RunTime:0.017756s ]
INFO: [ view_parse ] --END-- [ RunTime:0.017932s ]
INFO: [ view_filter ] --START--
INFO: Run Behavior\WriteHtmlCacheBehavior [ RunTime:0.000213s ]
INFO: Run Behavior\TokenBuildBehavior [ RunTime:0.000431s ]
INFO: [ view_filter ] --END-- [ RunTime:0.000837s ]
INFO: [ app_end ] --START--
INFO: Run Behavior\ShowPageTraceBehavior [ RunTime:0.000636s ]
INFO: [ app_end ] --END-- [ RunTime:0.000777s ]

[ 2016-05-20T17:11:25+08:00 ] ::1 /smart_community/admin.php/Article/indexPost
INFO: [ app_init ] --START--
INFO: Run Behavior\BuildLiteBehavior [ RunTime:0.000027s ]
INFO: [ app_init ] --END-- [ RunTime:0.000448s ]
INFO: [ app_begin ] --START--
INFO: Run Behavior\ReadHtmlCacheBehavior [ RunTime:0.000492s ]
INFO: [ app_begin ] --END-- [ RunTime:0.000605s ]
NOTIC: [2048] Declaration of Admin\Controller\ArticleController::show() should be compatible with Think\Controller::show($content, $charset = '', $contentType = '', $prefix = '') /wwwroot/Smart_Community/Application/Admin/Controller/ArticleController.class.php 第 5 行.
SQL: SHOW COLUMNS FROM `sc_article_cat` [ RunTime:0.0006s ]
SQL: SELECT `aname` FROM `sc_article_cat` WHERE `acid` = 1  [ RunTime:0.0002s ]
SQL: SHOW COLUMNS FROM `sc_article` [ RunTime:0.0005s ]
SQL: SELECT COUNT(*) AS tp_count FROM `sc_article` WHERE `acid` = 1 AND `status` = '1' LIMIT 1   [ RunTime:0.0003s ]
SQL: SELECT `aid`,`acid`,`atitle`,`keyword`,`source`,`author`,`des`,`valid_time`,`create_time`,`sort` FROM `sc_article` WHERE `acid` = 1 AND `status` = '1' ORDER BY sort desc LIMIT 0,5   [ RunTime:0.0008s ]

[ 2016-05-20T17:11:29+08:00 ] ::1 /smart_community/admin.php/Article/indexPost
INFO: [ app_init ] --START--
INFO: Run Behavior\BuildLiteBehavior [ RunTime:0.000025s ]
INFO: [ app_init ] --END-- [ RunTime:0.000330s ]
INFO: [ app_begin ] --START--
INFO: Run Behavior\ReadHtmlCacheBehavior [ RunTime:0.000299s ]
INFO: [ app_begin ] --END-- [ RunTime:0.000385s ]
NOTIC: [2048] Declaration of Admin\Controller\ArticleController::show() should be compatible with Think\Controller::show($content, $charset = '', $contentType = '', $prefix = '') /wwwroot/Smart_Community/Application/Admin/Controller/ArticleController.class.php 第 5 行.
SQL: SHOW COLUMNS FROM `sc_article_cat` [ RunTime:0.0007s ]
SQL: SELECT `aname` FROM `sc_article_cat` WHERE `acid` = 1  [ RunTime:0.0004s ]
SQL: SHOW COLUMNS FROM `sc_article` [ RunTime:0.0013s ]
SQL: SELECT COUNT(*) AS tp_count FROM `sc_article` WHERE `acid` = 1 AND `status` = '0' LIMIT 1   [ RunTime:0.0008s ]
SQL: SELECT `aid`,`acid`,`atitle`,`keyword`,`source`,`author`,`des`,`valid_time`,`create_time`,`sort` FROM `sc_article` WHERE `acid` = 1 AND `status` = '0' ORDER BY sort desc LIMIT 0,3   [ RunTime:0.0006s ]

[ 2016-05-20T17:11:37+08:00 ] ::1 /smart_community/admin.php/Article/detail/id/49.html
INFO: [ app_init ] --START--
INFO: Run Behavior\BuildLiteBehavior [ RunTime:0.000026s ]
INFO: [ app_init ] --END-- [ RunTime:0.000454s ]
INFO: [ app_begin ] --START--
INFO: Run Behavior\ReadHtmlCacheBehavior [ RunTime:0.000493s ]
INFO: [ app_begin ] --END-- [ RunTime:0.000606s ]
NOTIC: [2048] Declaration of Admin\Controller\ArticleController::show() should be compatible with Think\Controller::show($content, $charset = '', $contentType = '', $prefix = '') /wwwroot/Smart_Community/Application/Admin/Controller/ArticleController.class.php 第 5 行.
SQL: SHOW COLUMNS FROM `sc_article` [ RunTime:0.0007s ]
SQL: SELECT * FROM `sc_article` WHERE `aid` = 49 LIMIT 1   [ RunTime:0.0003s ]
SQL: SHOW COLUMNS FROM `sc_article_cat` [ RunTime:0.0006s ]
SQL: SELECT * FROM `sc_article_cat`  [ RunTime:0.0002s ]
INFO: [ view_parse ] --START--
INFO: [ template_filter ] --START--
INFO: Run Behavior\ContentReplaceBehavior [ RunTime:0.000221s ]
INFO: [ template_filter ] --END-- [ RunTime:0.000329s ]
INFO: Run Behavior\ParseTemplateBehavior [ RunTime:0.085973s ]
INFO: [ view_parse ] --END-- [ RunTime:0.086090s ]
INFO: [ view_filter ] --START--
INFO: Run Behavior\WriteHtmlCacheBehavior [ RunTime:0.051995s ]
INFO: Run Behavior\TokenBuildBehavior [ RunTime:0.000545s ]
INFO: [ view_filter ] --END-- [ RunTime:0.052694s ]
INFO: [ app_end ] --START--
INFO: Run Behavior\ShowPageTraceBehavior [ RunTime:0.000677s ]
INFO: [ app_end ] --END-- [ RunTime:0.000793s ]

[ 2016-05-20T17:11:40+08:00 ] ::1 /smart_community/admin.php/Article/indexPost
INFO: [ app_init ] --START--
INFO: Run Behavior\BuildLiteBehavior [ RunTime:0.000022s ]
INFO: [ app_init ] --END-- [ RunTime:0.000434s ]
INFO: [ app_begin ] --START--
INFO: Run Behavior\ReadHtmlCacheBehavior [ RunTime:0.000351s ]
INFO: [ app_begin ] --END-- [ RunTime:0.000435s ]
NOTIC: [2048] Declaration of Admin\Controller\ArticleController::show() should be compatible with Think\Controller::show($content, $charset = '', $contentType = '', $prefix = '') /wwwroot/Smart_Community/Application/Admin/Controller/ArticleController.class.php 第 5 行.
SQL: SHOW COLUMNS FROM `sc_article_cat` [ RunTime:0.0011s ]
SQL: SELECT `aname` FROM `sc_article_cat` WHERE `acid` = 1  [ RunTime:0.0004s ]
SQL: SHOW COLUMNS FROM `sc_article` [ RunTime:0.0007s ]
SQL: SELECT COUNT(*) AS tp_count FROM `sc_article` WHERE `acid` = 1 AND `status` = '1' LIMIT 1   [ RunTime:0.0004s ]
SQL: SELECT `aid`,`acid`,`atitle`,`keyword`,`source`,`author`,`des`,`valid_time`,`create_time`,`sort` FROM `sc_article` WHERE `acid` = 1 AND `status` = '1' ORDER BY sort desc LIMIT 0,5   [ RunTime:0.0004s ]

[ 2016-05-20T17:11:47+08:00 ] ::1 /smart_community/admin.php/Article/trash.html
INFO: [ app_init ] --START--
INFO: Run Behavior\BuildLiteBehavior [ RunTime:0.000021s ]
INFO: [ app_init ] --END-- [ RunTime:0.000391s ]
INFO: [ app_begin ] --START--
INFO: Run Behavior\ReadHtmlCacheBehavior [ RunTime:0.000391s ]
INFO: [ app_begin ] --END-- [ RunTime:0.000495s ]
NOTIC: [2048] Declaration of Admin\Controller\ArticleController::show() should be compatible with Think\Controller::show($content, $charset = '', $contentType = '', $prefix = '') /wwwroot/Smart_Community/Application/Admin/Controller/ArticleController.class.php 第 5 行.
INFO: [ view_parse ] --START--
INFO: [ template_filter ] --START--
INFO: Run Behavior\ContentReplaceBehavior [ RunTime:0.000131s ]
INFO: [ template_filter ] --END-- [ RunTime:0.000238s ]
INFO: Run Behavior\ParseTemplateBehavior [ RunTime:0.035003s ]
INFO: [ view_parse ] --END-- [ RunTime:0.035115s ]
INFO: [ view_filter ] --START--
INFO: Run Behavior\WriteHtmlCacheBehavior [ RunTime:0.000252s ]
INFO: Run Behavior\TokenBuildBehavior [ RunTime:0.000295s ]
INFO: [ view_filter ] --END-- [ RunTime:0.000711s ]
INFO: [ app_end ] --START--
INFO: Run Behavior\ShowPageTraceBehavior [ RunTime:0.000465s ]
INFO: [ app_end ] --END-- [ RunTime:0.000584s ]

[ 2016-05-20T17:11:48+08:00 ] ::1 /smart_community/admin.php/Article/indexPost
INFO: [ app_init ] --START--
INFO: Run Behavior\BuildLiteBehavior [ RunTime:0.000057s ]
INFO: [ app_init ] --END-- [ RunTime:0.000618s ]
INFO: [ app_begin ] --START--
INFO: Run Behavior\ReadHtmlCacheBehavior [ RunTime:0.000603s ]
INFO: [ app_begin ] --END-- [ RunTime:0.000765s ]
NOTIC: [2048] Declaration of Admin\Controller\ArticleController::show() should be compatible with Think\Controller::show($content, $charset = '', $contentType = '', $prefix = '') /wwwroot/Smart_Community/Application/Admin/Controller/ArticleController.class.php 第 5 行.
SQL: SHOW COLUMNS FROM `sc_article_cat` [ RunTime:0.0005s ]
SQL: SELECT `aname` FROM `sc_article_cat` WHERE `acid` = 0  [ RunTime:0.0004s ]
SQL: SHOW COLUMNS FROM `sc_article` [ RunTime:0.0008s ]
SQL: SELECT COUNT(*) AS tp_count FROM `sc_article` WHERE `status` = '-1' LIMIT 1   [ RunTime:0.0012s ]
SQL: SELECT `aid`,`acid`,`atitle`,`keyword`,`source`,`author`,`des`,`valid_time`,`create_time`,`sort` FROM `sc_article` WHERE `status` = '-1'  [ RunTime:0.0008s ]

[ 2016-05-20T17:11:49+08:00 ] ::1 /smart_community/admin.php/Articlecate/index.html
INFO: [ app_init ] --START--
INFO: Run Behavior\BuildLiteBehavior [ RunTime:0.000019s ]
INFO: [ app_init ] --END-- [ RunTime:0.000283s ]
INFO: [ app_begin ] --START--
INFO: Run Behavior\ReadHtmlCacheBehavior [ RunTime:0.000318s ]
INFO: [ app_begin ] --END-- [ RunTime:0.000396s ]
NOTIC: [2048] Declaration of Admin\Controller\ArticlecateController::show() should be compatible with Think\Controller::show($content, $charset = '', $contentType = '', $prefix = '') /wwwroot/Smart_Community/Application/Admin/Controller/ArticlecateController.class.php 第 5 行.
SQL: SHOW COLUMNS FROM `sc_article_cat` [ RunTime:0.0005s ]
SQL: SELECT * FROM `sc_article_cat`  [ RunTime:0.0003s ]
INFO: [ view_parse ] --START--
INFO: [ template_filter ] --START--
INFO: Run Behavior\ContentReplaceBehavior [ RunTime:0.000106s ]
INFO: [ template_filter ] --END-- [ RunTime:0.000205s ]
INFO: Run Behavior\ParseTemplateBehavior [ RunTime:0.017718s ]
INFO: [ view_parse ] --END-- [ RunTime:0.017812s ]
INFO: [ view_filter ] --START--
INFO: Run Behavior\WriteHtmlCacheBehavior [ RunTime:0.000154s ]
INFO: Run Behavior\TokenBuildBehavior [ RunTime:0.000211s ]
INFO: [ view_filter ] --END-- [ RunTime:0.000496s ]
INFO: [ app_end ] --START--
INFO: Run Behavior\ShowPageTraceBehavior [ RunTime:0.000447s ]
INFO: [ app_end ] --END-- [ RunTime:0.000557s ]

[ 2016-05-20T17:11:52+08:00 ] ::1 /smart_community/admin.php/Index/index.html
INFO: [ app_init ] --START--
INFO: Run Behavior\BuildLiteBehavior [ RunTime:0.000021s ]
INFO: [ app_init ] --END-- [ RunTime:0.000285s ]
INFO: [ app_begin ] --START--
INFO: Run Behavior\ReadHtmlCacheBehavior [ RunTime:0.000295s ]
INFO: [ app_begin ] --END-- [ RunTime:0.000374s ]
NOTIC: [2048] Declaration of Admin\Controller\IndexController::show() should be compatible with Think\Controller::show($content, $charset = '', $contentType = '', $prefix = '') /wwwroot/Smart_Community/Application/Admin/Controller/IndexController.class.php 第 4 行.
INFO: [ view_parse ] --START--
INFO: [ template_filter ] --START--
INFO: Run Behavior\ContentReplaceBehavior [ RunTime:0.000087s ]
INFO: [ template_filter ] --END-- [ RunTime:0.000181s ]
INFO: Run Behavior\ParseTemplateBehavior [ RunTime:0.029902s ]
INFO: [ view_parse ] --END-- [ RunTime:0.029993s ]
INFO: [ view_filter ] --START--
INFO: Run Behavior\WriteHtmlCacheBehavior [ RunTime:0.000134s ]
INFO: Run Behavior\TokenBuildBehavior [ RunTime:0.000192s ]
INFO: [ view_filter ] --END-- [ RunTime:0.000442s ]
INFO: [ app_end ] --START--
INFO: Run Behavior\ShowPageTraceBehavior [ RunTime:0.000454s ]
INFO: [ app_end ] --END-- [ RunTime:0.000605s ]

[ 2016-05-20T17:12:35+08:00 ] ::1 /smart_community/admin.php/Article/index/category_id/1.html
INFO: [ app_init ] --START--
INFO: Run Behavior\BuildLiteBehavior [ RunTime:0.000054s ]
INFO: [ app_init ] --END-- [ RunTime:0.005164s ]
INFO: [ app_begin ] --START--
INFO: Run Behavior\ReadHtmlCacheBehavior [ RunTime:0.000879s ]
INFO: [ app_begin ] --END-- [ RunTime:0.001003s ]
NOTIC: [2048] Declaration of Admin\Controller\ArticleController::show() should be compatible with Think\Controller::show($content, $charset = '', $contentType = '', $prefix = '') /wwwroot/Smart_Community/Application/Admin/Controller/ArticleController.class.php 第 5 行.
INFO: [ view_parse ] --START--
INFO: [ template_filter ] --START--
INFO: Run Behavior\ContentReplaceBehavior [ RunTime:0.000212s ]
INFO: [ template_filter ] --END-- [ RunTime:0.000324s ]
INFO: Run Behavior\ParseTemplateBehavior [ RunTime:0.017703s ]
INFO: [ view_parse ] --END-- [ RunTime:0.017829s ]
INFO: [ view_filter ] --START--
INFO: Run Behavior\WriteHtmlCacheBehavior [ RunTime:0.000471s ]
INFO: Run Behavior\TokenBuildBehavior [ RunTime:0.000620s ]
INFO: [ view_filter ] --END-- [ RunTime:0.001227s ]
INFO: [ app_end ] --START--
INFO: Run Behavior\ShowPageTraceBehavior [ RunTime:0.000624s ]
INFO: [ app_end ] --END-- [ RunTime:0.000730s ]

[ 2016-05-20T17:12:36+08:00 ] ::1 /smart_community/admin.php/Article/indexPost
INFO: [ app_init ] --START--
INFO: Run Behavior\BuildLiteBehavior [ RunTime:0.000030s ]
INFO: [ app_init ] --END-- [ RunTime:0.000340s ]
INFO: [ app_begin ] --START--
INFO: Run Behavior\ReadHtmlCacheBehavior [ RunTime:0.000710s ]
INFO: [ app_begin ] --END-- [ RunTime:0.000860s ]
NOTIC: [2048] Declaration of Admin\Controller\ArticleController::show() should be compatible with Think\Controller::show($content, $charset = '', $contentType = '', $prefix = '') /wwwroot/Smart_Community/Application/Admin/Controller/ArticleController.class.php 第 5 行.
SQL: SHOW COLUMNS FROM `sc_article_cat` [ RunTime:0.0006s ]
SQL: SELECT `aname` FROM `sc_article_cat` WHERE `acid` = 1  [ RunTime:0.0003s ]
SQL: SHOW COLUMNS FROM `sc_article` [ RunTime:0.0008s ]
SQL: SELECT COUNT(*) AS tp_count FROM `sc_article` WHERE `acid` = 1 AND `status` = '1' LIMIT 1   [ RunTime:0.0004s ]
SQL: SELECT `aid`,`acid`,`atitle`,`keyword`,`source`,`author`,`des`,`valid_time`,`create_time`,`sort` FROM `sc_article` WHERE `acid` = 1 AND `status` = '1' ORDER BY sort desc LIMIT 0,5   [ RunTime:0.0005s ]

[ 2016-05-20T17:12:43+08:00 ] ::1 /smart_community/admin.php/Article/indexPost
INFO: [ app_init ] --START--
INFO: Run Behavior\BuildLiteBehavior [ RunTime:0.000046s ]
INFO: [ app_init ] --END-- [ RunTime:0.001121s ]
INFO: [ app_begin ] --START--
INFO: Run Behavior\ReadHtmlCacheBehavior [ RunTime:0.000461s ]
INFO: [ app_begin ] --END-- [ RunTime:0.000560s ]
NOTIC: [2048] Declaration of Admin\Controller\ArticleController::show() should be compatible with Think\Controller::show($content, $charset = '', $contentType = '', $prefix = '') /wwwroot/Smart_Community/Application/Admin/Controller/ArticleController.class.php 第 5 行.
SQL: SHOW COLUMNS FROM `sc_article_cat` [ RunTime:0.0005s ]
SQL: SELECT `aname` FROM `sc_article_cat` WHERE `acid` = 1  [ RunTime:0.0002s ]
SQL: SHOW COLUMNS FROM `sc_article` [ RunTime:0.0004s ]
SQL: SELECT COUNT(*) AS tp_count FROM `sc_article` WHERE `acid` = 1 AND `status` = '0' LIMIT 1   [ RunTime:0.0003s ]
SQL: SELECT `aid`,`acid`,`atitle`,`keyword`,`source`,`author`,`des`,`valid_time`,`create_time`,`sort` FROM `sc_article` WHERE `acid` = 1 AND `status` = '0' ORDER BY sort desc LIMIT 0,3   [ RunTime:0.0005s ]

[ 2016-05-20T17:12:45+08:00 ] ::1 /smart_community/admin.php/Article/trash.html
INFO: [ app_init ] --START--
INFO: Run Behavior\BuildLiteBehavior [ RunTime:0.000021s ]
INFO: [ app_init ] --END-- [ RunTime:0.000353s ]
INFO: [ app_begin ] --START--
INFO: Run Behavior\ReadHtmlCacheBehavior [ RunTime:0.000484s ]
INFO: [ app_begin ] --END-- [ RunTime:0.000585s ]
NOTIC: [2048] Declaration of Admin\Controller\ArticleController::show() should be compatible with Think\Controller::show($content, $charset = '', $contentType = '', $prefix = '') /wwwroot/Smart_Community/Application/Admin/Controller/ArticleController.class.php 第 5 行.
INFO: [ view_parse ] --START--
INFO: [ template_filter ] --START--
INFO: Run Behavior\ContentReplaceBehavior [ RunTime:0.000137s ]
INFO: [ template_filter ] --END-- [ RunTime:0.000251s ]
INFO: Run Behavior\ParseTemplateBehavior [ RunTime:0.032691s ]
INFO: [ view_parse ] --END-- [ RunTime:0.032809s ]
INFO: [ view_filter ] --START--
INFO: Run Behavior\WriteHtmlCacheBehavior [ RunTime:0.000169s ]
INFO: Run Behavior\TokenBuildBehavior [ RunTime:0.000217s ]
INFO: [ view_filter ] --END-- [ RunTime:0.000499s ]
INFO: [ app_end ] --START--
INFO: Run Behavior\ShowPageTraceBehavior [ RunTime:0.000474s ]
INFO: [ app_end ] --END-- [ RunTime:0.000577s ]

[ 2016-05-20T17:12:45+08:00 ] ::1 /smart_community/admin.php/Article/indexPost
INFO: [ app_init ] --START--
INFO: Run Behavior\BuildLiteBehavior [ RunTime:0.000021s ]
INFO: [ app_init ] --END-- [ RunTime:0.000327s ]
INFO: [ app_begin ] --START--
INFO: Run Behavior\ReadHtmlCacheBehavior [ RunTime:0.000317s ]
INFO: [ app_begin ] --END-- [ RunTime:0.000392s ]
NOTIC: [2048] Declaration of Admin\Controller\ArticleController::show() should be compatible with Think\Controller::show($content, $charset = '', $contentType = '', $prefix = '') /wwwroot/Smart_Community/Application/Admin/Controller/ArticleController.class.php 第 5 行.
SQL: SHOW COLUMNS FROM `sc_article_cat` [ RunTime:0.0024s ]
SQL: SELECT `aname` FROM `sc_article_cat` WHERE `acid` = 0  [ RunTime:0.0007s ]
SQL: SHOW COLUMNS FROM `sc_article` [ RunTime:0.0009s ]
SQL: SELECT COUNT(*) AS tp_count FROM `sc_article` WHERE `status` = '-1' LIMIT 1   [ RunTime:0.0005s ]
SQL: SELECT `aid`,`acid`,`atitle`,`keyword`,`source`,`author`,`des`,`valid_time`,`create_time`,`sort` FROM `sc_article` WHERE `status` = '-1'  [ RunTime:0.0009s ]

[ 2016-05-20T17:12:48+08:00 ] ::1 /smart_community/admin.php/Users/index.html
INFO: [ app_init ] --START--
INFO: Run Behavior\BuildLiteBehavior [ RunTime:0.000019s ]
INFO: [ app_init ] --END-- [ RunTime:0.000281s ]
INFO: [ app_begin ] --START--
INFO: Run Behavior\ReadHtmlCacheBehavior [ RunTime:0.000293s ]
INFO: [ app_begin ] --END-- [ RunTime:0.000381s ]
NOTIC: [2048] Declaration of Admin\Controller\UsersController::show() should be compatible with Think\Controller::show($content, $charset = '', $contentType = '', $prefix = '') /wwwroot/Smart_Community/Application/Admin/Controller/UsersController.class.php 第 4 行.
INFO: [ view_parse ] --START--
INFO: [ template_filter ] --START--
INFO: Run Behavior\ContentReplaceBehavior [ RunTime:0.000105s ]
INFO: [ template_filter ] --END-- [ RunTime:0.000192s ]
INFO: Run Behavior\ParseTemplateBehavior [ RunTime:0.022543s ]
INFO: [ view_parse ] --END-- [ RunTime:0.022647s ]
INFO: [ view_filter ] --START--
INFO: Run Behavior\WriteHtmlCacheBehavior [ RunTime:0.000154s ]
INFO: Run Behavior\TokenBuildBehavior [ RunTime:0.000200s ]
INFO: [ view_filter ] --END-- [ RunTime:0.000471s ]
INFO: [ app_end ] --START--
INFO: Run Behavior\ShowPageTraceBehavior [ RunTime:0.000423s ]
INFO: [ app_end ] --END-- [ RunTime:0.000546s ]

[ 2016-05-20T17:12:48+08:00 ] ::1 /smart_community/admin.php/Users/approved_users
INFO: [ app_init ] --START--
INFO: Run Behavior\BuildLiteBehavior [ RunTime:0.000023s ]
INFO: [ app_init ] --END-- [ RunTime:0.000351s ]
INFO: [ app_begin ] --START--
INFO: Run Behavior\ReadHtmlCacheBehavior [ RunTime:0.000351s ]
INFO: [ app_begin ] --END-- [ RunTime:0.000429s ]
NOTIC: [2048] Declaration of Admin\Controller\UsersController::show() should be compatible with Think\Controller::show($content, $charset = '', $contentType = '', $prefix = '') /wwwroot/Smart_Community/Application/Admin/Controller/UsersController.class.php 第 4 行.
SQL: SHOW COLUMNS FROM `sc_users` [ RunTime:0.0007s ]
SQL: SELECT COUNT(*) AS tp_count FROM `sc_users` WHERE ( if_aprvd='1' ) LIMIT 1   [ RunTime:0.0248s ]
SQL: SELECT `id`,`icon_url`,`nick_name`,`true_name`,`gender`,`h_pocn`,`mobile`,`email`,`id_card_num`,`create_time`,`last_log_ip`,`last_log_time` FROM `sc_users` WHERE ( if_aprvd='1' ) LIMIT 0,6   [ RunTime:0.0006s ]

[ 2016-05-20T17:12:49+08:00 ] ::1 /smart_community/admin.php/Users/add.html
INFO: [ app_init ] --START--
INFO: Run Behavior\BuildLiteBehavior [ RunTime:0.000020s ]
INFO: [ app_init ] --END-- [ RunTime:0.000278s ]
INFO: [ app_begin ] --START--
INFO: Run Behavior\ReadHtmlCacheBehavior [ RunTime:0.000299s ]
INFO: [ app_begin ] --END-- [ RunTime:0.000381s ]
NOTIC: [2048] Declaration of Admin\Controller\UsersController::show() should be compatible with Think\Controller::show($content, $charset = '', $contentType = '', $prefix = '') /wwwroot/Smart_Community/Application/Admin/Controller/UsersController.class.php 第 4 行.
INFO: [ view_parse ] --START--
INFO: [ template_filter ] --START--
INFO: Run Behavior\ContentReplaceBehavior [ RunTime:0.000175s ]
INFO: [ template_filter ] --END-- [ RunTime:0.000314s ]
INFO: Run Behavior\ParseTemplateBehavior [ RunTime:0.030549s ]
INFO: [ view_parse ] --END-- [ RunTime:0.030643s ]
INFO: [ view_filter ] --START--
INFO: Run Behavior\WriteHtmlCacheBehavior [ RunTime:0.000145s ]
INFO: Run Behavior\TokenBuildBehavior [ RunTime:0.000215s ]
INFO: [ view_filter ] --END-- [ RunTime:0.000485s ]
INFO: [ app_end ] --START--
INFO: Run Behavior\ShowPageTraceBehavior [ RunTime:0.000395s ]
INFO: [ app_end ] --END-- [ RunTime:0.000503s ]

[ 2016-05-20T18:06:48+08:00 ] ::1 /smart_community/admin.php/Index/index.html
INFO: [ app_init ] --START--
INFO: Run Behavior\BuildLiteBehavior [ RunTime:0.000049s ]
INFO: [ app_init ] --END-- [ RunTime:0.000647s ]
INFO: [ app_begin ] --START--
INFO: Run Behavior\ReadHtmlCacheBehavior [ RunTime:0.001244s ]
INFO: [ app_begin ] --END-- [ RunTime:0.001414s ]
NOTIC: [2048] Declaration of Admin\Controller\IndexController::show() should be compatible with Think\Controller::show($content, $charset = '', $contentType = '', $prefix = '') /wwwroot/Smart_Community/Application/Admin/Controller/IndexController.class.php 第 4 行.
INFO: [ view_parse ] --START--
INFO: [ template_filter ] --START--
INFO: Run Behavior\ContentReplaceBehavior [ RunTime:0.000160s ]
INFO: [ template_filter ] --END-- [ RunTime:0.000268s ]
INFO: Run Behavior\ParseTemplateBehavior [ RunTime:0.047568s ]
INFO: [ view_parse ] --END-- [ RunTime:0.047676s ]
INFO: [ view_filter ] --START--
INFO: Run Behavior\WriteHtmlCacheBehavior [ RunTime:0.000508s ]
INFO: Run Behavior\TokenBuildBehavior [ RunTime:0.000555s ]
INFO: [ view_filter ] --END-- [ RunTime:0.001225s ]
INFO: [ app_end ] --START--
INFO: Run Behavior\ShowPageTraceBehavior [ RunTime:0.000765s ]
INFO: [ app_end ] --END-- [ RunTime:0.000944s ]

